[0.968s] Invoking command in '/home/azmi/eyrc_hb/hb_task1b_ws/src/hb_task_1b': PYTHONPATH=/home/azmi/eyrc_hb/hb_task1b_ws/build/hb_task_1b/prefix_override:/home/azmi/eyrc_hb/hb_task1b_ws/install/hb_task_1b/lib/python3.10/site-packages:${PYTHONPATH} /usr/bin/python3 setup.py egg_info --egg-base ../../build/hb_task_1b build --build-base /home/azmi/eyrc_hb/hb_task1b_ws/build/hb_task_1b/build install --record /home/azmi/eyrc_hb/hb_task1b_ws/build/hb_task_1b/install.log --single-version-externally-managed
[1.250s] running egg_info
[1.251s] writing ../../build/hb_task_1b/hb_task_1b.egg-info/PKG-INFO
[1.251s] writing dependency_links to ../../build/hb_task_1b/hb_task_1b.egg-info/dependency_links.txt
[1.251s] writing entry points to ../../build/hb_task_1b/hb_task_1b.egg-info/entry_points.txt
[1.252s] writing requirements to ../../build/hb_task_1b/hb_task_1b.egg-info/requires.txt
[1.252s] writing top-level names to ../../build/hb_task_1b/hb_task_1b.egg-info/top_level.txt
[1.254s] reading manifest file '../../build/hb_task_1b/hb_task_1b.egg-info/SOURCES.txt'
[1.254s] writing manifest file '../../build/hb_task_1b/hb_task_1b.egg-info/SOURCES.txt'
[1.255s] running build
[1.255s] running build_py
[1.257s] running build_scripts
[1.258s] running install
[1.258s] running install_lib
[1.258s] running install_data
[1.259s] running install_egg_info
[1.259s] removing '/home/azmi/eyrc_hb/hb_task1b_ws/install/hb_task_1b/lib/python3.10/site-packages/hb_task_1b-0.0.0-py3.10.egg-info' (and everything under it)
[1.259s] Copying ../../build/hb_task_1b/hb_task_1b.egg-info to /home/azmi/eyrc_hb/hb_task1b_ws/install/hb_task_1b/lib/python3.10/site-packages/hb_task_1b-0.0.0-py3.10.egg-info
[1.260s] running install_scripts
[1.277s] changing mode of /home/azmi/eyrc_hb/hb_task1b_ws/install/hb_task_1b/lib/hb_task_1b/service_node.py to 775
[1.279s] writing list of installed files to '/home/azmi/eyrc_hb/hb_task1b_ws/build/hb_task_1b/install.log'
[1.304s] Invoked command in '/home/azmi/eyrc_hb/hb_task1b_ws/src/hb_task_1b' returned '0': PYTHONPATH=/home/azmi/eyrc_hb/hb_task1b_ws/build/hb_task_1b/prefix_override:/home/azmi/eyrc_hb/hb_task1b_ws/install/hb_task_1b/lib/python3.10/site-packages:${PYTHONPATH} /usr/bin/python3 setup.py egg_info --egg-base ../../build/hb_task_1b build --build-base /home/azmi/eyrc_hb/hb_task1b_ws/build/hb_task_1b/build install --record /home/azmi/eyrc_hb/hb_task1b_ws/build/hb_task_1b/install.log --single-version-externally-managed
