/home/azmi/eyrc_hb/hb_task_2_ws/install/hb_task2b/lib/python3.10/site-packages/hb_task2b/bot_controller.py
/home/azmi/eyrc_hb/hb_task_2_ws/install/hb_task2b/lib/python3.10/site-packages/hb_task2b/__init__.py
/home/azmi/eyrc_hb/hb_task_2_ws/install/hb_task2b/lib/python3.10/site-packages/hb_task2b/nextGoalPub.py
/home/azmi/eyrc_hb/hb_task_2_ws/install/hb_task2b/lib/python3.10/site-packages/hb_task2b/__pycache__/bot_controller.cpython-310.pyc
/home/azmi/eyrc_hb/hb_task_2_ws/install/hb_task2b/lib/python3.10/site-packages/hb_task2b/__pycache__/__init__.cpython-310.pyc
/home/azmi/eyrc_hb/hb_task_2_ws/install/hb_task2b/lib/python3.10/site-packages/hb_task2b/__pycache__/nextGoalPub.cpython-310.pyc
/home/azmi/eyrc_hb/hb_task_2_ws/install/hb_task2b/share/ament_index/resource_index/packages/hb_task2b
/home/azmi/eyrc_hb/hb_task_2_ws/install/hb_task2b/share/hb_task2b/package.xml
/home/azmi/eyrc_hb/hb_task_2_ws/install/hb_task2b/share/hb_task2b/launch/task2b.launch.py
/home/azmi/eyrc_hb/hb_task_2_ws/install/hb_task2b/share/hb_task2b/launch/submission.launch.py
/home/azmi/eyrc_hb/hb_task_2_ws/install/hb_task2b/share/hb_task2b/launch/controller.launch.py
/home/azmi/eyrc_hb/hb_task_2_ws/install/hb_task2b/share/hb_task2b/scripts
/home/azmi/eyrc_hb/hb_task_2_ws/install/hb_task2b/lib/python3.10/site-packages/hb_task2b-0.0.0-py3.10.egg-info/dependency_links.txt
/home/azmi/eyrc_hb/hb_task_2_ws/install/hb_task2b/lib/python3.10/site-packages/hb_task2b-0.0.0-py3.10.egg-info/entry_points.txt
/home/azmi/eyrc_hb/hb_task_2_ws/install/hb_task2b/lib/python3.10/site-packages/hb_task2b-0.0.0-py3.10.egg-info/zip-safe
/home/azmi/eyrc_hb/hb_task_2_ws/install/hb_task2b/lib/python3.10/site-packages/hb_task2b-0.0.0-py3.10.egg-info/top_level.txt
/home/azmi/eyrc_hb/hb_task_2_ws/install/hb_task2b/lib/python3.10/site-packages/hb_task2b-0.0.0-py3.10.egg-info/SOURCES.txt
/home/azmi/eyrc_hb/hb_task_2_ws/install/hb_task2b/lib/python3.10/site-packages/hb_task2b-0.0.0-py3.10.egg-info/PKG-INFO
/home/azmi/eyrc_hb/hb_task_2_ws/install/hb_task2b/lib/python3.10/site-packages/hb_task2b-0.0.0-py3.10.egg-info/requires.txt
/home/azmi/eyrc_hb/hb_task_2_ws/install/hb_task2b/lib/hb_task2b/controller
/home/azmi/eyrc_hb/hb_task_2_ws/install/hb_task2b/lib/hb_task2b/nextgoalpub
