[1.397s] DEBUG:colcon:Command line arguments: ['/usr/bin/colcon', 'build']
[1.397s] DEBUG:colcon:Parsed command line arguments: Namespace(log_base=None, log_level=None, verb_name='build', build_base='build', install_base='install', merge_install=False, symlink_install=False, test_result_base=None, continue_on_error=False, executor='parallel', parallel_workers=8, event_handlers=None, ignore_user_meta=False, metas=['./colcon.meta'], base_paths=['.'], packages_ignore=None, packages_ignore_regex=None, paths=None, packages_up_to=None, packages_up_to_regex=None, packages_above=None, packages_above_and_dependencies=None, packages_above_depth=None, packages_select_by_dep=None, packages_skip_by_dep=None, packages_skip_up_to=None, packages_select_build_failed=False, packages_skip_build_finished=False, packages_select_test_failures=False, packages_skip_test_passed=False, packages_select=None, packages_skip=None, packages_select_regex=None, packages_skip_regex=None, packages_start=None, packages_end=None, allow_overriding=[], cmake_args=None, cmake_target=None, cmake_target_skip_unavailable=False, cmake_clean_cache=False, cmake_clean_first=False, cmake_force_configure=False, ament_cmake_args=None, catkin_cmake_args=None, catkin_skip_building_tests=False, verb_parser=<colcon_defaults.argument_parser.defaults.DefaultArgumentsDecorator object at 0x7fdf17a19960>, verb_extension=<colcon_core.verb.build.BuildVerb object at 0x7fdf17a1a1a0>, main=<bound method BuildVerb.main of <colcon_core.verb.build.BuildVerb object at 0x7fdf17a1a1a0>>)
[1.472s] Level 1:colcon.colcon_core.package_discovery:discover_packages(colcon_meta) check parameters
[1.472s] Level 1:colcon.colcon_core.package_discovery:discover_packages(recursive) check parameters
[1.472s] Level 1:colcon.colcon_core.package_discovery:discover_packages(ignore) check parameters
[1.472s] Level 1:colcon.colcon_core.package_discovery:discover_packages(path) check parameters
[1.472s] Level 1:colcon.colcon_core.package_discovery:discover_packages(colcon_meta) discover
[1.472s] Level 1:colcon.colcon_core.package_discovery:discover_packages(recursive) discover
[1.472s] INFO:colcon.colcon_core.package_discovery:Crawling recursively for packages in '/home/azmi/eyrc_hb/hb_task_2_ws'
[1.472s] Level 1:colcon.colcon_core.package_identification:_identify(.) by extensions ['ignore', 'ignore_ament_install']
[1.472s] Level 1:colcon.colcon_core.package_identification:_identify(.) by extension 'ignore'
[1.472s] Level 1:colcon.colcon_core.package_identification:_identify(.) by extension 'ignore_ament_install'
[1.472s] Level 1:colcon.colcon_core.package_identification:_identify(.) by extensions ['colcon_pkg']
[1.472s] Level 1:colcon.colcon_core.package_identification:_identify(.) by extension 'colcon_pkg'
[1.472s] Level 1:colcon.colcon_core.package_identification:_identify(.) by extensions ['colcon_meta']
[1.473s] Level 1:colcon.colcon_core.package_identification:_identify(.) by extension 'colcon_meta'
[1.473s] Level 1:colcon.colcon_core.package_identification:_identify(.) by extensions ['ros']
[1.473s] Level 1:colcon.colcon_core.package_identification:_identify(.) by extension 'ros'
[1.488s] Level 1:colcon.colcon_core.package_identification:_identify(.) by extensions ['cmake', 'python']
[1.488s] Level 1:colcon.colcon_core.package_identification:_identify(.) by extension 'cmake'
[1.488s] Level 1:colcon.colcon_core.package_identification:_identify(.) by extension 'python'
[1.488s] Level 1:colcon.colcon_core.package_identification:_identify(.) by extensions ['python_setup_py']
[1.488s] Level 1:colcon.colcon_core.package_identification:_identify(.) by extension 'python_setup_py'
[1.489s] Level 1:colcon.colcon_core.package_identification:_identify(build) by extensions ['ignore', 'ignore_ament_install']
[1.489s] Level 1:colcon.colcon_core.package_identification:_identify(build) by extension 'ignore'
[1.489s] Level 1:colcon.colcon_core.package_identification:_identify(build) ignored
[1.489s] Level 1:colcon.colcon_core.package_identification:_identify(install) by extensions ['ignore', 'ignore_ament_install']
[1.489s] Level 1:colcon.colcon_core.package_identification:_identify(install) by extension 'ignore'
[1.489s] Level 1:colcon.colcon_core.package_identification:_identify(install) ignored
[1.489s] Level 1:colcon.colcon_core.package_identification:_identify(log) by extensions ['ignore', 'ignore_ament_install']
[1.490s] Level 1:colcon.colcon_core.package_identification:_identify(log) by extension 'ignore'
[1.490s] Level 1:colcon.colcon_core.package_identification:_identify(log) ignored
[1.490s] Level 1:colcon.colcon_core.package_identification:_identify(src) by extensions ['ignore', 'ignore_ament_install']
[1.490s] Level 1:colcon.colcon_core.package_identification:_identify(src) by extension 'ignore'
[1.490s] Level 1:colcon.colcon_core.package_identification:_identify(src) by extension 'ignore_ament_install'
[1.490s] Level 1:colcon.colcon_core.package_identification:_identify(src) by extensions ['colcon_pkg']
[1.490s] Level 1:colcon.colcon_core.package_identification:_identify(src) by extension 'colcon_pkg'
[1.490s] Level 1:colcon.colcon_core.package_identification:_identify(src) by extensions ['colcon_meta']
[1.490s] Level 1:colcon.colcon_core.package_identification:_identify(src) by extension 'colcon_meta'
[1.490s] Level 1:colcon.colcon_core.package_identification:_identify(src) by extensions ['ros']
[1.490s] Level 1:colcon.colcon_core.package_identification:_identify(src) by extension 'ros'
[1.490s] Level 1:colcon.colcon_core.package_identification:_identify(src) by extensions ['cmake', 'python']
[1.490s] Level 1:colcon.colcon_core.package_identification:_identify(src) by extension 'cmake'
[1.491s] Level 1:colcon.colcon_core.package_identification:_identify(src) by extension 'python'
[1.491s] Level 1:colcon.colcon_core.package_identification:_identify(src) by extensions ['python_setup_py']
[1.491s] Level 1:colcon.colcon_core.package_identification:_identify(src) by extension 'python_setup_py'
[1.491s] Level 1:colcon.colcon_core.package_identification:_identify(src/eYRC-2023_Hologlyph_Bots) by extensions ['ignore', 'ignore_ament_install']
[1.491s] Level 1:colcon.colcon_core.package_identification:_identify(src/eYRC-2023_Hologlyph_Bots) by extension 'ignore'
[1.491s] Level 1:colcon.colcon_core.package_identification:_identify(src/eYRC-2023_Hologlyph_Bots) by extension 'ignore_ament_install'
[1.491s] Level 1:colcon.colcon_core.package_identification:_identify(src/eYRC-2023_Hologlyph_Bots) by extensions ['colcon_pkg']
[1.491s] Level 1:colcon.colcon_core.package_identification:_identify(src/eYRC-2023_Hologlyph_Bots) by extension 'colcon_pkg'
[1.491s] Level 1:colcon.colcon_core.package_identification:_identify(src/eYRC-2023_Hologlyph_Bots) by extensions ['colcon_meta']
[1.491s] Level 1:colcon.colcon_core.package_identification:_identify(src/eYRC-2023_Hologlyph_Bots) by extension 'colcon_meta'
[1.491s] Level 1:colcon.colcon_core.package_identification:_identify(src/eYRC-2023_Hologlyph_Bots) by extensions ['ros']
[1.491s] Level 1:colcon.colcon_core.package_identification:_identify(src/eYRC-2023_Hologlyph_Bots) by extension 'ros'
[1.491s] Level 1:colcon.colcon_core.package_identification:_identify(src/eYRC-2023_Hologlyph_Bots) by extensions ['cmake', 'python']
[1.492s] Level 1:colcon.colcon_core.package_identification:_identify(src/eYRC-2023_Hologlyph_Bots) by extension 'cmake'
[1.492s] Level 1:colcon.colcon_core.package_identification:_identify(src/eYRC-2023_Hologlyph_Bots) by extension 'python'
[1.492s] Level 1:colcon.colcon_core.package_identification:_identify(src/eYRC-2023_Hologlyph_Bots) by extensions ['python_setup_py']
[1.492s] Level 1:colcon.colcon_core.package_identification:_identify(src/eYRC-2023_Hologlyph_Bots) by extension 'python_setup_py'
[1.492s] Level 1:colcon.colcon_core.package_identification:_identify(src/eYRC-2023_Hologlyph_Bots/hb_bot) by extensions ['ignore', 'ignore_ament_install']
[1.492s] Level 1:colcon.colcon_core.package_identification:_identify(src/eYRC-2023_Hologlyph_Bots/hb_bot) by extension 'ignore'
[1.492s] Level 1:colcon.colcon_core.package_identification:_identify(src/eYRC-2023_Hologlyph_Bots/hb_bot) by extension 'ignore_ament_install'
[1.492s] Level 1:colcon.colcon_core.package_identification:_identify(src/eYRC-2023_Hologlyph_Bots/hb_bot) by extensions ['colcon_pkg']
[1.492s] Level 1:colcon.colcon_core.package_identification:_identify(src/eYRC-2023_Hologlyph_Bots/hb_bot) by extension 'colcon_pkg'
[1.492s] Level 1:colcon.colcon_core.package_identification:_identify(src/eYRC-2023_Hologlyph_Bots/hb_bot) by extensions ['colcon_meta']
[1.492s] Level 1:colcon.colcon_core.package_identification:_identify(src/eYRC-2023_Hologlyph_Bots/hb_bot) by extension 'colcon_meta'
[1.492s] Level 1:colcon.colcon_core.package_identification:_identify(src/eYRC-2023_Hologlyph_Bots/hb_bot) by extensions ['ros']
[1.492s] Level 1:colcon.colcon_core.package_identification:_identify(src/eYRC-2023_Hologlyph_Bots/hb_bot) by extension 'ros'
[1.496s] DEBUG:colcon.colcon_core.package_identification:Package 'src/eYRC-2023_Hologlyph_Bots/hb_bot' with type 'ros.ament_cmake' and name 'hb_bot'
[1.496s] Level 1:colcon.colcon_core.package_identification:_identify(src/eYRC-2023_Hologlyph_Bots/hb_task2a) by extensions ['ignore', 'ignore_ament_install']
[1.496s] Level 1:colcon.colcon_core.package_identification:_identify(src/eYRC-2023_Hologlyph_Bots/hb_task2a) by extension 'ignore'
[1.496s] Level 1:colcon.colcon_core.package_identification:_identify(src/eYRC-2023_Hologlyph_Bots/hb_task2a) by extension 'ignore_ament_install'
[1.496s] Level 1:colcon.colcon_core.package_identification:_identify(src/eYRC-2023_Hologlyph_Bots/hb_task2a) by extensions ['colcon_pkg']
[1.496s] Level 1:colcon.colcon_core.package_identification:_identify(src/eYRC-2023_Hologlyph_Bots/hb_task2a) by extension 'colcon_pkg'
[1.496s] Level 1:colcon.colcon_core.package_identification:_identify(src/eYRC-2023_Hologlyph_Bots/hb_task2a) by extensions ['colcon_meta']
[1.496s] Level 1:colcon.colcon_core.package_identification:_identify(src/eYRC-2023_Hologlyph_Bots/hb_task2a) by extension 'colcon_meta'
[1.497s] Level 1:colcon.colcon_core.package_identification:_identify(src/eYRC-2023_Hologlyph_Bots/hb_task2a) by extensions ['ros']
[1.497s] Level 1:colcon.colcon_core.package_identification:_identify(src/eYRC-2023_Hologlyph_Bots/hb_task2a) by extension 'ros'
[1.497s] DEBUG:colcon.colcon_core.package_identification:Package 'src/eYRC-2023_Hologlyph_Bots/hb_task2a' with type 'ros.ament_python' and name 'hb_task2a'
[1.497s] Level 1:colcon.colcon_core.package_identification:_identify(src/eYRC-2023_Hologlyph_Bots/hb_task2b) by extensions ['ignore', 'ignore_ament_install']
[1.498s] Level 1:colcon.colcon_core.package_identification:_identify(src/eYRC-2023_Hologlyph_Bots/hb_task2b) by extension 'ignore'
[1.498s] Level 1:colcon.colcon_core.package_identification:_identify(src/eYRC-2023_Hologlyph_Bots/hb_task2b) by extension 'ignore_ament_install'
[1.498s] Level 1:colcon.colcon_core.package_identification:_identify(src/eYRC-2023_Hologlyph_Bots/hb_task2b) by extensions ['colcon_pkg']
[1.498s] Level 1:colcon.colcon_core.package_identification:_identify(src/eYRC-2023_Hologlyph_Bots/hb_task2b) by extension 'colcon_pkg'
[1.498s] Level 1:colcon.colcon_core.package_identification:_identify(src/eYRC-2023_Hologlyph_Bots/hb_task2b) by extensions ['colcon_meta']
[1.498s] Level 1:colcon.colcon_core.package_identification:_identify(src/eYRC-2023_Hologlyph_Bots/hb_task2b) by extension 'colcon_meta'
[1.498s] Level 1:colcon.colcon_core.package_identification:_identify(src/eYRC-2023_Hologlyph_Bots/hb_task2b) by extensions ['ros']
[1.498s] Level 1:colcon.colcon_core.package_identification:_identify(src/eYRC-2023_Hologlyph_Bots/hb_task2b) by extension 'ros'
[1.499s] DEBUG:colcon.colcon_core.package_identification:Package 'src/eYRC-2023_Hologlyph_Bots/hb_task2b' with type 'ros.ament_python' and name 'hb_task2b'
[1.499s] Level 1:colcon.colcon_core.package_identification:_identify(src/eYRC-2023_Hologlyph_Bots/hb_world) by extensions ['ignore', 'ignore_ament_install']
[1.499s] Level 1:colcon.colcon_core.package_identification:_identify(src/eYRC-2023_Hologlyph_Bots/hb_world) by extension 'ignore'
[1.499s] Level 1:colcon.colcon_core.package_identification:_identify(src/eYRC-2023_Hologlyph_Bots/hb_world) by extension 'ignore_ament_install'
[1.499s] Level 1:colcon.colcon_core.package_identification:_identify(src/eYRC-2023_Hologlyph_Bots/hb_world) by extensions ['colcon_pkg']
[1.499s] Level 1:colcon.colcon_core.package_identification:_identify(src/eYRC-2023_Hologlyph_Bots/hb_world) by extension 'colcon_pkg'
[1.499s] Level 1:colcon.colcon_core.package_identification:_identify(src/eYRC-2023_Hologlyph_Bots/hb_world) by extensions ['colcon_meta']
[1.499s] Level 1:colcon.colcon_core.package_identification:_identify(src/eYRC-2023_Hologlyph_Bots/hb_world) by extension 'colcon_meta'
[1.500s] Level 1:colcon.colcon_core.package_identification:_identify(src/eYRC-2023_Hologlyph_Bots/hb_world) by extensions ['ros']
[1.500s] Level 1:colcon.colcon_core.package_identification:_identify(src/eYRC-2023_Hologlyph_Bots/hb_world) by extension 'ros'
[1.500s] DEBUG:colcon.colcon_core.package_identification:Package 'src/eYRC-2023_Hologlyph_Bots/hb_world' with type 'ros.ament_cmake' and name 'hb_world'
[1.500s] Level 1:colcon.colcon_core.package_identification:_identify(src/eYRC-2023_Hologlyph_Bots/my_robot_interfaces) by extensions ['ignore', 'ignore_ament_install']
[1.500s] Level 1:colcon.colcon_core.package_identification:_identify(src/eYRC-2023_Hologlyph_Bots/my_robot_interfaces) by extension 'ignore'
[1.501s] Level 1:colcon.colcon_core.package_identification:_identify(src/eYRC-2023_Hologlyph_Bots/my_robot_interfaces) by extension 'ignore_ament_install'
[1.501s] Level 1:colcon.colcon_core.package_identification:_identify(src/eYRC-2023_Hologlyph_Bots/my_robot_interfaces) by extensions ['colcon_pkg']
[1.501s] Level 1:colcon.colcon_core.package_identification:_identify(src/eYRC-2023_Hologlyph_Bots/my_robot_interfaces) by extension 'colcon_pkg'
[1.501s] Level 1:colcon.colcon_core.package_identification:_identify(src/eYRC-2023_Hologlyph_Bots/my_robot_interfaces) by extensions ['colcon_meta']
[1.501s] Level 1:colcon.colcon_core.package_identification:_identify(src/eYRC-2023_Hologlyph_Bots/my_robot_interfaces) by extension 'colcon_meta'
[1.501s] Level 1:colcon.colcon_core.package_identification:_identify(src/eYRC-2023_Hologlyph_Bots/my_robot_interfaces) by extensions ['ros']
[1.501s] Level 1:colcon.colcon_core.package_identification:_identify(src/eYRC-2023_Hologlyph_Bots/my_robot_interfaces) by extension 'ros'
[1.501s] DEBUG:colcon.colcon_core.package_identification:Package 'src/eYRC-2023_Hologlyph_Bots/my_robot_interfaces' with type 'ros.ament_cmake' and name 'my_robot_interfaces'
[1.502s] Level 1:colcon.colcon_core.package_discovery:discover_packages(recursive) using defaults
[1.502s] Level 1:colcon.colcon_core.package_discovery:discover_packages(ignore) discover
[1.502s] Level 1:colcon.colcon_core.package_discovery:discover_packages(ignore) using defaults
[1.502s] Level 1:colcon.colcon_core.package_discovery:discover_packages(path) discover
[1.502s] Level 1:colcon.colcon_core.package_discovery:discover_packages(path) using defaults
[1.608s] Level 1:colcon.colcon_core.package_discovery:discover_packages(prefix_path) check parameters
[1.608s] Level 1:colcon.colcon_core.package_discovery:discover_packages(prefix_path) discover
[1.655s] DEBUG:colcon.colcon_installed_package_information.package_discovery:Found 280 installed packages in /opt/ros/humble
[1.657s] Level 1:colcon.colcon_core.package_discovery:discover_packages(prefix_path) using defaults
[1.753s] Level 5:colcon.colcon_core.verb:set package 'hb_bot' build argument 'cmake_args' from command line to 'None'
[1.753s] Level 5:colcon.colcon_core.verb:set package 'hb_bot' build argument 'cmake_target' from command line to 'None'
[1.753s] Level 5:colcon.colcon_core.verb:set package 'hb_bot' build argument 'cmake_target_skip_unavailable' from command line to 'False'
[1.753s] Level 5:colcon.colcon_core.verb:set package 'hb_bot' build argument 'cmake_clean_cache' from command line to 'False'
[1.753s] Level 5:colcon.colcon_core.verb:set package 'hb_bot' build argument 'cmake_clean_first' from command line to 'False'
[1.753s] Level 5:colcon.colcon_core.verb:set package 'hb_bot' build argument 'cmake_force_configure' from command line to 'False'
[1.753s] Level 5:colcon.colcon_core.verb:set package 'hb_bot' build argument 'ament_cmake_args' from command line to 'None'
[1.754s] Level 5:colcon.colcon_core.verb:set package 'hb_bot' build argument 'catkin_cmake_args' from command line to 'None'
[1.754s] Level 5:colcon.colcon_core.verb:set package 'hb_bot' build argument 'catkin_skip_building_tests' from command line to 'False'
[1.754s] DEBUG:colcon.colcon_core.verb:Building package 'hb_bot' with the following arguments: {'ament_cmake_args': None, 'build_base': '/home/azmi/eyrc_hb/hb_task_2_ws/build/hb_bot', 'catkin_cmake_args': None, 'catkin_skip_building_tests': False, 'cmake_args': None, 'cmake_clean_cache': False, 'cmake_clean_first': False, 'cmake_force_configure': False, 'cmake_target': None, 'cmake_target_skip_unavailable': False, 'install_base': '/home/azmi/eyrc_hb/hb_task_2_ws/install/hb_bot', 'merge_install': False, 'path': '/home/azmi/eyrc_hb/hb_task_2_ws/src/eYRC-2023_Hologlyph_Bots/hb_bot', 'symlink_install': False, 'test_result_base': None}
[1.771s] Level 5:colcon.colcon_core.verb:set package 'hb_task2a' build argument 'cmake_args' from command line to 'None'
[1.771s] Level 5:colcon.colcon_core.verb:set package 'hb_task2a' build argument 'cmake_target' from command line to 'None'
[1.771s] Level 5:colcon.colcon_core.verb:set package 'hb_task2a' build argument 'cmake_target_skip_unavailable' from command line to 'False'
[1.771s] Level 5:colcon.colcon_core.verb:set package 'hb_task2a' build argument 'cmake_clean_cache' from command line to 'False'
[1.771s] Level 5:colcon.colcon_core.verb:set package 'hb_task2a' build argument 'cmake_clean_first' from command line to 'False'
[1.771s] Level 5:colcon.colcon_core.verb:set package 'hb_task2a' build argument 'cmake_force_configure' from command line to 'False'
[1.771s] Level 5:colcon.colcon_core.verb:set package 'hb_task2a' build argument 'ament_cmake_args' from command line to 'None'
[1.771s] Level 5:colcon.colcon_core.verb:set package 'hb_task2a' build argument 'catkin_cmake_args' from command line to 'None'
[1.771s] Level 5:colcon.colcon_core.verb:set package 'hb_task2a' build argument 'catkin_skip_building_tests' from command line to 'False'
[1.771s] DEBUG:colcon.colcon_core.verb:Building package 'hb_task2a' with the following arguments: {'ament_cmake_args': None, 'build_base': '/home/azmi/eyrc_hb/hb_task_2_ws/build/hb_task2a', 'catkin_cmake_args': None, 'catkin_skip_building_tests': False, 'cmake_args': None, 'cmake_clean_cache': False, 'cmake_clean_first': False, 'cmake_force_configure': False, 'cmake_target': None, 'cmake_target_skip_unavailable': False, 'install_base': '/home/azmi/eyrc_hb/hb_task_2_ws/install/hb_task2a', 'merge_install': False, 'path': '/home/azmi/eyrc_hb/hb_task_2_ws/src/eYRC-2023_Hologlyph_Bots/hb_task2a', 'symlink_install': False, 'test_result_base': None}
[1.789s] Level 5:colcon.colcon_core.verb:set package 'hb_task2b' build argument 'cmake_args' from command line to 'None'
[1.789s] Level 5:colcon.colcon_core.verb:set package 'hb_task2b' build argument 'cmake_target' from command line to 'None'
[1.789s] Level 5:colcon.colcon_core.verb:set package 'hb_task2b' build argument 'cmake_target_skip_unavailable' from command line to 'False'
[1.789s] Level 5:colcon.colcon_core.verb:set package 'hb_task2b' build argument 'cmake_clean_cache' from command line to 'False'
[1.789s] Level 5:colcon.colcon_core.verb:set package 'hb_task2b' build argument 'cmake_clean_first' from command line to 'False'
[1.789s] Level 5:colcon.colcon_core.verb:set package 'hb_task2b' build argument 'cmake_force_configure' from command line to 'False'
[1.789s] Level 5:colcon.colcon_core.verb:set package 'hb_task2b' build argument 'ament_cmake_args' from command line to 'None'
[1.789s] Level 5:colcon.colcon_core.verb:set package 'hb_task2b' build argument 'catkin_cmake_args' from command line to 'None'
[1.789s] Level 5:colcon.colcon_core.verb:set package 'hb_task2b' build argument 'catkin_skip_building_tests' from command line to 'False'
[1.789s] DEBUG:colcon.colcon_core.verb:Building package 'hb_task2b' with the following arguments: {'ament_cmake_args': None, 'build_base': '/home/azmi/eyrc_hb/hb_task_2_ws/build/hb_task2b', 'catkin_cmake_args': None, 'catkin_skip_building_tests': False, 'cmake_args': None, 'cmake_clean_cache': False, 'cmake_clean_first': False, 'cmake_force_configure': False, 'cmake_target': None, 'cmake_target_skip_unavailable': False, 'install_base': '/home/azmi/eyrc_hb/hb_task_2_ws/install/hb_task2b', 'merge_install': False, 'path': '/home/azmi/eyrc_hb/hb_task_2_ws/src/eYRC-2023_Hologlyph_Bots/hb_task2b', 'symlink_install': False, 'test_result_base': None}
[1.806s] Level 5:colcon.colcon_core.verb:set package 'hb_world' build argument 'cmake_args' from command line to 'None'
[1.806s] Level 5:colcon.colcon_core.verb:set package 'hb_world' build argument 'cmake_target' from command line to 'None'
[1.806s] Level 5:colcon.colcon_core.verb:set package 'hb_world' build argument 'cmake_target_skip_unavailable' from command line to 'False'
[1.806s] Level 5:colcon.colcon_core.verb:set package 'hb_world' build argument 'cmake_clean_cache' from command line to 'False'
[1.806s] Level 5:colcon.colcon_core.verb:set package 'hb_world' build argument 'cmake_clean_first' from command line to 'False'
[1.806s] Level 5:colcon.colcon_core.verb:set package 'hb_world' build argument 'cmake_force_configure' from command line to 'False'
[1.806s] Level 5:colcon.colcon_core.verb:set package 'hb_world' build argument 'ament_cmake_args' from command line to 'None'
[1.806s] Level 5:colcon.colcon_core.verb:set package 'hb_world' build argument 'catkin_cmake_args' from command line to 'None'
[1.806s] Level 5:colcon.colcon_core.verb:set package 'hb_world' build argument 'catkin_skip_building_tests' from command line to 'False'
[1.806s] DEBUG:colcon.colcon_core.verb:Building package 'hb_world' with the following arguments: {'ament_cmake_args': None, 'build_base': '/home/azmi/eyrc_hb/hb_task_2_ws/build/hb_world', 'catkin_cmake_args': None, 'catkin_skip_building_tests': False, 'cmake_args': None, 'cmake_clean_cache': False, 'cmake_clean_first': False, 'cmake_force_configure': False, 'cmake_target': None, 'cmake_target_skip_unavailable': False, 'install_base': '/home/azmi/eyrc_hb/hb_task_2_ws/install/hb_world', 'merge_install': False, 'path': '/home/azmi/eyrc_hb/hb_task_2_ws/src/eYRC-2023_Hologlyph_Bots/hb_world', 'symlink_install': False, 'test_result_base': None}
[1.823s] Level 5:colcon.colcon_core.verb:set package 'my_robot_interfaces' build argument 'cmake_args' from command line to 'None'
[1.823s] Level 5:colcon.colcon_core.verb:set package 'my_robot_interfaces' build argument 'cmake_target' from command line to 'None'
[1.823s] Level 5:colcon.colcon_core.verb:set package 'my_robot_interfaces' build argument 'cmake_target_skip_unavailable' from command line to 'False'
[1.823s] Level 5:colcon.colcon_core.verb:set package 'my_robot_interfaces' build argument 'cmake_clean_cache' from command line to 'False'
[1.823s] Level 5:colcon.colcon_core.verb:set package 'my_robot_interfaces' build argument 'cmake_clean_first' from command line to 'False'
[1.823s] Level 5:colcon.colcon_core.verb:set package 'my_robot_interfaces' build argument 'cmake_force_configure' from command line to 'False'
[1.823s] Level 5:colcon.colcon_core.verb:set package 'my_robot_interfaces' build argument 'ament_cmake_args' from command line to 'None'
[1.823s] Level 5:colcon.colcon_core.verb:set package 'my_robot_interfaces' build argument 'catkin_cmake_args' from command line to 'None'
[1.823s] Level 5:colcon.colcon_core.verb:set package 'my_robot_interfaces' build argument 'catkin_skip_building_tests' from command line to 'False'
[1.823s] DEBUG:colcon.colcon_core.verb:Building package 'my_robot_interfaces' with the following arguments: {'ament_cmake_args': None, 'build_base': '/home/azmi/eyrc_hb/hb_task_2_ws/build/my_robot_interfaces', 'catkin_cmake_args': None, 'catkin_skip_building_tests': False, 'cmake_args': None, 'cmake_clean_cache': False, 'cmake_clean_first': False, 'cmake_force_configure': False, 'cmake_target': None, 'cmake_target_skip_unavailable': False, 'install_base': '/home/azmi/eyrc_hb/hb_task_2_ws/install/my_robot_interfaces', 'merge_install': False, 'path': '/home/azmi/eyrc_hb/hb_task_2_ws/src/eYRC-2023_Hologlyph_Bots/my_robot_interfaces', 'symlink_install': False, 'test_result_base': None}
[1.840s] INFO:colcon.colcon_core.executor:Executing jobs using 'parallel' executor
[1.857s] DEBUG:colcon.colcon_parallel_executor.executor.parallel:run_until_complete
[1.857s] INFO:colcon.colcon_ros.task.ament_cmake.build:Building ROS package in '/home/azmi/eyrc_hb/hb_task_2_ws/src/eYRC-2023_Hologlyph_Bots/hb_bot' with build type 'ament_cmake'
[1.857s] INFO:colcon.colcon_cmake.task.cmake.build:Building CMake package in '/home/azmi/eyrc_hb/hb_task_2_ws/src/eYRC-2023_Hologlyph_Bots/hb_bot'
[1.881s] INFO:colcon.colcon_core.plugin_system:Skipping extension 'colcon_core.shell.bat': Not used on non-Windows systems
[1.881s] INFO:colcon.colcon_core.shell:Skip shell extension 'powershell' for command environment: Not usable outside of PowerShell
[1.881s] DEBUG:colcon.colcon_core.shell:Skip shell extension 'dsv' for command environment
[1.919s] INFO:colcon.colcon_ros.task.ament_python.build:Building ROS package in '/home/azmi/eyrc_hb/hb_task_2_ws/src/eYRC-2023_Hologlyph_Bots/hb_task2a' with build type 'ament_python'
[1.919s] Level 1:colcon.colcon_core.shell:create_environment_hook('hb_task2a', 'ament_prefix_path')
[1.938s] INFO:colcon.colcon_core.shell:Creating environment hook '/home/azmi/eyrc_hb/hb_task_2_ws/install/hb_task2a/share/hb_task2a/hook/ament_prefix_path.ps1'
[1.939s] INFO:colcon.colcon_core.shell:Creating environment descriptor '/home/azmi/eyrc_hb/hb_task_2_ws/install/hb_task2a/share/hb_task2a/hook/ament_prefix_path.dsv'
[1.939s] INFO:colcon.colcon_core.shell:Creating environment hook '/home/azmi/eyrc_hb/hb_task_2_ws/install/hb_task2a/share/hb_task2a/hook/ament_prefix_path.sh'
[1.960s] INFO:colcon.colcon_core.shell:Skip shell extension 'powershell' for command environment: Not usable outside of PowerShell
[1.960s] DEBUG:colcon.colcon_core.shell:Skip shell extension 'dsv' for command environment
[1.997s] INFO:colcon.colcon_ros.task.ament_python.build:Building ROS package in '/home/azmi/eyrc_hb/hb_task_2_ws/src/eYRC-2023_Hologlyph_Bots/hb_task2b' with build type 'ament_python'
[1.998s] Level 1:colcon.colcon_core.shell:create_environment_hook('hb_task2b', 'ament_prefix_path')
[2.016s] INFO:colcon.colcon_core.shell:Creating environment hook '/home/azmi/eyrc_hb/hb_task_2_ws/install/hb_task2b/share/hb_task2b/hook/ament_prefix_path.ps1'
[2.016s] INFO:colcon.colcon_core.shell:Creating environment descriptor '/home/azmi/eyrc_hb/hb_task_2_ws/install/hb_task2b/share/hb_task2b/hook/ament_prefix_path.dsv'
[2.017s] INFO:colcon.colcon_core.shell:Creating environment hook '/home/azmi/eyrc_hb/hb_task_2_ws/install/hb_task2b/share/hb_task2b/hook/ament_prefix_path.sh'
[2.035s] INFO:colcon.colcon_core.shell:Skip shell extension 'powershell' for command environment: Not usable outside of PowerShell
[2.036s] DEBUG:colcon.colcon_core.shell:Skip shell extension 'dsv' for command environment
[2.072s] INFO:colcon.colcon_ros.task.ament_cmake.build:Building ROS package in '/home/azmi/eyrc_hb/hb_task_2_ws/src/eYRC-2023_Hologlyph_Bots/hb_world' with build type 'ament_cmake'
[2.072s] INFO:colcon.colcon_cmake.task.cmake.build:Building CMake package in '/home/azmi/eyrc_hb/hb_task_2_ws/src/eYRC-2023_Hologlyph_Bots/hb_world'
[2.092s] INFO:colcon.colcon_core.shell:Skip shell extension 'powershell' for command environment: Not usable outside of PowerShell
[2.092s] DEBUG:colcon.colcon_core.shell:Skip shell extension 'dsv' for command environment
[2.130s] INFO:colcon.colcon_ros.task.ament_cmake.build:Building ROS package in '/home/azmi/eyrc_hb/hb_task_2_ws/src/eYRC-2023_Hologlyph_Bots/my_robot_interfaces' with build type 'ament_cmake'
[2.131s] INFO:colcon.colcon_cmake.task.cmake.build:Building CMake package in '/home/azmi/eyrc_hb/hb_task_2_ws/src/eYRC-2023_Hologlyph_Bots/my_robot_interfaces'
[2.149s] INFO:colcon.colcon_core.shell:Skip shell extension 'powershell' for command environment: Not usable outside of PowerShell
[2.149s] DEBUG:colcon.colcon_core.shell:Skip shell extension 'dsv' for command environment
[2.194s] DEBUG:colcon.colcon_core.event_handler.log_command:Invoking command in '/home/azmi/eyrc_hb/hb_task_2_ws/build/hb_bot': CMAKE_PREFIX_PATH=/opt/ros/humble /usr/bin/cmake --build /home/azmi/eyrc_hb/hb_task_2_ws/build/hb_bot -- -j8 -l8
[2.500s] INFO:colcon.colcon_core.task.python.build:Building Python package in '/home/azmi/eyrc_hb/hb_task_2_ws/src/eYRC-2023_Hologlyph_Bots/hb_task2a'
[2.521s] INFO:colcon.colcon_core.shell:Skip shell extension 'powershell' for command environment: Not usable outside of PowerShell
[2.521s] DEBUG:colcon.colcon_core.shell:Skip shell extension 'dsv' for command environment
[2.826s] INFO:colcon.colcon_core.task.python.build:Building Python package in '/home/azmi/eyrc_hb/hb_task_2_ws/src/eYRC-2023_Hologlyph_Bots/hb_task2b'
[2.845s] INFO:colcon.colcon_core.shell:Skip shell extension 'powershell' for command environment: Not usable outside of PowerShell
[2.845s] DEBUG:colcon.colcon_core.shell:Skip shell extension 'dsv' for command environment
[2.887s] DEBUG:colcon.colcon_core.event_handler.log_command:Invoking command in '/home/azmi/eyrc_hb/hb_task_2_ws/build/hb_world': CMAKE_PREFIX_PATH=/opt/ros/humble /usr/bin/cmake --build /home/azmi/eyrc_hb/hb_task_2_ws/build/hb_world -- -j8 -l8
[2.894s] DEBUG:colcon.colcon_core.event_handler.log_command:Invoking command in '/home/azmi/eyrc_hb/hb_task_2_ws/build/my_robot_interfaces': CMAKE_PREFIX_PATH=/opt/ros/humble /usr/bin/cmake --build /home/azmi/eyrc_hb/hb_task_2_ws/build/my_robot_interfaces -- -j8 -l8
[2.895s] DEBUG:colcon.colcon_core.event_handler.log_command:Invoked command in '/home/azmi/eyrc_hb/hb_task_2_ws/build/hb_bot' returned '0': CMAKE_PREFIX_PATH=/opt/ros/humble /usr/bin/cmake --build /home/azmi/eyrc_hb/hb_task_2_ws/build/hb_bot -- -j8 -l8
[2.932s] DEBUG:colcon.colcon_core.event_handler.log_command:Invoking command in '/home/azmi/eyrc_hb/hb_task_2_ws/build/hb_bot': CMAKE_PREFIX_PATH=/opt/ros/humble /usr/bin/cmake --install /home/azmi/eyrc_hb/hb_task_2_ws/build/hb_bot
[2.934s] DEBUG:colcon.colcon_core.event_handler.log_command:Invoked command in '/home/azmi/eyrc_hb/hb_task_2_ws/build/hb_world' returned '0': CMAKE_PREFIX_PATH=/opt/ros/humble /usr/bin/cmake --build /home/azmi/eyrc_hb/hb_task_2_ws/build/hb_world -- -j8 -l8
[2.953s] Level 1:colcon.colcon_core.environment:create_environment_scripts_only(hb_bot)
[2.962s] DEBUG:colcon.colcon_core.event_handler.log_command:Invoked command in '/home/azmi/eyrc_hb/hb_task_2_ws/build/hb_bot' returned '0': CMAKE_PREFIX_PATH=/opt/ros/humble /usr/bin/cmake --install /home/azmi/eyrc_hb/hb_task_2_ws/build/hb_bot
[3.009s] Level 1:colcon.colcon_core.environment:checking '/home/azmi/eyrc_hb/hb_task_2_ws/install/hb_bot' for CMake module files
[3.010s] Level 1:colcon.colcon_core.environment:checking '/home/azmi/eyrc_hb/hb_task_2_ws/install/hb_bot' for CMake config files
[3.010s] Level 1:colcon.colcon_core.shell:create_environment_hook('hb_bot', 'cmake_prefix_path')
[3.055s] INFO:colcon.colcon_core.shell:Creating environment hook '/home/azmi/eyrc_hb/hb_task_2_ws/install/hb_bot/share/hb_bot/hook/cmake_prefix_path.ps1'
[3.056s] INFO:colcon.colcon_core.shell:Creating environment descriptor '/home/azmi/eyrc_hb/hb_task_2_ws/install/hb_bot/share/hb_bot/hook/cmake_prefix_path.dsv'
[3.057s] INFO:colcon.colcon_core.shell:Creating environment hook '/home/azmi/eyrc_hb/hb_task_2_ws/install/hb_bot/share/hb_bot/hook/cmake_prefix_path.sh'
[3.057s] Level 1:colcon.colcon_core.environment:checking '/home/azmi/eyrc_hb/hb_task_2_ws/install/hb_bot/bin'
[3.058s] Level 1:colcon.colcon_core.environment:checking '/home/azmi/eyrc_hb/hb_task_2_ws/install/hb_bot/lib/pkgconfig/hb_bot.pc'
[3.058s] Level 1:colcon.colcon_core.environment:checking '/home/azmi/eyrc_hb/hb_task_2_ws/install/hb_bot/lib/python3.10/site-packages'
[3.058s] Level 1:colcon.colcon_core.environment:checking '/home/azmi/eyrc_hb/hb_task_2_ws/install/hb_bot/bin'
[3.092s] INFO:colcon.colcon_core.shell:Creating package script '/home/azmi/eyrc_hb/hb_task_2_ws/install/hb_bot/share/hb_bot/package.ps1'
[3.095s] INFO:colcon.colcon_core.shell:Creating package descriptor '/home/azmi/eyrc_hb/hb_task_2_ws/install/hb_bot/share/hb_bot/package.dsv'
[3.097s] INFO:colcon.colcon_core.shell:Creating package script '/home/azmi/eyrc_hb/hb_task_2_ws/install/hb_bot/share/hb_bot/package.sh'
[3.098s] INFO:colcon.colcon_core.shell:Creating package script '/home/azmi/eyrc_hb/hb_task_2_ws/install/hb_bot/share/hb_bot/package.bash'
[3.100s] INFO:colcon.colcon_core.shell:Creating package script '/home/azmi/eyrc_hb/hb_task_2_ws/install/hb_bot/share/hb_bot/package.zsh'
[3.102s] Level 1:colcon.colcon_core.environment:create_file_with_runtime_dependencies(/home/azmi/eyrc_hb/hb_task_2_ws/install/hb_bot/share/colcon-core/packages/hb_bot)
[3.106s] DEBUG:colcon.colcon_core.event_handler.log_command:Invoking command in '/home/azmi/eyrc_hb/hb_task_2_ws/build/hb_world': CMAKE_PREFIX_PATH=/opt/ros/humble /usr/bin/cmake --install /home/azmi/eyrc_hb/hb_task_2_ws/build/hb_world
[3.132s] Level 1:colcon.colcon_core.environment:create_environment_scripts_only(hb_world)
[3.144s] DEBUG:colcon.colcon_core.event_handler.log_command:Invoked command in '/home/azmi/eyrc_hb/hb_task_2_ws/build/hb_world' returned '0': CMAKE_PREFIX_PATH=/opt/ros/humble /usr/bin/cmake --install /home/azmi/eyrc_hb/hb_task_2_ws/build/hb_world
[3.164s] Level 1:colcon.colcon_core.environment:checking '/home/azmi/eyrc_hb/hb_task_2_ws/install/hb_world' for CMake module files
[3.165s] Level 1:colcon.colcon_core.environment:checking '/home/azmi/eyrc_hb/hb_task_2_ws/install/hb_world' for CMake config files
[3.165s] Level 1:colcon.colcon_core.shell:create_environment_hook('hb_world', 'cmake_prefix_path')
[3.203s] INFO:colcon.colcon_core.shell:Creating environment hook '/home/azmi/eyrc_hb/hb_task_2_ws/install/hb_world/share/hb_world/hook/cmake_prefix_path.ps1'
[3.204s] INFO:colcon.colcon_core.shell:Creating environment descriptor '/home/azmi/eyrc_hb/hb_task_2_ws/install/hb_world/share/hb_world/hook/cmake_prefix_path.dsv'
[3.204s] INFO:colcon.colcon_core.shell:Creating environment hook '/home/azmi/eyrc_hb/hb_task_2_ws/install/hb_world/share/hb_world/hook/cmake_prefix_path.sh'
[3.205s] Level 1:colcon.colcon_core.environment:checking '/home/azmi/eyrc_hb/hb_task_2_ws/install/hb_world/bin'
[3.205s] Level 1:colcon.colcon_core.environment:checking '/home/azmi/eyrc_hb/hb_task_2_ws/install/hb_world/lib/pkgconfig/hb_world.pc'
[3.206s] Level 1:colcon.colcon_core.environment:checking '/home/azmi/eyrc_hb/hb_task_2_ws/install/hb_world/lib/python3.10/site-packages'
[3.206s] Level 1:colcon.colcon_core.environment:checking '/home/azmi/eyrc_hb/hb_task_2_ws/install/hb_world/bin'
[3.233s] INFO:colcon.colcon_core.shell:Creating package script '/home/azmi/eyrc_hb/hb_task_2_ws/install/hb_world/share/hb_world/package.ps1'
[3.233s] INFO:colcon.colcon_core.shell:Creating package descriptor '/home/azmi/eyrc_hb/hb_task_2_ws/install/hb_world/share/hb_world/package.dsv'
[3.234s] INFO:colcon.colcon_core.shell:Creating package script '/home/azmi/eyrc_hb/hb_task_2_ws/install/hb_world/share/hb_world/package.sh'
[3.234s] INFO:colcon.colcon_core.shell:Creating package script '/home/azmi/eyrc_hb/hb_task_2_ws/install/hb_world/share/hb_world/package.bash'
[3.235s] INFO:colcon.colcon_core.shell:Creating package script '/home/azmi/eyrc_hb/hb_task_2_ws/install/hb_world/share/hb_world/package.zsh'
[3.235s] Level 1:colcon.colcon_core.environment:create_file_with_runtime_dependencies(/home/azmi/eyrc_hb/hb_task_2_ws/install/hb_world/share/colcon-core/packages/hb_world)
[3.269s] Level 1:colcon.colcon_core.environment:create_environment_scripts_only(hb_bot)
[3.293s] Level 1:colcon.colcon_core.environment:checking '/home/azmi/eyrc_hb/hb_task_2_ws/install/hb_bot' for CMake module files
[3.294s] Level 1:colcon.colcon_core.environment:checking '/home/azmi/eyrc_hb/hb_task_2_ws/install/hb_bot' for CMake config files
[3.294s] Level 1:colcon.colcon_core.shell:create_environment_hook('hb_bot', 'cmake_prefix_path')
[3.317s] INFO:colcon.colcon_core.shell:Creating environment hook '/home/azmi/eyrc_hb/hb_task_2_ws/install/hb_bot/share/hb_bot/hook/cmake_prefix_path.ps1'
[3.317s] INFO:colcon.colcon_core.shell:Creating environment descriptor '/home/azmi/eyrc_hb/hb_task_2_ws/install/hb_bot/share/hb_bot/hook/cmake_prefix_path.dsv'
[3.318s] INFO:colcon.colcon_core.shell:Creating environment hook '/home/azmi/eyrc_hb/hb_task_2_ws/install/hb_bot/share/hb_bot/hook/cmake_prefix_path.sh'
[3.318s] Level 1:colcon.colcon_core.environment:checking '/home/azmi/eyrc_hb/hb_task_2_ws/install/hb_bot/bin'
[3.318s] Level 1:colcon.colcon_core.environment:checking '/home/azmi/eyrc_hb/hb_task_2_ws/install/hb_bot/lib/pkgconfig/hb_bot.pc'
[3.319s] Level 1:colcon.colcon_core.environment:checking '/home/azmi/eyrc_hb/hb_task_2_ws/install/hb_bot/lib/python3.10/site-packages'
[3.319s] Level 1:colcon.colcon_core.environment:checking '/home/azmi/eyrc_hb/hb_task_2_ws/install/hb_bot/bin'
[3.341s] INFO:colcon.colcon_core.shell:Creating package script '/home/azmi/eyrc_hb/hb_task_2_ws/install/hb_bot/share/hb_bot/package.ps1'
[3.342s] INFO:colcon.colcon_core.shell:Creating package descriptor '/home/azmi/eyrc_hb/hb_task_2_ws/install/hb_bot/share/hb_bot/package.dsv'
[3.342s] INFO:colcon.colcon_core.shell:Creating package script '/home/azmi/eyrc_hb/hb_task_2_ws/install/hb_bot/share/hb_bot/package.sh'
[3.343s] INFO:colcon.colcon_core.shell:Creating package script '/home/azmi/eyrc_hb/hb_task_2_ws/install/hb_bot/share/hb_bot/package.bash'
[3.343s] INFO:colcon.colcon_core.shell:Creating package script '/home/azmi/eyrc_hb/hb_task_2_ws/install/hb_bot/share/hb_bot/package.zsh'
[3.344s] Level 1:colcon.colcon_core.environment:create_file_with_runtime_dependencies(/home/azmi/eyrc_hb/hb_task_2_ws/install/hb_bot/share/colcon-core/packages/hb_bot)
[3.369s] Level 1:colcon.colcon_core.environment:create_environment_scripts_only(hb_world)
[3.398s] Level 1:colcon.colcon_core.environment:checking '/home/azmi/eyrc_hb/hb_task_2_ws/install/hb_world' for CMake module files
[3.399s] Level 1:colcon.colcon_core.environment:checking '/home/azmi/eyrc_hb/hb_task_2_ws/install/hb_world' for CMake config files
[3.399s] Level 1:colcon.colcon_core.shell:create_environment_hook('hb_world', 'cmake_prefix_path')
[3.427s] INFO:colcon.colcon_core.shell:Creating environment hook '/home/azmi/eyrc_hb/hb_task_2_ws/install/hb_world/share/hb_world/hook/cmake_prefix_path.ps1'
[3.428s] INFO:colcon.colcon_core.shell:Creating environment descriptor '/home/azmi/eyrc_hb/hb_task_2_ws/install/hb_world/share/hb_world/hook/cmake_prefix_path.dsv'
[3.428s] INFO:colcon.colcon_core.shell:Creating environment hook '/home/azmi/eyrc_hb/hb_task_2_ws/install/hb_world/share/hb_world/hook/cmake_prefix_path.sh'
[3.429s] Level 1:colcon.colcon_core.environment:checking '/home/azmi/eyrc_hb/hb_task_2_ws/install/hb_world/bin'
[3.429s] Level 1:colcon.colcon_core.environment:checking '/home/azmi/eyrc_hb/hb_task_2_ws/install/hb_world/lib/pkgconfig/hb_world.pc'
[3.429s] Level 1:colcon.colcon_core.environment:checking '/home/azmi/eyrc_hb/hb_task_2_ws/install/hb_world/lib/python3.10/site-packages'
[3.429s] Level 1:colcon.colcon_core.environment:checking '/home/azmi/eyrc_hb/hb_task_2_ws/install/hb_world/bin'
[3.453s] INFO:colcon.colcon_core.shell:Creating package script '/home/azmi/eyrc_hb/hb_task_2_ws/install/hb_world/share/hb_world/package.ps1'
[3.454s] INFO:colcon.colcon_core.shell:Creating package descriptor '/home/azmi/eyrc_hb/hb_task_2_ws/install/hb_world/share/hb_world/package.dsv'
[3.454s] INFO:colcon.colcon_core.shell:Creating package script '/home/azmi/eyrc_hb/hb_task_2_ws/install/hb_world/share/hb_world/package.sh'
[3.455s] INFO:colcon.colcon_core.shell:Creating package script '/home/azmi/eyrc_hb/hb_task_2_ws/install/hb_world/share/hb_world/package.bash'
[3.455s] INFO:colcon.colcon_core.shell:Creating package script '/home/azmi/eyrc_hb/hb_task_2_ws/install/hb_world/share/hb_world/package.zsh'
[3.456s] Level 1:colcon.colcon_core.environment:create_file_with_runtime_dependencies(/home/azmi/eyrc_hb/hb_task_2_ws/install/hb_world/share/colcon-core/packages/hb_world)
[3.642s] DEBUG:colcon.colcon_core.event_handler.log_command:Invoked command in '/home/azmi/eyrc_hb/hb_task_2_ws/build/my_robot_interfaces' returned '0': CMAKE_PREFIX_PATH=/opt/ros/humble /usr/bin/cmake --build /home/azmi/eyrc_hb/hb_task_2_ws/build/my_robot_interfaces -- -j8 -l8
[3.805s] DEBUG:colcon.colcon_core.event_handler.log_command:Invoking command in '/home/azmi/eyrc_hb/hb_task_2_ws/src/eYRC-2023_Hologlyph_Bots/hb_task2a': PYTHONPATH=/home/azmi/eyrc_hb/hb_task_2_ws/build/hb_task2a/prefix_override:/home/azmi/eyrc_hb/hb_task_2_ws/install/hb_task2a/lib/python3.10/site-packages:${PYTHONPATH} /usr/bin/python3 setup.py egg_info --egg-base ../../../build/hb_task2a build --build-base /home/azmi/eyrc_hb/hb_task_2_ws/build/hb_task2a/build install --record /home/azmi/eyrc_hb/hb_task_2_ws/build/hb_task2a/install.log --single-version-externally-managed
[3.809s] DEBUG:colcon.colcon_core.event_handler.log_command:Invoking command in '/home/azmi/eyrc_hb/hb_task_2_ws/src/eYRC-2023_Hologlyph_Bots/hb_task2b': PYTHONPATH=/home/azmi/eyrc_hb/hb_task_2_ws/build/hb_task2b/prefix_override:/home/azmi/eyrc_hb/hb_task_2_ws/install/hb_task2b/lib/python3.10/site-packages:${PYTHONPATH} /usr/bin/python3 setup.py egg_info --egg-base ../../../build/hb_task2b build --build-base /home/azmi/eyrc_hb/hb_task_2_ws/build/hb_task2b/build install --record /home/azmi/eyrc_hb/hb_task_2_ws/build/hb_task2b/install.log --single-version-externally-managed
[3.832s] DEBUG:colcon.colcon_core.event_handler.log_command:Invoking command in '/home/azmi/eyrc_hb/hb_task_2_ws/build/my_robot_interfaces': CMAKE_PREFIX_PATH=/opt/ros/humble /usr/bin/cmake --install /home/azmi/eyrc_hb/hb_task_2_ws/build/my_robot_interfaces
[3.946s] Level 1:colcon.colcon_core.environment:create_environment_scripts_only(my_robot_interfaces)
[3.948s] DEBUG:colcon.colcon_core.event_handler.log_command:Invoked command in '/home/azmi/eyrc_hb/hb_task_2_ws/build/my_robot_interfaces' returned '0': CMAKE_PREFIX_PATH=/opt/ros/humble /usr/bin/cmake --install /home/azmi/eyrc_hb/hb_task_2_ws/build/my_robot_interfaces
[4.001s] Level 1:colcon.colcon_core.environment:checking '/home/azmi/eyrc_hb/hb_task_2_ws/install/my_robot_interfaces' for CMake module files
[4.002s] Level 1:colcon.colcon_core.environment:checking '/home/azmi/eyrc_hb/hb_task_2_ws/install/my_robot_interfaces' for CMake config files
[4.003s] Level 1:colcon.colcon_core.shell:create_environment_hook('my_robot_interfaces', 'cmake_prefix_path')
[4.029s] INFO:colcon.colcon_core.shell:Creating environment hook '/home/azmi/eyrc_hb/hb_task_2_ws/install/my_robot_interfaces/share/my_robot_interfaces/hook/cmake_prefix_path.ps1'
[4.029s] INFO:colcon.colcon_core.shell:Creating environment descriptor '/home/azmi/eyrc_hb/hb_task_2_ws/install/my_robot_interfaces/share/my_robot_interfaces/hook/cmake_prefix_path.dsv'
[4.030s] INFO:colcon.colcon_core.shell:Creating environment hook '/home/azmi/eyrc_hb/hb_task_2_ws/install/my_robot_interfaces/share/my_robot_interfaces/hook/cmake_prefix_path.sh'
[4.030s] Level 1:colcon.colcon_core.environment:checking '/home/azmi/eyrc_hb/hb_task_2_ws/install/my_robot_interfaces/lib'
[4.031s] Level 1:colcon.colcon_core.shell:create_environment_hook('my_robot_interfaces', 'ld_library_path_lib')
[4.052s] INFO:colcon.colcon_core.shell:Creating environment hook '/home/azmi/eyrc_hb/hb_task_2_ws/install/my_robot_interfaces/share/my_robot_interfaces/hook/ld_library_path_lib.ps1'
[4.053s] INFO:colcon.colcon_core.shell:Creating environment descriptor '/home/azmi/eyrc_hb/hb_task_2_ws/install/my_robot_interfaces/share/my_robot_interfaces/hook/ld_library_path_lib.dsv'
[4.053s] INFO:colcon.colcon_core.shell:Creating environment hook '/home/azmi/eyrc_hb/hb_task_2_ws/install/my_robot_interfaces/share/my_robot_interfaces/hook/ld_library_path_lib.sh'
[4.054s] Level 1:colcon.colcon_core.environment:checking '/home/azmi/eyrc_hb/hb_task_2_ws/install/my_robot_interfaces/bin'
[4.054s] Level 1:colcon.colcon_core.environment:checking '/home/azmi/eyrc_hb/hb_task_2_ws/install/my_robot_interfaces/lib/pkgconfig/my_robot_interfaces.pc'
[4.054s] Level 1:colcon.colcon_core.environment:checking '/home/azmi/eyrc_hb/hb_task_2_ws/install/my_robot_interfaces/lib/python3.10/site-packages'
[4.055s] Level 1:colcon.colcon_core.environment:checking '/home/azmi/eyrc_hb/hb_task_2_ws/install/my_robot_interfaces/bin'
[4.088s] INFO:colcon.colcon_core.shell:Creating package script '/home/azmi/eyrc_hb/hb_task_2_ws/install/my_robot_interfaces/share/my_robot_interfaces/package.ps1'
[4.089s] INFO:colcon.colcon_core.shell:Creating package descriptor '/home/azmi/eyrc_hb/hb_task_2_ws/install/my_robot_interfaces/share/my_robot_interfaces/package.dsv'
[4.089s] INFO:colcon.colcon_core.shell:Creating package script '/home/azmi/eyrc_hb/hb_task_2_ws/install/my_robot_interfaces/share/my_robot_interfaces/package.sh'
[4.090s] INFO:colcon.colcon_core.shell:Creating package script '/home/azmi/eyrc_hb/hb_task_2_ws/install/my_robot_interfaces/share/my_robot_interfaces/package.bash'
[4.090s] INFO:colcon.colcon_core.shell:Creating package script '/home/azmi/eyrc_hb/hb_task_2_ws/install/my_robot_interfaces/share/my_robot_interfaces/package.zsh'
[4.090s] Level 1:colcon.colcon_core.environment:create_file_with_runtime_dependencies(/home/azmi/eyrc_hb/hb_task_2_ws/install/my_robot_interfaces/share/colcon-core/packages/my_robot_interfaces)
[4.258s] Level 1:colcon.colcon_core.environment:create_environment_scripts_only(my_robot_interfaces)
[4.284s] Level 1:colcon.colcon_core.environment:checking '/home/azmi/eyrc_hb/hb_task_2_ws/install/my_robot_interfaces' for CMake module files
[4.285s] Level 1:colcon.colcon_core.environment:checking '/home/azmi/eyrc_hb/hb_task_2_ws/install/my_robot_interfaces' for CMake config files
[4.285s] Level 1:colcon.colcon_core.shell:create_environment_hook('my_robot_interfaces', 'cmake_prefix_path')
[4.319s] INFO:colcon.colcon_core.shell:Creating environment hook '/home/azmi/eyrc_hb/hb_task_2_ws/install/my_robot_interfaces/share/my_robot_interfaces/hook/cmake_prefix_path.ps1'
[4.321s] INFO:colcon.colcon_core.shell:Creating environment descriptor '/home/azmi/eyrc_hb/hb_task_2_ws/install/my_robot_interfaces/share/my_robot_interfaces/hook/cmake_prefix_path.dsv'
[4.321s] INFO:colcon.colcon_core.shell:Creating environment hook '/home/azmi/eyrc_hb/hb_task_2_ws/install/my_robot_interfaces/share/my_robot_interfaces/hook/cmake_prefix_path.sh'
[4.322s] Level 1:colcon.colcon_core.environment:checking '/home/azmi/eyrc_hb/hb_task_2_ws/install/my_robot_interfaces/lib'
[4.322s] Level 1:colcon.colcon_core.shell:create_environment_hook('my_robot_interfaces', 'ld_library_path_lib')
[4.373s] INFO:colcon.colcon_core.shell:Creating environment hook '/home/azmi/eyrc_hb/hb_task_2_ws/install/my_robot_interfaces/share/my_robot_interfaces/hook/ld_library_path_lib.ps1'
[4.375s] INFO:colcon.colcon_core.shell:Creating environment descriptor '/home/azmi/eyrc_hb/hb_task_2_ws/install/my_robot_interfaces/share/my_robot_interfaces/hook/ld_library_path_lib.dsv'
[4.376s] INFO:colcon.colcon_core.shell:Creating environment hook '/home/azmi/eyrc_hb/hb_task_2_ws/install/my_robot_interfaces/share/my_robot_interfaces/hook/ld_library_path_lib.sh'
[4.377s] Level 1:colcon.colcon_core.environment:checking '/home/azmi/eyrc_hb/hb_task_2_ws/install/my_robot_interfaces/bin'
[4.378s] Level 1:colcon.colcon_core.environment:checking '/home/azmi/eyrc_hb/hb_task_2_ws/install/my_robot_interfaces/lib/pkgconfig/my_robot_interfaces.pc'
[4.378s] Level 1:colcon.colcon_core.environment:checking '/home/azmi/eyrc_hb/hb_task_2_ws/install/my_robot_interfaces/lib/python3.10/site-packages'
[4.379s] Level 1:colcon.colcon_core.environment:checking '/home/azmi/eyrc_hb/hb_task_2_ws/install/my_robot_interfaces/bin'
[4.436s] INFO:colcon.colcon_core.shell:Creating package script '/home/azmi/eyrc_hb/hb_task_2_ws/install/my_robot_interfaces/share/my_robot_interfaces/package.ps1'
[4.437s] INFO:colcon.colcon_core.shell:Creating package descriptor '/home/azmi/eyrc_hb/hb_task_2_ws/install/my_robot_interfaces/share/my_robot_interfaces/package.dsv'
[4.438s] INFO:colcon.colcon_core.shell:Creating package script '/home/azmi/eyrc_hb/hb_task_2_ws/install/my_robot_interfaces/share/my_robot_interfaces/package.sh'
[4.438s] INFO:colcon.colcon_core.shell:Creating package script '/home/azmi/eyrc_hb/hb_task_2_ws/install/my_robot_interfaces/share/my_robot_interfaces/package.bash'
[4.439s] INFO:colcon.colcon_core.shell:Creating package script '/home/azmi/eyrc_hb/hb_task_2_ws/install/my_robot_interfaces/share/my_robot_interfaces/package.zsh'
[4.440s] Level 1:colcon.colcon_core.environment:create_file_with_runtime_dependencies(/home/azmi/eyrc_hb/hb_task_2_ws/install/my_robot_interfaces/share/colcon-core/packages/my_robot_interfaces)
[4.445s] DEBUG:colcon.colcon_core.event_handler.log_command:Invoked command in '/home/azmi/eyrc_hb/hb_task_2_ws/src/eYRC-2023_Hologlyph_Bots/hb_task2a' returned '0': PYTHONPATH=/home/azmi/eyrc_hb/hb_task_2_ws/build/hb_task2a/prefix_override:/home/azmi/eyrc_hb/hb_task_2_ws/install/hb_task2a/lib/python3.10/site-packages:${PYTHONPATH} /usr/bin/python3 setup.py egg_info --egg-base ../../../build/hb_task2a build --build-base /home/azmi/eyrc_hb/hb_task_2_ws/build/hb_task2a/build install --record /home/azmi/eyrc_hb/hb_task_2_ws/build/hb_task2a/install.log --single-version-externally-managed
[4.502s] Level 1:colcon.colcon_core.environment:checking '/home/azmi/eyrc_hb/hb_task_2_ws/install/hb_task2a' for CMake module files
[4.503s] Level 1:colcon.colcon_core.environment:checking '/home/azmi/eyrc_hb/hb_task_2_ws/install/hb_task2a' for CMake config files
[4.504s] Level 1:colcon.colcon_core.environment:checking '/home/azmi/eyrc_hb/hb_task_2_ws/install/hb_task2a/lib'
[4.505s] Level 1:colcon.colcon_core.environment:checking '/home/azmi/eyrc_hb/hb_task_2_ws/install/hb_task2a/bin'
[4.505s] Level 1:colcon.colcon_core.environment:checking '/home/azmi/eyrc_hb/hb_task_2_ws/install/hb_task2a/lib/pkgconfig/hb_task2a.pc'
[4.506s] Level 1:colcon.colcon_core.environment:checking '/home/azmi/eyrc_hb/hb_task_2_ws/install/hb_task2a/lib/python3.10/site-packages'
[4.506s] Level 1:colcon.colcon_core.shell:create_environment_hook('hb_task2a', 'pythonpath')
[4.549s] INFO:colcon.colcon_core.shell:Creating environment hook '/home/azmi/eyrc_hb/hb_task_2_ws/install/hb_task2a/share/hb_task2a/hook/pythonpath.ps1'
[4.550s] INFO:colcon.colcon_core.shell:Creating environment descriptor '/home/azmi/eyrc_hb/hb_task_2_ws/install/hb_task2a/share/hb_task2a/hook/pythonpath.dsv'
[4.550s] INFO:colcon.colcon_core.shell:Creating environment hook '/home/azmi/eyrc_hb/hb_task_2_ws/install/hb_task2a/share/hb_task2a/hook/pythonpath.sh'
[4.551s] Level 1:colcon.colcon_core.environment:checking '/home/azmi/eyrc_hb/hb_task_2_ws/install/hb_task2a/bin'
[4.551s] Level 1:colcon.colcon_core.environment:create_environment_scripts_only(hb_task2a)
[4.580s] INFO:colcon.colcon_core.shell:Creating package script '/home/azmi/eyrc_hb/hb_task_2_ws/install/hb_task2a/share/hb_task2a/package.ps1'
[4.581s] INFO:colcon.colcon_core.shell:Creating package descriptor '/home/azmi/eyrc_hb/hb_task_2_ws/install/hb_task2a/share/hb_task2a/package.dsv'
[4.581s] INFO:colcon.colcon_core.shell:Creating package script '/home/azmi/eyrc_hb/hb_task_2_ws/install/hb_task2a/share/hb_task2a/package.sh'
[4.582s] INFO:colcon.colcon_core.shell:Creating package script '/home/azmi/eyrc_hb/hb_task_2_ws/install/hb_task2a/share/hb_task2a/package.bash'
[4.582s] INFO:colcon.colcon_core.shell:Creating package script '/home/azmi/eyrc_hb/hb_task_2_ws/install/hb_task2a/share/hb_task2a/package.zsh'
[4.582s] Level 1:colcon.colcon_core.environment:create_file_with_runtime_dependencies(/home/azmi/eyrc_hb/hb_task_2_ws/install/hb_task2a/share/colcon-core/packages/hb_task2a)
[4.584s] DEBUG:colcon.colcon_core.event_handler.log_command:Invoked command in '/home/azmi/eyrc_hb/hb_task_2_ws/src/eYRC-2023_Hologlyph_Bots/hb_task2b' returned '0': PYTHONPATH=/home/azmi/eyrc_hb/hb_task_2_ws/build/hb_task2b/prefix_override:/home/azmi/eyrc_hb/hb_task_2_ws/install/hb_task2b/lib/python3.10/site-packages:${PYTHONPATH} /usr/bin/python3 setup.py egg_info --egg-base ../../../build/hb_task2b build --build-base /home/azmi/eyrc_hb/hb_task_2_ws/build/hb_task2b/build install --record /home/azmi/eyrc_hb/hb_task_2_ws/build/hb_task2b/install.log --single-version-externally-managed
[4.616s] Level 1:colcon.colcon_core.environment:checking '/home/azmi/eyrc_hb/hb_task_2_ws/install/hb_task2b' for CMake module files
[4.616s] Level 1:colcon.colcon_core.environment:checking '/home/azmi/eyrc_hb/hb_task_2_ws/install/hb_task2b' for CMake config files
[4.617s] Level 1:colcon.colcon_core.environment:checking '/home/azmi/eyrc_hb/hb_task_2_ws/install/hb_task2b/lib'
[4.617s] Level 1:colcon.colcon_core.environment:checking '/home/azmi/eyrc_hb/hb_task_2_ws/install/hb_task2b/bin'
[4.617s] Level 1:colcon.colcon_core.environment:checking '/home/azmi/eyrc_hb/hb_task_2_ws/install/hb_task2b/lib/pkgconfig/hb_task2b.pc'
[4.617s] Level 1:colcon.colcon_core.environment:checking '/home/azmi/eyrc_hb/hb_task_2_ws/install/hb_task2b/lib/python3.10/site-packages'
[4.617s] Level 1:colcon.colcon_core.shell:create_environment_hook('hb_task2b', 'pythonpath')
[4.641s] INFO:colcon.colcon_core.shell:Creating environment hook '/home/azmi/eyrc_hb/hb_task_2_ws/install/hb_task2b/share/hb_task2b/hook/pythonpath.ps1'
[4.642s] INFO:colcon.colcon_core.shell:Creating environment descriptor '/home/azmi/eyrc_hb/hb_task_2_ws/install/hb_task2b/share/hb_task2b/hook/pythonpath.dsv'
[4.643s] INFO:colcon.colcon_core.shell:Creating environment hook '/home/azmi/eyrc_hb/hb_task_2_ws/install/hb_task2b/share/hb_task2b/hook/pythonpath.sh'
[4.644s] Level 1:colcon.colcon_core.environment:checking '/home/azmi/eyrc_hb/hb_task_2_ws/install/hb_task2b/bin'
[4.645s] Level 1:colcon.colcon_core.environment:create_environment_scripts_only(hb_task2b)
[4.671s] INFO:colcon.colcon_core.shell:Creating package script '/home/azmi/eyrc_hb/hb_task_2_ws/install/hb_task2b/share/hb_task2b/package.ps1'
[4.671s] INFO:colcon.colcon_core.shell:Creating package descriptor '/home/azmi/eyrc_hb/hb_task_2_ws/install/hb_task2b/share/hb_task2b/package.dsv'
[4.672s] INFO:colcon.colcon_core.shell:Creating package script '/home/azmi/eyrc_hb/hb_task_2_ws/install/hb_task2b/share/hb_task2b/package.sh'
[4.673s] INFO:colcon.colcon_core.shell:Creating package script '/home/azmi/eyrc_hb/hb_task_2_ws/install/hb_task2b/share/hb_task2b/package.bash'
[4.673s] INFO:colcon.colcon_core.shell:Creating package script '/home/azmi/eyrc_hb/hb_task_2_ws/install/hb_task2b/share/hb_task2b/package.zsh'
[4.674s] Level 1:colcon.colcon_core.environment:create_file_with_runtime_dependencies(/home/azmi/eyrc_hb/hb_task_2_ws/install/hb_task2b/share/colcon-core/packages/hb_task2b)
[4.674s] DEBUG:colcon.colcon_parallel_executor.executor.parallel:closing loop
[4.675s] DEBUG:colcon.colcon_parallel_executor.executor.parallel:loop closed
[4.675s] DEBUG:colcon.colcon_parallel_executor.executor.parallel:run_until_complete finished with '0'
[4.675s] DEBUG:colcon.colcon_core.event_reactor:joining thread
[4.707s] INFO:colcon.colcon_core.plugin_system:Skipping extension 'colcon_notification.desktop_notification.terminal_notifier': Not used on non-Darwin systems
[4.707s] INFO:colcon.colcon_core.plugin_system:Skipping extension 'colcon_notification.desktop_notification.win32': Not used on non-Windows systems
[4.708s] INFO:colcon.colcon_notification.desktop_notification:Sending desktop notification using 'notify2'
[4.728s] DEBUG:colcon.colcon_core.event_reactor:joined thread
[4.761s] INFO:colcon.colcon_core.shell:Creating prefix script '/home/azmi/eyrc_hb/hb_task_2_ws/install/local_setup.ps1'
[4.763s] INFO:colcon.colcon_core.shell:Creating prefix util module '/home/azmi/eyrc_hb/hb_task_2_ws/install/_local_setup_util_ps1.py'
[4.766s] INFO:colcon.colcon_core.shell:Creating prefix chain script '/home/azmi/eyrc_hb/hb_task_2_ws/install/setup.ps1'
[4.792s] INFO:colcon.colcon_core.shell:Creating prefix script '/home/azmi/eyrc_hb/hb_task_2_ws/install/local_setup.sh'
[4.794s] INFO:colcon.colcon_core.shell:Creating prefix util module '/home/azmi/eyrc_hb/hb_task_2_ws/install/_local_setup_util_sh.py'
[4.795s] INFO:colcon.colcon_core.shell:Creating prefix chain script '/home/azmi/eyrc_hb/hb_task_2_ws/install/setup.sh'
[4.825s] INFO:colcon.colcon_core.shell:Creating prefix script '/home/azmi/eyrc_hb/hb_task_2_ws/install/local_setup.bash'
[4.826s] INFO:colcon.colcon_core.shell:Creating prefix chain script '/home/azmi/eyrc_hb/hb_task_2_ws/install/setup.bash'
[4.849s] INFO:colcon.colcon_core.shell:Creating prefix script '/home/azmi/eyrc_hb/hb_task_2_ws/install/local_setup.zsh'
[4.850s] INFO:colcon.colcon_core.shell:Creating prefix chain script '/home/azmi/eyrc_hb/hb_task_2_ws/install/setup.zsh'
