[0.315s] Invoking command in '/home/azmi/eyrc_hb/hb_task_2_ws/build/hb_bot': CMAKE_PREFIX_PATH=/opt/ros/humble /usr/bin/cmake /home/azmi/eyrc_hb/hb_task_2_ws/src/eYRC-2023_Hologlyph_Bots/hb_bot -DCMAKE_INSTALL_PREFIX=/home/azmi/eyrc_hb/hb_task_2_ws/install/hb_bot
[1.027s] -- The C compiler identification is GNU 11.4.0
[1.028s] -- The CXX compiler identification is GNU 11.4.0
[1.028s] -- Detecting C compiler ABI info
[1.028s] -- Detecting C compiler ABI info - done
[1.029s] -- Check for working C compiler: /usr/bin/cc - skipped
[1.029s] -- Detecting C compile features
[1.029s] -- Detecting C compile features - done
[1.029s] -- Detecting CXX compiler ABI info
[1.029s] -- Detecting CXX compiler ABI info - done
[1.029s] -- Check for working CXX compiler: /usr/bin/c++ - skipped
[1.029s] -- Detecting CXX compile features
[1.029s] -- Detecting CXX compile features - done
[1.029s] -- Found ament_cmake: 1.3.5 (/opt/ros/humble/share/ament_cmake/cmake)
[1.029s] -- Found Python3: /usr/bin/python3.10 (found version "3.10.12") found components: Interpreter 
[1.094s] -- Found rclcpp: 16.0.6 (/opt/ros/humble/share/rclcpp/cmake)
[1.208s] -- Found rosidl_generator_c: 3.1.5 (/opt/ros/humble/share/rosidl_generator_c/cmake)
[1.219s] -- Found rosidl_adapter: 3.1.5 (/opt/ros/humble/share/rosidl_adapter/cmake)
[1.236s] -- Found rosidl_generator_cpp: 3.1.5 (/opt/ros/humble/share/rosidl_generator_cpp/cmake)
[1.264s] -- Using all available rosidl_typesupport_c: rosidl_typesupport_fastrtps_c;rosidl_typesupport_introspection_c
[1.304s] -- Using all available rosidl_typesupport_cpp: rosidl_typesupport_fastrtps_cpp;rosidl_typesupport_introspection_cpp
[1.417s] -- Found rmw_implementation_cmake: 6.1.1 (/opt/ros/humble/share/rmw_implementation_cmake/cmake)
[1.424s] -- Found rmw_fastrtps_cpp: 6.2.4 (/opt/ros/humble/share/rmw_fastrtps_cpp/cmake)
[1.564s] -- Found OpenSSL: /usr/lib/x86_64-linux-gnu/libcrypto.so (found version "3.0.2")  
[1.600s] -- Found FastRTPS: /opt/ros/humble/include  
[1.660s] -- Using RMW implementation 'rmw_fastrtps_cpp' as default
[1.678s] -- Looking for pthread.h
[1.792s] -- Looking for pthread.h - found
[1.792s] -- Performing Test CMAKE_HAVE_LIBC_PTHREAD
[1.877s] -- Performing Test CMAKE_HAVE_LIBC_PTHREAD - Success
[1.878s] -- Found Threads: TRUE  
[2.211s] -- Found rclpy: 3.3.10 (/opt/ros/humble/share/rclpy/cmake)
[2.217s] -- Found urdf: 2.6.0 (/opt/ros/humble/share/urdf/cmake)
[2.284s] -- Found xacro: 2.0.8 (/opt/ros/humble/share/xacro/cmake)
[2.287s] -- Found ament_lint_auto: 0.12.8 (/opt/ros/humble/share/ament_lint_auto/cmake)
[2.379s] -- Added test 'flake8' to check Python code syntax and style conventions
[2.380s] -- Added test 'lint_cmake' to check CMake code style
[2.381s] -- Added test 'pep257' to check Python code against some of the docstring style conventions in PEP 257
[2.383s] -- Added test 'xmllint' to check XML markup files
[2.385s] -- Configuring done
[2.389s] -- Generating done
[2.390s] -- Build files have been written to: /home/azmi/eyrc_hb/hb_task_2_ws/build/hb_bot
[2.400s] Invoked command in '/home/azmi/eyrc_hb/hb_task_2_ws/build/hb_bot' returned '0': CMAKE_PREFIX_PATH=/opt/ros/humble /usr/bin/cmake /home/azmi/eyrc_hb/hb_task_2_ws/src/eYRC-2023_Hologlyph_Bots/hb_bot -DCMAKE_INSTALL_PREFIX=/home/azmi/eyrc_hb/hb_task_2_ws/install/hb_bot
[2.402s] Invoking command in '/home/azmi/eyrc_hb/hb_task_2_ws/build/hb_bot': CMAKE_PREFIX_PATH=/opt/ros/humble /usr/bin/cmake --build /home/azmi/eyrc_hb/hb_task_2_ws/build/hb_bot -- -j8 -l8
[2.440s] Invoked command in '/home/azmi/eyrc_hb/hb_task_2_ws/build/hb_bot' returned '0': CMAKE_PREFIX_PATH=/opt/ros/humble /usr/bin/cmake --build /home/azmi/eyrc_hb/hb_task_2_ws/build/hb_bot -- -j8 -l8
[2.469s] Invoking command in '/home/azmi/eyrc_hb/hb_task_2_ws/build/hb_bot': CMAKE_PREFIX_PATH=/opt/ros/humble /usr/bin/cmake --install /home/azmi/eyrc_hb/hb_task_2_ws/build/hb_bot
[2.477s] -- Install configuration: ""
[2.477s] -- Installing: /home/azmi/eyrc_hb/hb_task_2_ws/install/hb_bot/share/hb_bot//launch
[2.477s] -- Installing: /home/azmi/eyrc_hb/hb_task_2_ws/install/hb_bot/share/hb_bot//launch/multi_bot_spawn.launch.py
[2.477s] -- Installing: /home/azmi/eyrc_hb/hb_task_2_ws/install/hb_bot/share/hb_bot//launch/Spawn_bot.launch.py
[2.478s] -- Installing: /home/azmi/eyrc_hb/hb_task_2_ws/install/hb_bot/share/hb_bot//meshes
[2.478s] -- Installing: /home/azmi/eyrc_hb/hb_task_2_ws/install/hb_bot/share/hb_bot//meshes/wheel.stl
[2.484s] -- Installing: /home/azmi/eyrc_hb/hb_task_2_ws/install/hb_bot/share/hb_bot//meshes/bot_2.jpg
[2.485s] -- Installing: /home/azmi/eyrc_hb/hb_task_2_ws/install/hb_bot/share/hb_bot//meshes/bot_1.jpg
[2.485s] -- Installing: /home/azmi/eyrc_hb/hb_task_2_ws/install/hb_bot/share/hb_bot//meshes/bot_2.jpg.001.jpg
[2.485s] -- Installing: /home/azmi/eyrc_hb/hb_task_2_ws/install/hb_bot/share/hb_bot//meshes/bot_1.dae
[2.486s] -- Installing: /home/azmi/eyrc_hb/hb_task_2_ws/install/hb_bot/share/hb_bot//meshes/bot_3.jpg
[2.486s] -- Installing: /home/azmi/eyrc_hb/hb_task_2_ws/install/hb_bot/share/hb_bot//meshes/bot_3.jpg.001.jpg
[2.486s] -- Installing: /home/azmi/eyrc_hb/hb_task_2_ws/install/hb_bot/share/hb_bot//meshes/bot_1.jpg.001.jpg
[2.487s] -- Installing: /home/azmi/eyrc_hb/hb_task_2_ws/install/hb_bot/share/hb_bot//meshes/bot_2.dae
[2.488s] -- Installing: /home/azmi/eyrc_hb/hb_task_2_ws/install/hb_bot/share/hb_bot//meshes/bot_3.dae
[2.489s] -- Installing: /home/azmi/eyrc_hb/hb_task_2_ws/install/hb_bot/share/hb_bot//urdf
[2.490s] -- Installing: /home/azmi/eyrc_hb/hb_task_2_ws/install/hb_bot/share/hb_bot//urdf/hb_bot_1.urdf.xacro
[2.490s] -- Installing: /home/azmi/eyrc_hb/hb_task_2_ws/install/hb_bot/share/hb_bot//urdf/hb_bot_3.urdf.xacro
[2.490s] -- Installing: /home/azmi/eyrc_hb/hb_task_2_ws/install/hb_bot/share/hb_bot//urdf/materials.xacro
[2.490s] -- Installing: /home/azmi/eyrc_hb/hb_task_2_ws/install/hb_bot/share/hb_bot//urdf/hb_bot_2.urdf.xacro
[2.490s] -- Installing: /home/azmi/eyrc_hb/hb_task_2_ws/install/hb_bot/share/ament_index/resource_index/package_run_dependencies/hb_bot
[2.490s] -- Installing: /home/azmi/eyrc_hb/hb_task_2_ws/install/hb_bot/share/ament_index/resource_index/parent_prefix_path/hb_bot
[2.490s] -- Installing: /home/azmi/eyrc_hb/hb_task_2_ws/install/hb_bot/share/hb_bot/environment/ament_prefix_path.sh
[2.491s] -- Installing: /home/azmi/eyrc_hb/hb_task_2_ws/install/hb_bot/share/hb_bot/environment/ament_prefix_path.dsv
[2.491s] -- Installing: /home/azmi/eyrc_hb/hb_task_2_ws/install/hb_bot/share/hb_bot/environment/path.sh
[2.491s] -- Installing: /home/azmi/eyrc_hb/hb_task_2_ws/install/hb_bot/share/hb_bot/environment/path.dsv
[2.491s] -- Installing: /home/azmi/eyrc_hb/hb_task_2_ws/install/hb_bot/share/hb_bot/local_setup.bash
[2.491s] -- Installing: /home/azmi/eyrc_hb/hb_task_2_ws/install/hb_bot/share/hb_bot/local_setup.sh
[2.491s] -- Installing: /home/azmi/eyrc_hb/hb_task_2_ws/install/hb_bot/share/hb_bot/local_setup.zsh
[2.491s] -- Installing: /home/azmi/eyrc_hb/hb_task_2_ws/install/hb_bot/share/hb_bot/local_setup.dsv
[2.491s] -- Installing: /home/azmi/eyrc_hb/hb_task_2_ws/install/hb_bot/share/hb_bot/package.dsv
[2.492s] -- Installing: /home/azmi/eyrc_hb/hb_task_2_ws/install/hb_bot/share/ament_index/resource_index/packages/hb_bot
[2.492s] -- Installing: /home/azmi/eyrc_hb/hb_task_2_ws/install/hb_bot/share/hb_bot/cmake/hb_botConfig.cmake
[2.492s] -- Installing: /home/azmi/eyrc_hb/hb_task_2_ws/install/hb_bot/share/hb_bot/cmake/hb_botConfig-version.cmake
[2.492s] -- Installing: /home/azmi/eyrc_hb/hb_task_2_ws/install/hb_bot/share/hb_bot/package.xml
[2.493s] Invoked command in '/home/azmi/eyrc_hb/hb_task_2_ws/build/hb_bot' returned '0': CMAKE_PREFIX_PATH=/opt/ros/humble /usr/bin/cmake --install /home/azmi/eyrc_hb/hb_task_2_ws/build/hb_bot
