[0.935s] Invoking command in '/home/azmi/eyrc_hb/hb_task1a_ws/src/hb_task_1a': PYTHONPATH=/home/azmi/eyrc_hb/hb_task1a_ws/build/hb_task_1a/prefix_override:/home/azmi/eyrc_hb/hb_task1a_ws/install/hb_task_1a/lib/python3.10/site-packages:${PYTHONPATH} /usr/bin/python3 setup.py egg_info --egg-base ../../build/hb_task_1a build --build-base /home/azmi/eyrc_hb/hb_task1a_ws/build/hb_task_1a/build install --record /home/azmi/eyrc_hb/hb_task1a_ws/build/hb_task_1a/install.log --single-version-externally-managed
[1.211s] running egg_info
[1.212s] writing ../../build/hb_task_1a/hb_task_1a.egg-info/PKG-INFO
[1.212s] writing dependency_links to ../../build/hb_task_1a/hb_task_1a.egg-info/dependency_links.txt
[1.213s] writing entry points to ../../build/hb_task_1a/hb_task_1a.egg-info/entry_points.txt
[1.213s] writing requirements to ../../build/hb_task_1a/hb_task_1a.egg-info/requires.txt
[1.213s] writing top-level names to ../../build/hb_task_1a/hb_task_1a.egg-info/top_level.txt
[1.215s] reading manifest file '../../build/hb_task_1a/hb_task_1a.egg-info/SOURCES.txt'
[1.215s] writing manifest file '../../build/hb_task_1a/hb_task_1a.egg-info/SOURCES.txt'
[1.215s] running build
[1.216s] running build_py
[1.216s] running install
[1.216s] running install_lib
[1.217s] running install_data
[1.218s] running install_egg_info
[1.219s] removing '/home/azmi/eyrc_hb/hb_task1a_ws/install/hb_task_1a/lib/python3.10/site-packages/hb_task_1a-0.0.0-py3.10.egg-info' (and everything under it)
[1.220s] Copying ../../build/hb_task_1a/hb_task_1a.egg-info to /home/azmi/eyrc_hb/hb_task1a_ws/install/hb_task_1a/lib/python3.10/site-packages/hb_task_1a-0.0.0-py3.10.egg-info
[1.220s] running install_scripts
[1.242s] Installing task_1a_3299 script to /home/azmi/eyrc_hb/hb_task1a_ws/install/hb_task_1a/lib/hb_task_1a
[1.242s] writing list of installed files to '/home/azmi/eyrc_hb/hb_task1a_ws/build/hb_task_1a/install.log'
[1.276s] Invoked command in '/home/azmi/eyrc_hb/hb_task1a_ws/src/hb_task_1a' returned '0': PYTHONPATH=/home/azmi/eyrc_hb/hb_task1a_ws/build/hb_task_1a/prefix_override:/home/azmi/eyrc_hb/hb_task1a_ws/install/hb_task_1a/lib/python3.10/site-packages:${PYTHONPATH} /usr/bin/python3 setup.py egg_info --egg-base ../../build/hb_task_1a build --build-base /home/azmi/eyrc_hb/hb_task1a_ws/build/hb_task_1a/build install --record /home/azmi/eyrc_hb/hb_task1a_ws/build/hb_task_1a/install.log --single-version-externally-managed
