[1.003s] Invoking command in '/home/azmi/eyrc_hb/hb_task1b_ws/src/hb_task_1b': PYTHONPATH=/home/azmi/eyrc_hb/hb_task1b_ws/build/hb_task_1b/prefix_override:/home/azmi/eyrc_hb/hb_task1b_ws/install/hb_task_1b/lib/python3.10/site-packages:${PYTHONPATH} /usr/bin/python3 setup.py egg_info --egg-base ../../build/hb_task_1b build --build-base /home/azmi/eyrc_hb/hb_task1b_ws/build/hb_task_1b/build install --record /home/azmi/eyrc_hb/hb_task1b_ws/build/hb_task_1b/install.log --single-version-externally-managed
[1.292s] running egg_info
[1.293s] writing ../../build/hb_task_1b/hb_task_1b.egg-info/PKG-INFO
[1.293s] writing dependency_links to ../../build/hb_task_1b/hb_task_1b.egg-info/dependency_links.txt
[1.293s] writing entry points to ../../build/hb_task_1b/hb_task_1b.egg-info/entry_points.txt
[1.294s] writing requirements to ../../build/hb_task_1b/hb_task_1b.egg-info/requires.txt
[1.294s] writing top-level names to ../../build/hb_task_1b/hb_task_1b.egg-info/top_level.txt
[1.295s] reading manifest file '../../build/hb_task_1b/hb_task_1b.egg-info/SOURCES.txt'
[1.296s] writing manifest file '../../build/hb_task_1b/hb_task_1b.egg-info/SOURCES.txt'
[1.296s] running build
[1.298s] running build_py
[1.298s] running install
[1.299s] running install_lib
[1.299s] running install_data
[1.299s] running install_egg_info
[1.300s] removing '/home/azmi/eyrc_hb/hb_task1b_ws/install/hb_task_1b/lib/python3.10/site-packages/hb_task_1b-0.0.0-py3.10.egg-info' (and everything under it)
[1.300s] Copying ../../build/hb_task_1b/hb_task_1b.egg-info to /home/azmi/eyrc_hb/hb_task1b_ws/install/hb_task_1b/lib/python3.10/site-packages/hb_task_1b-0.0.0-py3.10.egg-info
[1.301s] running install_scripts
[1.320s] writing list of installed files to '/home/azmi/eyrc_hb/hb_task1b_ws/build/hb_task_1b/install.log'
[1.367s] Invoked command in '/home/azmi/eyrc_hb/hb_task1b_ws/src/hb_task_1b' returned '0': PYTHONPATH=/home/azmi/eyrc_hb/hb_task1b_ws/build/hb_task_1b/prefix_override:/home/azmi/eyrc_hb/hb_task1b_ws/install/hb_task_1b/lib/python3.10/site-packages:${PYTHONPATH} /usr/bin/python3 setup.py egg_info --egg-base ../../build/hb_task_1b build --build-base /home/azmi/eyrc_hb/hb_task1b_ws/build/hb_task_1b/build install --record /home/azmi/eyrc_hb/hb_task1b_ws/build/hb_task_1b/install.log --single-version-externally-managed
