[0.461s] Invoking command in '/home/azmi/eyrc_hb/hb_task1b_ws/build/my_robot_interfaces': CMAKE_PREFIX_PATH=${CMAKE_PREFIX_PATH}:/home/azmi/eyrc_hb/hb_task1b_ws/install/hb_task_1b:/opt/ros/humble /usr/bin/cmake --build /home/azmi/eyrc_hb/hb_task1b_ws/build/my_robot_interfaces -- -j8 -l8
[0.500s] [  9%] Built target my_robot_interfaces__cpp
[0.501s] [ 12%] Built target my_robot_interfaces__rosidl_generator_c
[0.509s] [ 12%] Built target ament_cmake_python_copy_my_robot_interfaces
[0.526s] [ 22%] Built target my_robot_interfaces__rosidl_typesupport_introspection_cpp
[0.527s] [ 32%] Built target my_robot_interfaces__rosidl_typesupport_cpp
[0.533s] [ 41%] Built target my_robot_interfaces__rosidl_typesupport_fastrtps_cpp
[0.539s] [ 64%] Built target my_robot_interfaces__rosidl_typesupport_introspection_c
[0.539s] [ 64%] Built target my_robot_interfaces__rosidl_typesupport_c
[0.540s] [ 70%] Built target my_robot_interfaces__rosidl_typesupport_fastrtps_c
[0.561s] [ 70%] Built target my_robot_interfaces
[0.580s] [ 74%] Built target my_robot_interfaces__py
[0.599s] [ 80%] Built target my_robot_interfaces__rosidl_generator_py
[0.620s] [ 87%] Built target my_robot_interfaces__rosidl_typesupport_fastrtps_c__pyext
[0.622s] [ 93%] Built target my_robot_interfaces__rosidl_typesupport_c__pyext
[0.625s] [100%] Built target my_robot_interfaces__rosidl_typesupport_introspection_c__pyext
[0.802s] running egg_info
[0.803s] writing my_robot_interfaces.egg-info/PKG-INFO
[0.803s] writing dependency_links to my_robot_interfaces.egg-info/dependency_links.txt
[0.803s] writing top-level names to my_robot_interfaces.egg-info/top_level.txt
[0.806s] reading manifest file 'my_robot_interfaces.egg-info/SOURCES.txt'
[0.807s] writing manifest file 'my_robot_interfaces.egg-info/SOURCES.txt'
[0.836s] [100%] Built target ament_cmake_python_build_my_robot_interfaces_egg
[0.852s] Invoked command in '/home/azmi/eyrc_hb/hb_task1b_ws/build/my_robot_interfaces' returned '0': CMAKE_PREFIX_PATH=${CMAKE_PREFIX_PATH}:/home/azmi/eyrc_hb/hb_task1b_ws/install/hb_task_1b:/opt/ros/humble /usr/bin/cmake --build /home/azmi/eyrc_hb/hb_task1b_ws/build/my_robot_interfaces -- -j8 -l8
[0.926s] Invoking command in '/home/azmi/eyrc_hb/hb_task1b_ws/build/my_robot_interfaces': CMAKE_PREFIX_PATH=${CMAKE_PREFIX_PATH}:/home/azmi/eyrc_hb/hb_task1b_ws/install/hb_task_1b:/opt/ros/humble /usr/bin/cmake --install /home/azmi/eyrc_hb/hb_task1b_ws/build/my_robot_interfaces
[0.935s] -- Install configuration: ""
[0.936s] -- Up-to-date: /home/azmi/eyrc_hb/hb_task1b_ws/install/my_robot_interfaces/share/ament_index/resource_index/rosidl_interfaces/my_robot_interfaces
[0.936s] -- Up-to-date: /home/azmi/eyrc_hb/hb_task1b_ws/install/my_robot_interfaces/include/my_robot_interfaces/my_robot_interfaces
[0.936s] -- Up-to-date: /home/azmi/eyrc_hb/hb_task1b_ws/install/my_robot_interfaces/include/my_robot_interfaces/my_robot_interfaces/msg
[0.936s] -- Up-to-date: /home/azmi/eyrc_hb/hb_task1b_ws/install/my_robot_interfaces/include/my_robot_interfaces/my_robot_interfaces/msg/rosidl_generator_c__visibility_control.h
[0.936s] -- Up-to-date: /home/azmi/eyrc_hb/hb_task1b_ws/install/my_robot_interfaces/include/my_robot_interfaces/my_robot_interfaces/srv
[0.936s] -- Up-to-date: /home/azmi/eyrc_hb/hb_task1b_ws/install/my_robot_interfaces/include/my_robot_interfaces/my_robot_interfaces/srv/next_goal.h
[0.937s] -- Up-to-date: /home/azmi/eyrc_hb/hb_task1b_ws/install/my_robot_interfaces/include/my_robot_interfaces/my_robot_interfaces/srv/detail
[0.937s] -- Up-to-date: /home/azmi/eyrc_hb/hb_task1b_ws/install/my_robot_interfaces/include/my_robot_interfaces/my_robot_interfaces/srv/detail/next_goal__functions.h
[0.937s] -- Up-to-date: /home/azmi/eyrc_hb/hb_task1b_ws/install/my_robot_interfaces/include/my_robot_interfaces/my_robot_interfaces/srv/detail/next_goal__struct.h
[0.937s] -- Up-to-date: /home/azmi/eyrc_hb/hb_task1b_ws/install/my_robot_interfaces/include/my_robot_interfaces/my_robot_interfaces/srv/detail/next_goal__type_support.h
[0.937s] -- Up-to-date: /home/azmi/eyrc_hb/hb_task1b_ws/install/my_robot_interfaces/include/my_robot_interfaces/my_robot_interfaces/srv/detail/next_goal__functions.c
[0.938s] -- Up-to-date: /home/azmi/eyrc_hb/hb_task1b_ws/install/my_robot_interfaces/share/my_robot_interfaces/environment/library_path.sh
[0.938s] -- Up-to-date: /home/azmi/eyrc_hb/hb_task1b_ws/install/my_robot_interfaces/share/my_robot_interfaces/environment/library_path.dsv
[0.938s] -- Up-to-date: /home/azmi/eyrc_hb/hb_task1b_ws/install/my_robot_interfaces/lib/libmy_robot_interfaces__rosidl_generator_c.so
[0.938s] -- Up-to-date: /home/azmi/eyrc_hb/hb_task1b_ws/install/my_robot_interfaces/include/my_robot_interfaces/my_robot_interfaces
[0.938s] -- Up-to-date: /home/azmi/eyrc_hb/hb_task1b_ws/install/my_robot_interfaces/include/my_robot_interfaces/my_robot_interfaces/msg
[0.938s] -- Up-to-date: /home/azmi/eyrc_hb/hb_task1b_ws/install/my_robot_interfaces/include/my_robot_interfaces/my_robot_interfaces/msg/rosidl_typesupport_fastrtps_c__visibility_control.h
[0.938s] -- Up-to-date: /home/azmi/eyrc_hb/hb_task1b_ws/install/my_robot_interfaces/include/my_robot_interfaces/my_robot_interfaces/srv
[0.939s] -- Up-to-date: /home/azmi/eyrc_hb/hb_task1b_ws/install/my_robot_interfaces/include/my_robot_interfaces/my_robot_interfaces/srv/detail
[0.939s] -- Up-to-date: /home/azmi/eyrc_hb/hb_task1b_ws/install/my_robot_interfaces/include/my_robot_interfaces/my_robot_interfaces/srv/detail/next_goal__rosidl_typesupport_fastrtps_c.h
[0.939s] -- Up-to-date: /home/azmi/eyrc_hb/hb_task1b_ws/install/my_robot_interfaces/lib/libmy_robot_interfaces__rosidl_typesupport_fastrtps_c.so
[0.939s] -- Up-to-date: /home/azmi/eyrc_hb/hb_task1b_ws/install/my_robot_interfaces/include/my_robot_interfaces/my_robot_interfaces
[0.939s] -- Up-to-date: /home/azmi/eyrc_hb/hb_task1b_ws/install/my_robot_interfaces/include/my_robot_interfaces/my_robot_interfaces/msg
[0.939s] -- Up-to-date: /home/azmi/eyrc_hb/hb_task1b_ws/install/my_robot_interfaces/include/my_robot_interfaces/my_robot_interfaces/msg/rosidl_typesupport_introspection_c__visibility_control.h
[0.939s] -- Up-to-date: /home/azmi/eyrc_hb/hb_task1b_ws/install/my_robot_interfaces/include/my_robot_interfaces/my_robot_interfaces/srv
[0.940s] -- Up-to-date: /home/azmi/eyrc_hb/hb_task1b_ws/install/my_robot_interfaces/include/my_robot_interfaces/my_robot_interfaces/srv/detail
[0.940s] -- Up-to-date: /home/azmi/eyrc_hb/hb_task1b_ws/install/my_robot_interfaces/include/my_robot_interfaces/my_robot_interfaces/srv/detail/next_goal__type_support.c
[0.940s] -- Up-to-date: /home/azmi/eyrc_hb/hb_task1b_ws/install/my_robot_interfaces/include/my_robot_interfaces/my_robot_interfaces/srv/detail/next_goal__rosidl_typesupport_introspection_c.h
[0.940s] -- Up-to-date: /home/azmi/eyrc_hb/hb_task1b_ws/install/my_robot_interfaces/lib/libmy_robot_interfaces__rosidl_typesupport_introspection_c.so
[0.940s] -- Up-to-date: /home/azmi/eyrc_hb/hb_task1b_ws/install/my_robot_interfaces/lib/libmy_robot_interfaces__rosidl_typesupport_c.so
[0.940s] -- Up-to-date: /home/azmi/eyrc_hb/hb_task1b_ws/install/my_robot_interfaces/include/my_robot_interfaces/my_robot_interfaces
[0.940s] -- Up-to-date: /home/azmi/eyrc_hb/hb_task1b_ws/install/my_robot_interfaces/include/my_robot_interfaces/my_robot_interfaces/srv
[0.940s] -- Up-to-date: /home/azmi/eyrc_hb/hb_task1b_ws/install/my_robot_interfaces/include/my_robot_interfaces/my_robot_interfaces/srv/next_goal.hpp
[0.941s] -- Up-to-date: /home/azmi/eyrc_hb/hb_task1b_ws/install/my_robot_interfaces/include/my_robot_interfaces/my_robot_interfaces/srv/detail
[0.941s] -- Up-to-date: /home/azmi/eyrc_hb/hb_task1b_ws/install/my_robot_interfaces/include/my_robot_interfaces/my_robot_interfaces/srv/detail/next_goal__builder.hpp
[0.941s] -- Up-to-date: /home/azmi/eyrc_hb/hb_task1b_ws/install/my_robot_interfaces/include/my_robot_interfaces/my_robot_interfaces/srv/detail/next_goal__struct.hpp
[0.941s] -- Up-to-date: /home/azmi/eyrc_hb/hb_task1b_ws/install/my_robot_interfaces/include/my_robot_interfaces/my_robot_interfaces/srv/detail/next_goal__traits.hpp
[0.941s] -- Up-to-date: /home/azmi/eyrc_hb/hb_task1b_ws/install/my_robot_interfaces/include/my_robot_interfaces/my_robot_interfaces
[0.941s] -- Up-to-date: /home/azmi/eyrc_hb/hb_task1b_ws/install/my_robot_interfaces/include/my_robot_interfaces/my_robot_interfaces/msg
[0.941s] -- Up-to-date: /home/azmi/eyrc_hb/hb_task1b_ws/install/my_robot_interfaces/include/my_robot_interfaces/my_robot_interfaces/msg/rosidl_typesupport_fastrtps_cpp__visibility_control.h
[0.941s] -- Up-to-date: /home/azmi/eyrc_hb/hb_task1b_ws/install/my_robot_interfaces/include/my_robot_interfaces/my_robot_interfaces/srv
[0.942s] -- Up-to-date: /home/azmi/eyrc_hb/hb_task1b_ws/install/my_robot_interfaces/include/my_robot_interfaces/my_robot_interfaces/srv/detail
[0.942s] -- Up-to-date: /home/azmi/eyrc_hb/hb_task1b_ws/install/my_robot_interfaces/include/my_robot_interfaces/my_robot_interfaces/srv/detail/next_goal__rosidl_typesupport_fastrtps_cpp.hpp
[0.942s] -- Up-to-date: /home/azmi/eyrc_hb/hb_task1b_ws/install/my_robot_interfaces/include/my_robot_interfaces/my_robot_interfaces/srv/detail/dds_fastrtps
[0.942s] -- Up-to-date: /home/azmi/eyrc_hb/hb_task1b_ws/install/my_robot_interfaces/lib/libmy_robot_interfaces__rosidl_typesupport_fastrtps_cpp.so
[0.942s] -- Up-to-date: /home/azmi/eyrc_hb/hb_task1b_ws/install/my_robot_interfaces/include/my_robot_interfaces/my_robot_interfaces
[0.942s] -- Up-to-date: /home/azmi/eyrc_hb/hb_task1b_ws/install/my_robot_interfaces/include/my_robot_interfaces/my_robot_interfaces/srv
[0.942s] -- Up-to-date: /home/azmi/eyrc_hb/hb_task1b_ws/install/my_robot_interfaces/include/my_robot_interfaces/my_robot_interfaces/srv/detail
[0.942s] -- Up-to-date: /home/azmi/eyrc_hb/hb_task1b_ws/install/my_robot_interfaces/include/my_robot_interfaces/my_robot_interfaces/srv/detail/next_goal__rosidl_typesupport_introspection_cpp.hpp
[0.942s] -- Up-to-date: /home/azmi/eyrc_hb/hb_task1b_ws/install/my_robot_interfaces/include/my_robot_interfaces/my_robot_interfaces/srv/detail/next_goal__type_support.cpp
[0.942s] -- Up-to-date: /home/azmi/eyrc_hb/hb_task1b_ws/install/my_robot_interfaces/lib/libmy_robot_interfaces__rosidl_typesupport_introspection_cpp.so
[0.942s] -- Up-to-date: /home/azmi/eyrc_hb/hb_task1b_ws/install/my_robot_interfaces/lib/libmy_robot_interfaces__rosidl_typesupport_cpp.so
[0.942s] -- Up-to-date: /home/azmi/eyrc_hb/hb_task1b_ws/install/my_robot_interfaces/share/my_robot_interfaces/environment/pythonpath.sh
[0.942s] -- Up-to-date: /home/azmi/eyrc_hb/hb_task1b_ws/install/my_robot_interfaces/share/my_robot_interfaces/environment/pythonpath.dsv
[0.942s] -- Up-to-date: /home/azmi/eyrc_hb/hb_task1b_ws/install/my_robot_interfaces/local/lib/python3.10/dist-packages/my_robot_interfaces-0.0.0-py3.10.egg-info
[0.942s] -- Installing: /home/azmi/eyrc_hb/hb_task1b_ws/install/my_robot_interfaces/local/lib/python3.10/dist-packages/my_robot_interfaces-0.0.0-py3.10.egg-info/dependency_links.txt
[0.943s] -- Installing: /home/azmi/eyrc_hb/hb_task1b_ws/install/my_robot_interfaces/local/lib/python3.10/dist-packages/my_robot_interfaces-0.0.0-py3.10.egg-info/top_level.txt
[0.943s] -- Installing: /home/azmi/eyrc_hb/hb_task1b_ws/install/my_robot_interfaces/local/lib/python3.10/dist-packages/my_robot_interfaces-0.0.0-py3.10.egg-info/SOURCES.txt
[0.943s] -- Installing: /home/azmi/eyrc_hb/hb_task1b_ws/install/my_robot_interfaces/local/lib/python3.10/dist-packages/my_robot_interfaces-0.0.0-py3.10.egg-info/PKG-INFO
[0.943s] -- Up-to-date: /home/azmi/eyrc_hb/hb_task1b_ws/install/my_robot_interfaces/local/lib/python3.10/dist-packages/my_robot_interfaces
[0.943s] -- Up-to-date: /home/azmi/eyrc_hb/hb_task1b_ws/install/my_robot_interfaces/local/lib/python3.10/dist-packages/my_robot_interfaces/_my_robot_interfaces_s.ep.rosidl_typesupport_c.c
[0.943s] -- Up-to-date: /home/azmi/eyrc_hb/hb_task1b_ws/install/my_robot_interfaces/local/lib/python3.10/dist-packages/my_robot_interfaces/_my_robot_interfaces_s.ep.rosidl_typesupport_introspection_c.c
[0.943s] -- Up-to-date: /home/azmi/eyrc_hb/hb_task1b_ws/install/my_robot_interfaces/local/lib/python3.10/dist-packages/my_robot_interfaces/libmy_robot_interfaces__rosidl_generator_py.so
[0.943s] -- Up-to-date: /home/azmi/eyrc_hb/hb_task1b_ws/install/my_robot_interfaces/local/lib/python3.10/dist-packages/my_robot_interfaces/__init__.py
[0.943s] -- Up-to-date: /home/azmi/eyrc_hb/hb_task1b_ws/install/my_robot_interfaces/local/lib/python3.10/dist-packages/my_robot_interfaces/my_robot_interfaces_s__rosidl_typesupport_introspection_c.cpython-310-x86_64-linux-gnu.so
[0.943s] -- Up-to-date: /home/azmi/eyrc_hb/hb_task1b_ws/install/my_robot_interfaces/local/lib/python3.10/dist-packages/my_robot_interfaces/srv
[0.943s] -- Up-to-date: /home/azmi/eyrc_hb/hb_task1b_ws/install/my_robot_interfaces/local/lib/python3.10/dist-packages/my_robot_interfaces/srv/__init__.py
[0.943s] -- Up-to-date: /home/azmi/eyrc_hb/hb_task1b_ws/install/my_robot_interfaces/local/lib/python3.10/dist-packages/my_robot_interfaces/srv/_next_goal_s.c
[0.943s] -- Up-to-date: /home/azmi/eyrc_hb/hb_task1b_ws/install/my_robot_interfaces/local/lib/python3.10/dist-packages/my_robot_interfaces/srv/_next_goal.py
[0.943s] -- Up-to-date: /home/azmi/eyrc_hb/hb_task1b_ws/install/my_robot_interfaces/local/lib/python3.10/dist-packages/my_robot_interfaces/my_robot_interfaces_s__rosidl_typesupport_c.cpython-310-x86_64-linux-gnu.so
[0.943s] -- Up-to-date: /home/azmi/eyrc_hb/hb_task1b_ws/install/my_robot_interfaces/local/lib/python3.10/dist-packages/my_robot_interfaces/_my_robot_interfaces_s.ep.rosidl_typesupport_fastrtps_c.c
[0.943s] -- Up-to-date: /home/azmi/eyrc_hb/hb_task1b_ws/install/my_robot_interfaces/local/lib/python3.10/dist-packages/my_robot_interfaces/my_robot_interfaces_s__rosidl_typesupport_fastrtps_c.cpython-310-x86_64-linux-gnu.so
[0.972s] Listing '/home/azmi/eyrc_hb/hb_task1b_ws/install/my_robot_interfaces/local/lib/python3.10/dist-packages/my_robot_interfaces'...
[0.973s] Listing '/home/azmi/eyrc_hb/hb_task1b_ws/install/my_robot_interfaces/local/lib/python3.10/dist-packages/my_robot_interfaces/srv'...
[0.977s] -- Up-to-date: /home/azmi/eyrc_hb/hb_task1b_ws/install/my_robot_interfaces/local/lib/python3.10/dist-packages/my_robot_interfaces/my_robot_interfaces_s__rosidl_typesupport_fastrtps_c.cpython-310-x86_64-linux-gnu.so
[0.977s] -- Up-to-date: /home/azmi/eyrc_hb/hb_task1b_ws/install/my_robot_interfaces/local/lib/python3.10/dist-packages/my_robot_interfaces/my_robot_interfaces_s__rosidl_typesupport_introspection_c.cpython-310-x86_64-linux-gnu.so
[0.977s] -- Up-to-date: /home/azmi/eyrc_hb/hb_task1b_ws/install/my_robot_interfaces/local/lib/python3.10/dist-packages/my_robot_interfaces/my_robot_interfaces_s__rosidl_typesupport_c.cpython-310-x86_64-linux-gnu.so
[0.977s] -- Up-to-date: /home/azmi/eyrc_hb/hb_task1b_ws/install/my_robot_interfaces/lib/libmy_robot_interfaces__rosidl_generator_py.so
[0.978s] -- Up-to-date: /home/azmi/eyrc_hb/hb_task1b_ws/install/my_robot_interfaces/share/my_robot_interfaces/srv/NextGoal.idl
[0.978s] -- Up-to-date: /home/azmi/eyrc_hb/hb_task1b_ws/install/my_robot_interfaces/share/my_robot_interfaces/srv/NextGoal.srv
[0.978s] -- Up-to-date: /home/azmi/eyrc_hb/hb_task1b_ws/install/my_robot_interfaces/share/my_robot_interfaces/srv/NextGoal_Request.msg
[0.978s] -- Up-to-date: /home/azmi/eyrc_hb/hb_task1b_ws/install/my_robot_interfaces/share/my_robot_interfaces/srv/NextGoal_Response.msg
[0.978s] -- Up-to-date: /home/azmi/eyrc_hb/hb_task1b_ws/install/my_robot_interfaces/share/ament_index/resource_index/package_run_dependencies/my_robot_interfaces
[0.978s] -- Up-to-date: /home/azmi/eyrc_hb/hb_task1b_ws/install/my_robot_interfaces/share/ament_index/resource_index/parent_prefix_path/my_robot_interfaces
[0.978s] -- Up-to-date: /home/azmi/eyrc_hb/hb_task1b_ws/install/my_robot_interfaces/share/my_robot_interfaces/environment/ament_prefix_path.sh
[0.979s] -- Up-to-date: /home/azmi/eyrc_hb/hb_task1b_ws/install/my_robot_interfaces/share/my_robot_interfaces/environment/ament_prefix_path.dsv
[0.979s] -- Up-to-date: /home/azmi/eyrc_hb/hb_task1b_ws/install/my_robot_interfaces/share/my_robot_interfaces/environment/path.sh
[0.979s] -- Up-to-date: /home/azmi/eyrc_hb/hb_task1b_ws/install/my_robot_interfaces/share/my_robot_interfaces/environment/path.dsv
[0.979s] -- Up-to-date: /home/azmi/eyrc_hb/hb_task1b_ws/install/my_robot_interfaces/share/my_robot_interfaces/local_setup.bash
[0.979s] -- Up-to-date: /home/azmi/eyrc_hb/hb_task1b_ws/install/my_robot_interfaces/share/my_robot_interfaces/local_setup.sh
[0.979s] -- Up-to-date: /home/azmi/eyrc_hb/hb_task1b_ws/install/my_robot_interfaces/share/my_robot_interfaces/local_setup.zsh
[0.980s] -- Up-to-date: /home/azmi/eyrc_hb/hb_task1b_ws/install/my_robot_interfaces/share/my_robot_interfaces/local_setup.dsv
[0.980s] -- Installing: /home/azmi/eyrc_hb/hb_task1b_ws/install/my_robot_interfaces/share/my_robot_interfaces/package.dsv
[0.980s] -- Up-to-date: /home/azmi/eyrc_hb/hb_task1b_ws/install/my_robot_interfaces/share/ament_index/resource_index/packages/my_robot_interfaces
[0.980s] -- Up-to-date: /home/azmi/eyrc_hb/hb_task1b_ws/install/my_robot_interfaces/share/my_robot_interfaces/cmake/export_my_robot_interfaces__rosidl_generator_cExport.cmake
[0.980s] -- Up-to-date: /home/azmi/eyrc_hb/hb_task1b_ws/install/my_robot_interfaces/share/my_robot_interfaces/cmake/export_my_robot_interfaces__rosidl_generator_cExport-noconfig.cmake
[0.980s] -- Up-to-date: /home/azmi/eyrc_hb/hb_task1b_ws/install/my_robot_interfaces/share/my_robot_interfaces/cmake/export_my_robot_interfaces__rosidl_typesupport_fastrtps_cExport.cmake
[0.980s] -- Up-to-date: /home/azmi/eyrc_hb/hb_task1b_ws/install/my_robot_interfaces/share/my_robot_interfaces/cmake/export_my_robot_interfaces__rosidl_typesupport_fastrtps_cExport-noconfig.cmake
[0.980s] -- Up-to-date: /home/azmi/eyrc_hb/hb_task1b_ws/install/my_robot_interfaces/share/my_robot_interfaces/cmake/my_robot_interfaces__rosidl_typesupport_introspection_cExport.cmake
[0.981s] -- Up-to-date: /home/azmi/eyrc_hb/hb_task1b_ws/install/my_robot_interfaces/share/my_robot_interfaces/cmake/my_robot_interfaces__rosidl_typesupport_introspection_cExport-noconfig.cmake
[0.981s] -- Up-to-date: /home/azmi/eyrc_hb/hb_task1b_ws/install/my_robot_interfaces/share/my_robot_interfaces/cmake/my_robot_interfaces__rosidl_typesupport_cExport.cmake
[0.981s] -- Up-to-date: /home/azmi/eyrc_hb/hb_task1b_ws/install/my_robot_interfaces/share/my_robot_interfaces/cmake/my_robot_interfaces__rosidl_typesupport_cExport-noconfig.cmake
[0.981s] -- Up-to-date: /home/azmi/eyrc_hb/hb_task1b_ws/install/my_robot_interfaces/share/my_robot_interfaces/cmake/export_my_robot_interfaces__rosidl_generator_cppExport.cmake
[0.981s] -- Up-to-date: /home/azmi/eyrc_hb/hb_task1b_ws/install/my_robot_interfaces/share/my_robot_interfaces/cmake/export_my_robot_interfaces__rosidl_typesupport_fastrtps_cppExport.cmake
[0.981s] -- Up-to-date: /home/azmi/eyrc_hb/hb_task1b_ws/install/my_robot_interfaces/share/my_robot_interfaces/cmake/export_my_robot_interfaces__rosidl_typesupport_fastrtps_cppExport-noconfig.cmake
[0.982s] -- Up-to-date: /home/azmi/eyrc_hb/hb_task1b_ws/install/my_robot_interfaces/share/my_robot_interfaces/cmake/my_robot_interfaces__rosidl_typesupport_introspection_cppExport.cmake
[0.982s] -- Up-to-date: /home/azmi/eyrc_hb/hb_task1b_ws/install/my_robot_interfaces/share/my_robot_interfaces/cmake/my_robot_interfaces__rosidl_typesupport_introspection_cppExport-noconfig.cmake
[0.982s] -- Up-to-date: /home/azmi/eyrc_hb/hb_task1b_ws/install/my_robot_interfaces/share/my_robot_interfaces/cmake/my_robot_interfaces__rosidl_typesupport_cppExport.cmake
[0.983s] -- Up-to-date: /home/azmi/eyrc_hb/hb_task1b_ws/install/my_robot_interfaces/share/my_robot_interfaces/cmake/my_robot_interfaces__rosidl_typesupport_cppExport-noconfig.cmake
[0.983s] -- Up-to-date: /home/azmi/eyrc_hb/hb_task1b_ws/install/my_robot_interfaces/share/my_robot_interfaces/cmake/export_my_robot_interfaces__rosidl_generator_pyExport.cmake
[0.983s] -- Up-to-date: /home/azmi/eyrc_hb/hb_task1b_ws/install/my_robot_interfaces/share/my_robot_interfaces/cmake/export_my_robot_interfaces__rosidl_generator_pyExport-noconfig.cmake
[0.983s] -- Up-to-date: /home/azmi/eyrc_hb/hb_task1b_ws/install/my_robot_interfaces/share/my_robot_interfaces/cmake/rosidl_cmake-extras.cmake
[0.984s] -- Up-to-date: /home/azmi/eyrc_hb/hb_task1b_ws/install/my_robot_interfaces/share/my_robot_interfaces/cmake/ament_cmake_export_include_directories-extras.cmake
[0.984s] -- Up-to-date: /home/azmi/eyrc_hb/hb_task1b_ws/install/my_robot_interfaces/share/my_robot_interfaces/cmake/ament_cmake_export_libraries-extras.cmake
[0.984s] -- Up-to-date: /home/azmi/eyrc_hb/hb_task1b_ws/install/my_robot_interfaces/share/my_robot_interfaces/cmake/ament_cmake_export_targets-extras.cmake
[0.984s] -- Up-to-date: /home/azmi/eyrc_hb/hb_task1b_ws/install/my_robot_interfaces/share/my_robot_interfaces/cmake/rosidl_cmake_export_typesupport_targets-extras.cmake
[0.985s] -- Up-to-date: /home/azmi/eyrc_hb/hb_task1b_ws/install/my_robot_interfaces/share/my_robot_interfaces/cmake/ament_cmake_export_dependencies-extras.cmake
[0.985s] -- Up-to-date: /home/azmi/eyrc_hb/hb_task1b_ws/install/my_robot_interfaces/share/my_robot_interfaces/cmake/rosidl_cmake_export_typesupport_libraries-extras.cmake
[0.985s] -- Up-to-date: /home/azmi/eyrc_hb/hb_task1b_ws/install/my_robot_interfaces/share/my_robot_interfaces/cmake/my_robot_interfacesConfig.cmake
[0.986s] -- Up-to-date: /home/azmi/eyrc_hb/hb_task1b_ws/install/my_robot_interfaces/share/my_robot_interfaces/cmake/my_robot_interfacesConfig-version.cmake
[0.986s] -- Up-to-date: /home/azmi/eyrc_hb/hb_task1b_ws/install/my_robot_interfaces/share/my_robot_interfaces/package.xml
[0.986s] Invoked command in '/home/azmi/eyrc_hb/hb_task1b_ws/build/my_robot_interfaces' returned '0': CMAKE_PREFIX_PATH=${CMAKE_PREFIX_PATH}:/home/azmi/eyrc_hb/hb_task1b_ws/install/hb_task_1b:/opt/ros/humble /usr/bin/cmake --install /home/azmi/eyrc_hb/hb_task1b_ws/build/my_robot_interfaces
