[0.763s] Invoking command in '/home/azmi/eyrc_hb/hb_task_2_ws/build/my_robot_interfaces': CMAKE_PREFIX_PATH=/opt/ros/humble /usr/bin/cmake --build /home/azmi/eyrc_hb/hb_task_2_ws/build/my_robot_interfaces -- -j8 -l8
[0.833s] [35m[1mConsolidate compiler generated dependencies of target my_robot_interfaces__rosidl_generator_c[0m
[0.841s] [  2%] Built target my_robot_interfaces__cpp
[0.855s] [  2%] Built target ament_cmake_python_copy_my_robot_interfaces
[0.870s] [ 12%] Built target my_robot_interfaces__rosidl_generator_c
[0.870s] [35m[1mConsolidate compiler generated dependencies of target my_robot_interfaces__rosidl_typesupport_fastrtps_cpp[0m
[0.871s] [35m[1mConsolidate compiler generated dependencies of target my_robot_interfaces__rosidl_typesupport_introspection_cpp[0m
[0.871s] [35m[1mConsolidate compiler generated dependencies of target my_robot_interfaces__rosidl_typesupport_cpp[0m
[0.886s] [35m[1mConsolidate compiler generated dependencies of target my_robot_interfaces__rosidl_typesupport_fastrtps_c[0m
[0.886s] [35m[1mConsolidate compiler generated dependencies of target my_robot_interfaces__rosidl_typesupport_introspection_c[0m
[0.895s] [35m[1mConsolidate compiler generated dependencies of target my_robot_interfaces__rosidl_typesupport_c[0m
[0.911s] [ 23%] Built target my_robot_interfaces__rosidl_typesupport_introspection_c
[0.913s] [ 34%] Built target my_robot_interfaces__rosidl_typesupport_c
[0.916s] [ 44%] Built target my_robot_interfaces__rosidl_typesupport_cpp
[0.925s] [ 55%] Built target my_robot_interfaces__rosidl_typesupport_introspection_cpp
[0.929s] [ 65%] Built target my_robot_interfaces__rosidl_typesupport_fastrtps_c
[0.934s] [ 76%] Built target my_robot_interfaces__rosidl_typesupport_fastrtps_cpp
[0.956s] [ 76%] Built target my_robot_interfaces
[0.982s] [ 78%] Built target my_robot_interfaces__py
[1.008s] [35m[1mConsolidate compiler generated dependencies of target my_robot_interfaces__rosidl_generator_py[0m
[1.040s] [ 87%] Built target my_robot_interfaces__rosidl_generator_py
[1.058s] [35m[1mConsolidate compiler generated dependencies of target my_robot_interfaces__rosidl_typesupport_c__pyext[0m
[1.059s] [35m[1mConsolidate compiler generated dependencies of target my_robot_interfaces__rosidl_typesupport_fastrtps_c__pyext[0m
[1.060s] [35m[1mConsolidate compiler generated dependencies of target my_robot_interfaces__rosidl_typesupport_introspection_c__pyext[0m
[1.079s] [ 91%] Built target my_robot_interfaces__rosidl_typesupport_c__pyext
[1.083s] [ 95%] Built target my_robot_interfaces__rosidl_typesupport_fastrtps_c__pyext
[1.087s] [100%] Built target my_robot_interfaces__rosidl_typesupport_introspection_c__pyext
[1.446s] running egg_info
[1.447s] writing my_robot_interfaces.egg-info/PKG-INFO
[1.447s] writing dependency_links to my_robot_interfaces.egg-info/dependency_links.txt
[1.447s] writing top-level names to my_robot_interfaces.egg-info/top_level.txt
[1.451s] reading manifest file 'my_robot_interfaces.egg-info/SOURCES.txt'
[1.452s] writing manifest file 'my_robot_interfaces.egg-info/SOURCES.txt'
[1.493s] [100%] Built target ament_cmake_python_build_my_robot_interfaces_egg
[1.511s] Invoked command in '/home/azmi/eyrc_hb/hb_task_2_ws/build/my_robot_interfaces' returned '0': CMAKE_PREFIX_PATH=/opt/ros/humble /usr/bin/cmake --build /home/azmi/eyrc_hb/hb_task_2_ws/build/my_robot_interfaces -- -j8 -l8
[1.701s] Invoking command in '/home/azmi/eyrc_hb/hb_task_2_ws/build/my_robot_interfaces': CMAKE_PREFIX_PATH=/opt/ros/humble /usr/bin/cmake --install /home/azmi/eyrc_hb/hb_task_2_ws/build/my_robot_interfaces
[1.718s] -- Install configuration: ""
[1.718s] -- Up-to-date: /home/azmi/eyrc_hb/hb_task_2_ws/install/my_robot_interfaces/share/ament_index/resource_index/rosidl_interfaces/my_robot_interfaces
[1.718s] -- Up-to-date: /home/azmi/eyrc_hb/hb_task_2_ws/install/my_robot_interfaces/include/my_robot_interfaces/my_robot_interfaces
[1.719s] -- Up-to-date: /home/azmi/eyrc_hb/hb_task_2_ws/install/my_robot_interfaces/include/my_robot_interfaces/my_robot_interfaces/msg
[1.719s] -- Up-to-date: /home/azmi/eyrc_hb/hb_task_2_ws/install/my_robot_interfaces/include/my_robot_interfaces/my_robot_interfaces/msg/rosidl_generator_c__visibility_control.h
[1.719s] -- Up-to-date: /home/azmi/eyrc_hb/hb_task_2_ws/install/my_robot_interfaces/include/my_robot_interfaces/my_robot_interfaces/msg/shape.h
[1.719s] -- Up-to-date: /home/azmi/eyrc_hb/hb_task_2_ws/install/my_robot_interfaces/include/my_robot_interfaces/my_robot_interfaces/msg/goal.h
[1.719s] -- Up-to-date: /home/azmi/eyrc_hb/hb_task_2_ws/install/my_robot_interfaces/include/my_robot_interfaces/my_robot_interfaces/msg/detail
[1.719s] -- Up-to-date: /home/azmi/eyrc_hb/hb_task_2_ws/install/my_robot_interfaces/include/my_robot_interfaces/my_robot_interfaces/msg/detail/goal__functions.c
[1.720s] -- Up-to-date: /home/azmi/eyrc_hb/hb_task_2_ws/install/my_robot_interfaces/include/my_robot_interfaces/my_robot_interfaces/msg/detail/shape__type_support.h
[1.720s] -- Up-to-date: /home/azmi/eyrc_hb/hb_task_2_ws/install/my_robot_interfaces/include/my_robot_interfaces/my_robot_interfaces/msg/detail/shape__functions.c
[1.720s] -- Up-to-date: /home/azmi/eyrc_hb/hb_task_2_ws/install/my_robot_interfaces/include/my_robot_interfaces/my_robot_interfaces/msg/detail/shape__functions.h
[1.720s] -- Up-to-date: /home/azmi/eyrc_hb/hb_task_2_ws/install/my_robot_interfaces/include/my_robot_interfaces/my_robot_interfaces/msg/detail/goal__struct.h
[1.720s] -- Up-to-date: /home/azmi/eyrc_hb/hb_task_2_ws/install/my_robot_interfaces/include/my_robot_interfaces/my_robot_interfaces/msg/detail/goal__functions.h
[1.721s] -- Up-to-date: /home/azmi/eyrc_hb/hb_task_2_ws/install/my_robot_interfaces/include/my_robot_interfaces/my_robot_interfaces/msg/detail/shape__struct.h
[1.721s] -- Up-to-date: /home/azmi/eyrc_hb/hb_task_2_ws/install/my_robot_interfaces/include/my_robot_interfaces/my_robot_interfaces/msg/detail/goal__type_support.h
[1.721s] -- Up-to-date: /home/azmi/eyrc_hb/hb_task_2_ws/install/my_robot_interfaces/include/my_robot_interfaces/my_robot_interfaces/srv
[1.721s] -- Up-to-date: /home/azmi/eyrc_hb/hb_task_2_ws/install/my_robot_interfaces/include/my_robot_interfaces/my_robot_interfaces/srv/next_goal.h
[1.721s] -- Up-to-date: /home/azmi/eyrc_hb/hb_task_2_ws/install/my_robot_interfaces/include/my_robot_interfaces/my_robot_interfaces/srv/detail
[1.721s] -- Up-to-date: /home/azmi/eyrc_hb/hb_task_2_ws/install/my_robot_interfaces/include/my_robot_interfaces/my_robot_interfaces/srv/detail/next_goal__functions.h
[1.722s] -- Up-to-date: /home/azmi/eyrc_hb/hb_task_2_ws/install/my_robot_interfaces/include/my_robot_interfaces/my_robot_interfaces/srv/detail/next_goal__struct.h
[1.722s] -- Up-to-date: /home/azmi/eyrc_hb/hb_task_2_ws/install/my_robot_interfaces/include/my_robot_interfaces/my_robot_interfaces/srv/detail/next_goal__type_support.h
[1.722s] -- Up-to-date: /home/azmi/eyrc_hb/hb_task_2_ws/install/my_robot_interfaces/include/my_robot_interfaces/my_robot_interfaces/srv/detail/next_goal__functions.c
[1.722s] -- Up-to-date: /home/azmi/eyrc_hb/hb_task_2_ws/install/my_robot_interfaces/share/my_robot_interfaces/environment/library_path.sh
[1.722s] -- Up-to-date: /home/azmi/eyrc_hb/hb_task_2_ws/install/my_robot_interfaces/share/my_robot_interfaces/environment/library_path.dsv
[1.722s] -- Up-to-date: /home/azmi/eyrc_hb/hb_task_2_ws/install/my_robot_interfaces/lib/libmy_robot_interfaces__rosidl_generator_c.so
[1.722s] -- Up-to-date: /home/azmi/eyrc_hb/hb_task_2_ws/install/my_robot_interfaces/include/my_robot_interfaces/my_robot_interfaces
[1.722s] -- Up-to-date: /home/azmi/eyrc_hb/hb_task_2_ws/install/my_robot_interfaces/include/my_robot_interfaces/my_robot_interfaces/msg
[1.723s] -- Up-to-date: /home/azmi/eyrc_hb/hb_task_2_ws/install/my_robot_interfaces/include/my_robot_interfaces/my_robot_interfaces/msg/rosidl_typesupport_fastrtps_c__visibility_control.h
[1.723s] -- Up-to-date: /home/azmi/eyrc_hb/hb_task_2_ws/install/my_robot_interfaces/include/my_robot_interfaces/my_robot_interfaces/msg/detail
[1.723s] -- Up-to-date: /home/azmi/eyrc_hb/hb_task_2_ws/install/my_robot_interfaces/include/my_robot_interfaces/my_robot_interfaces/msg/detail/goal__rosidl_typesupport_fastrtps_c.h
[1.723s] -- Up-to-date: /home/azmi/eyrc_hb/hb_task_2_ws/install/my_robot_interfaces/include/my_robot_interfaces/my_robot_interfaces/msg/detail/shape__rosidl_typesupport_fastrtps_c.h
[1.723s] -- Up-to-date: /home/azmi/eyrc_hb/hb_task_2_ws/install/my_robot_interfaces/include/my_robot_interfaces/my_robot_interfaces/srv
[1.723s] -- Up-to-date: /home/azmi/eyrc_hb/hb_task_2_ws/install/my_robot_interfaces/include/my_robot_interfaces/my_robot_interfaces/srv/detail
[1.723s] -- Up-to-date: /home/azmi/eyrc_hb/hb_task_2_ws/install/my_robot_interfaces/include/my_robot_interfaces/my_robot_interfaces/srv/detail/next_goal__rosidl_typesupport_fastrtps_c.h
[1.723s] -- Up-to-date: /home/azmi/eyrc_hb/hb_task_2_ws/install/my_robot_interfaces/lib/libmy_robot_interfaces__rosidl_typesupport_fastrtps_c.so
[1.724s] -- Up-to-date: /home/azmi/eyrc_hb/hb_task_2_ws/install/my_robot_interfaces/include/my_robot_interfaces/my_robot_interfaces
[1.724s] -- Up-to-date: /home/azmi/eyrc_hb/hb_task_2_ws/install/my_robot_interfaces/include/my_robot_interfaces/my_robot_interfaces/msg
[1.724s] -- Up-to-date: /home/azmi/eyrc_hb/hb_task_2_ws/install/my_robot_interfaces/include/my_robot_interfaces/my_robot_interfaces/msg/rosidl_typesupport_introspection_c__visibility_control.h
[1.724s] -- Up-to-date: /home/azmi/eyrc_hb/hb_task_2_ws/install/my_robot_interfaces/include/my_robot_interfaces/my_robot_interfaces/msg/detail
[1.724s] -- Up-to-date: /home/azmi/eyrc_hb/hb_task_2_ws/install/my_robot_interfaces/include/my_robot_interfaces/my_robot_interfaces/msg/detail/shape__rosidl_typesupport_introspection_c.h
[1.724s] -- Up-to-date: /home/azmi/eyrc_hb/hb_task_2_ws/install/my_robot_interfaces/include/my_robot_interfaces/my_robot_interfaces/msg/detail/shape__type_support.c
[1.724s] -- Up-to-date: /home/azmi/eyrc_hb/hb_task_2_ws/install/my_robot_interfaces/include/my_robot_interfaces/my_robot_interfaces/msg/detail/goal__rosidl_typesupport_introspection_c.h
[1.724s] -- Up-to-date: /home/azmi/eyrc_hb/hb_task_2_ws/install/my_robot_interfaces/include/my_robot_interfaces/my_robot_interfaces/msg/detail/goal__type_support.c
[1.725s] -- Up-to-date: /home/azmi/eyrc_hb/hb_task_2_ws/install/my_robot_interfaces/include/my_robot_interfaces/my_robot_interfaces/srv
[1.725s] -- Up-to-date: /home/azmi/eyrc_hb/hb_task_2_ws/install/my_robot_interfaces/include/my_robot_interfaces/my_robot_interfaces/srv/detail
[1.725s] -- Up-to-date: /home/azmi/eyrc_hb/hb_task_2_ws/install/my_robot_interfaces/include/my_robot_interfaces/my_robot_interfaces/srv/detail/next_goal__type_support.c
[1.725s] -- Up-to-date: /home/azmi/eyrc_hb/hb_task_2_ws/install/my_robot_interfaces/include/my_robot_interfaces/my_robot_interfaces/srv/detail/next_goal__rosidl_typesupport_introspection_c.h
[1.725s] -- Up-to-date: /home/azmi/eyrc_hb/hb_task_2_ws/install/my_robot_interfaces/lib/libmy_robot_interfaces__rosidl_typesupport_introspection_c.so
[1.725s] -- Up-to-date: /home/azmi/eyrc_hb/hb_task_2_ws/install/my_robot_interfaces/lib/libmy_robot_interfaces__rosidl_typesupport_c.so
[1.725s] -- Up-to-date: /home/azmi/eyrc_hb/hb_task_2_ws/install/my_robot_interfaces/include/my_robot_interfaces/my_robot_interfaces
[1.725s] -- Up-to-date: /home/azmi/eyrc_hb/hb_task_2_ws/install/my_robot_interfaces/include/my_robot_interfaces/my_robot_interfaces/msg
[1.726s] -- Up-to-date: /home/azmi/eyrc_hb/hb_task_2_ws/install/my_robot_interfaces/include/my_robot_interfaces/my_robot_interfaces/msg/shape.hpp
[1.726s] -- Up-to-date: /home/azmi/eyrc_hb/hb_task_2_ws/install/my_robot_interfaces/include/my_robot_interfaces/my_robot_interfaces/msg/goal.hpp
[1.726s] -- Up-to-date: /home/azmi/eyrc_hb/hb_task_2_ws/install/my_robot_interfaces/include/my_robot_interfaces/my_robot_interfaces/msg/detail
[1.726s] -- Up-to-date: /home/azmi/eyrc_hb/hb_task_2_ws/install/my_robot_interfaces/include/my_robot_interfaces/my_robot_interfaces/msg/detail/shape__builder.hpp
[1.726s] -- Up-to-date: /home/azmi/eyrc_hb/hb_task_2_ws/install/my_robot_interfaces/include/my_robot_interfaces/my_robot_interfaces/msg/detail/goal__traits.hpp
[1.727s] -- Up-to-date: /home/azmi/eyrc_hb/hb_task_2_ws/install/my_robot_interfaces/include/my_robot_interfaces/my_robot_interfaces/msg/detail/goal__builder.hpp
[1.727s] -- Up-to-date: /home/azmi/eyrc_hb/hb_task_2_ws/install/my_robot_interfaces/include/my_robot_interfaces/my_robot_interfaces/msg/detail/goal__struct.hpp
[1.727s] -- Up-to-date: /home/azmi/eyrc_hb/hb_task_2_ws/install/my_robot_interfaces/include/my_robot_interfaces/my_robot_interfaces/msg/detail/shape__struct.hpp
[1.727s] -- Up-to-date: /home/azmi/eyrc_hb/hb_task_2_ws/install/my_robot_interfaces/include/my_robot_interfaces/my_robot_interfaces/msg/detail/shape__traits.hpp
[1.728s] -- Up-to-date: /home/azmi/eyrc_hb/hb_task_2_ws/install/my_robot_interfaces/include/my_robot_interfaces/my_robot_interfaces/srv
[1.728s] -- Up-to-date: /home/azmi/eyrc_hb/hb_task_2_ws/install/my_robot_interfaces/include/my_robot_interfaces/my_robot_interfaces/srv/next_goal.hpp
[1.728s] -- Up-to-date: /home/azmi/eyrc_hb/hb_task_2_ws/install/my_robot_interfaces/include/my_robot_interfaces/my_robot_interfaces/srv/detail
[1.728s] -- Up-to-date: /home/azmi/eyrc_hb/hb_task_2_ws/install/my_robot_interfaces/include/my_robot_interfaces/my_robot_interfaces/srv/detail/next_goal__builder.hpp
[1.728s] -- Up-to-date: /home/azmi/eyrc_hb/hb_task_2_ws/install/my_robot_interfaces/include/my_robot_interfaces/my_robot_interfaces/srv/detail/next_goal__struct.hpp
[1.728s] -- Up-to-date: /home/azmi/eyrc_hb/hb_task_2_ws/install/my_robot_interfaces/include/my_robot_interfaces/my_robot_interfaces/srv/detail/next_goal__traits.hpp
[1.728s] -- Up-to-date: /home/azmi/eyrc_hb/hb_task_2_ws/install/my_robot_interfaces/include/my_robot_interfaces/my_robot_interfaces
[1.728s] -- Up-to-date: /home/azmi/eyrc_hb/hb_task_2_ws/install/my_robot_interfaces/include/my_robot_interfaces/my_robot_interfaces/msg
[1.729s] -- Up-to-date: /home/azmi/eyrc_hb/hb_task_2_ws/install/my_robot_interfaces/include/my_robot_interfaces/my_robot_interfaces/msg/rosidl_typesupport_fastrtps_cpp__visibility_control.h
[1.729s] -- Up-to-date: /home/azmi/eyrc_hb/hb_task_2_ws/install/my_robot_interfaces/include/my_robot_interfaces/my_robot_interfaces/msg/detail
[1.729s] -- Up-to-date: /home/azmi/eyrc_hb/hb_task_2_ws/install/my_robot_interfaces/include/my_robot_interfaces/my_robot_interfaces/msg/detail/goal__rosidl_typesupport_fastrtps_cpp.hpp
[1.729s] -- Up-to-date: /home/azmi/eyrc_hb/hb_task_2_ws/install/my_robot_interfaces/include/my_robot_interfaces/my_robot_interfaces/msg/detail/shape__rosidl_typesupport_fastrtps_cpp.hpp
[1.729s] -- Up-to-date: /home/azmi/eyrc_hb/hb_task_2_ws/install/my_robot_interfaces/include/my_robot_interfaces/my_robot_interfaces/msg/detail/dds_fastrtps
[1.729s] -- Up-to-date: /home/azmi/eyrc_hb/hb_task_2_ws/install/my_robot_interfaces/include/my_robot_interfaces/my_robot_interfaces/srv
[1.729s] -- Up-to-date: /home/azmi/eyrc_hb/hb_task_2_ws/install/my_robot_interfaces/include/my_robot_interfaces/my_robot_interfaces/srv/detail
[1.730s] -- Up-to-date: /home/azmi/eyrc_hb/hb_task_2_ws/install/my_robot_interfaces/include/my_robot_interfaces/my_robot_interfaces/srv/detail/next_goal__rosidl_typesupport_fastrtps_cpp.hpp
[1.730s] -- Up-to-date: /home/azmi/eyrc_hb/hb_task_2_ws/install/my_robot_interfaces/include/my_robot_interfaces/my_robot_interfaces/srv/detail/dds_fastrtps
[1.730s] -- Up-to-date: /home/azmi/eyrc_hb/hb_task_2_ws/install/my_robot_interfaces/lib/libmy_robot_interfaces__rosidl_typesupport_fastrtps_cpp.so
[1.730s] -- Up-to-date: /home/azmi/eyrc_hb/hb_task_2_ws/install/my_robot_interfaces/include/my_robot_interfaces/my_robot_interfaces
[1.730s] -- Up-to-date: /home/azmi/eyrc_hb/hb_task_2_ws/install/my_robot_interfaces/include/my_robot_interfaces/my_robot_interfaces/msg
[1.730s] -- Up-to-date: /home/azmi/eyrc_hb/hb_task_2_ws/install/my_robot_interfaces/include/my_robot_interfaces/my_robot_interfaces/msg/detail
[1.730s] -- Up-to-date: /home/azmi/eyrc_hb/hb_task_2_ws/install/my_robot_interfaces/include/my_robot_interfaces/my_robot_interfaces/msg/detail/goal__type_support.cpp
[1.730s] -- Up-to-date: /home/azmi/eyrc_hb/hb_task_2_ws/install/my_robot_interfaces/include/my_robot_interfaces/my_robot_interfaces/msg/detail/shape__rosidl_typesupport_introspection_cpp.hpp
[1.731s] -- Up-to-date: /home/azmi/eyrc_hb/hb_task_2_ws/install/my_robot_interfaces/include/my_robot_interfaces/my_robot_interfaces/msg/detail/shape__type_support.cpp
[1.731s] -- Up-to-date: /home/azmi/eyrc_hb/hb_task_2_ws/install/my_robot_interfaces/include/my_robot_interfaces/my_robot_interfaces/msg/detail/goal__rosidl_typesupport_introspection_cpp.hpp
[1.731s] -- Up-to-date: /home/azmi/eyrc_hb/hb_task_2_ws/install/my_robot_interfaces/include/my_robot_interfaces/my_robot_interfaces/srv
[1.731s] -- Up-to-date: /home/azmi/eyrc_hb/hb_task_2_ws/install/my_robot_interfaces/include/my_robot_interfaces/my_robot_interfaces/srv/detail
[1.731s] -- Up-to-date: /home/azmi/eyrc_hb/hb_task_2_ws/install/my_robot_interfaces/include/my_robot_interfaces/my_robot_interfaces/srv/detail/next_goal__rosidl_typesupport_introspection_cpp.hpp
[1.732s] -- Up-to-date: /home/azmi/eyrc_hb/hb_task_2_ws/install/my_robot_interfaces/include/my_robot_interfaces/my_robot_interfaces/srv/detail/next_goal__type_support.cpp
[1.732s] -- Up-to-date: /home/azmi/eyrc_hb/hb_task_2_ws/install/my_robot_interfaces/lib/libmy_robot_interfaces__rosidl_typesupport_introspection_cpp.so
[1.732s] -- Up-to-date: /home/azmi/eyrc_hb/hb_task_2_ws/install/my_robot_interfaces/lib/libmy_robot_interfaces__rosidl_typesupport_cpp.so
[1.732s] -- Up-to-date: /home/azmi/eyrc_hb/hb_task_2_ws/install/my_robot_interfaces/share/my_robot_interfaces/environment/pythonpath.sh
[1.732s] -- Up-to-date: /home/azmi/eyrc_hb/hb_task_2_ws/install/my_robot_interfaces/share/my_robot_interfaces/environment/pythonpath.dsv
[1.733s] -- Up-to-date: /home/azmi/eyrc_hb/hb_task_2_ws/install/my_robot_interfaces/local/lib/python3.10/dist-packages/my_robot_interfaces-0.0.0-py3.10.egg-info
[1.733s] -- Installing: /home/azmi/eyrc_hb/hb_task_2_ws/install/my_robot_interfaces/local/lib/python3.10/dist-packages/my_robot_interfaces-0.0.0-py3.10.egg-info/dependency_links.txt
[1.733s] -- Installing: /home/azmi/eyrc_hb/hb_task_2_ws/install/my_robot_interfaces/local/lib/python3.10/dist-packages/my_robot_interfaces-0.0.0-py3.10.egg-info/top_level.txt
[1.733s] -- Installing: /home/azmi/eyrc_hb/hb_task_2_ws/install/my_robot_interfaces/local/lib/python3.10/dist-packages/my_robot_interfaces-0.0.0-py3.10.egg-info/SOURCES.txt
[1.733s] -- Installing: /home/azmi/eyrc_hb/hb_task_2_ws/install/my_robot_interfaces/local/lib/python3.10/dist-packages/my_robot_interfaces-0.0.0-py3.10.egg-info/PKG-INFO
[1.733s] -- Up-to-date: /home/azmi/eyrc_hb/hb_task_2_ws/install/my_robot_interfaces/local/lib/python3.10/dist-packages/my_robot_interfaces
[1.733s] -- Up-to-date: /home/azmi/eyrc_hb/hb_task_2_ws/install/my_robot_interfaces/local/lib/python3.10/dist-packages/my_robot_interfaces/_my_robot_interfaces_s.ep.rosidl_typesupport_c.c
[1.733s] -- Up-to-date: /home/azmi/eyrc_hb/hb_task_2_ws/install/my_robot_interfaces/local/lib/python3.10/dist-packages/my_robot_interfaces/_my_robot_interfaces_s.ep.rosidl_typesupport_introspection_c.c
[1.733s] -- Up-to-date: /home/azmi/eyrc_hb/hb_task_2_ws/install/my_robot_interfaces/local/lib/python3.10/dist-packages/my_robot_interfaces/libmy_robot_interfaces__rosidl_generator_py.so
[1.734s] -- Up-to-date: /home/azmi/eyrc_hb/hb_task_2_ws/install/my_robot_interfaces/local/lib/python3.10/dist-packages/my_robot_interfaces/__init__.py
[1.734s] -- Up-to-date: /home/azmi/eyrc_hb/hb_task_2_ws/install/my_robot_interfaces/local/lib/python3.10/dist-packages/my_robot_interfaces/my_robot_interfaces_s__rosidl_typesupport_introspection_c.cpython-310-x86_64-linux-gnu.so
[1.734s] -- Up-to-date: /home/azmi/eyrc_hb/hb_task_2_ws/install/my_robot_interfaces/local/lib/python3.10/dist-packages/my_robot_interfaces/msg
[1.734s] -- Up-to-date: /home/azmi/eyrc_hb/hb_task_2_ws/install/my_robot_interfaces/local/lib/python3.10/dist-packages/my_robot_interfaces/msg/_shape_s.c
[1.734s] -- Up-to-date: /home/azmi/eyrc_hb/hb_task_2_ws/install/my_robot_interfaces/local/lib/python3.10/dist-packages/my_robot_interfaces/msg/__init__.py
[1.734s] -- Up-to-date: /home/azmi/eyrc_hb/hb_task_2_ws/install/my_robot_interfaces/local/lib/python3.10/dist-packages/my_robot_interfaces/msg/_goal.py
[1.734s] -- Up-to-date: /home/azmi/eyrc_hb/hb_task_2_ws/install/my_robot_interfaces/local/lib/python3.10/dist-packages/my_robot_interfaces/msg/_shape.py
[1.735s] -- Up-to-date: /home/azmi/eyrc_hb/hb_task_2_ws/install/my_robot_interfaces/local/lib/python3.10/dist-packages/my_robot_interfaces/msg/_goal_s.c
[1.735s] -- Up-to-date: /home/azmi/eyrc_hb/hb_task_2_ws/install/my_robot_interfaces/local/lib/python3.10/dist-packages/my_robot_interfaces/srv
[1.735s] -- Up-to-date: /home/azmi/eyrc_hb/hb_task_2_ws/install/my_robot_interfaces/local/lib/python3.10/dist-packages/my_robot_interfaces/srv/__init__.py
[1.735s] -- Up-to-date: /home/azmi/eyrc_hb/hb_task_2_ws/install/my_robot_interfaces/local/lib/python3.10/dist-packages/my_robot_interfaces/srv/_next_goal_s.c
[1.735s] -- Up-to-date: /home/azmi/eyrc_hb/hb_task_2_ws/install/my_robot_interfaces/local/lib/python3.10/dist-packages/my_robot_interfaces/srv/_next_goal.py
[1.735s] -- Up-to-date: /home/azmi/eyrc_hb/hb_task_2_ws/install/my_robot_interfaces/local/lib/python3.10/dist-packages/my_robot_interfaces/my_robot_interfaces_s__rosidl_typesupport_c.cpython-310-x86_64-linux-gnu.so
[1.735s] -- Up-to-date: /home/azmi/eyrc_hb/hb_task_2_ws/install/my_robot_interfaces/local/lib/python3.10/dist-packages/my_robot_interfaces/_my_robot_interfaces_s.ep.rosidl_typesupport_fastrtps_c.c
[1.735s] -- Up-to-date: /home/azmi/eyrc_hb/hb_task_2_ws/install/my_robot_interfaces/local/lib/python3.10/dist-packages/my_robot_interfaces/my_robot_interfaces_s__rosidl_typesupport_fastrtps_c.cpython-310-x86_64-linux-gnu.so
[1.790s] Listing '/home/azmi/eyrc_hb/hb_task_2_ws/install/my_robot_interfaces/local/lib/python3.10/dist-packages/my_robot_interfaces'...
[1.791s] Listing '/home/azmi/eyrc_hb/hb_task_2_ws/install/my_robot_interfaces/local/lib/python3.10/dist-packages/my_robot_interfaces/msg'...
[1.791s] Listing '/home/azmi/eyrc_hb/hb_task_2_ws/install/my_robot_interfaces/local/lib/python3.10/dist-packages/my_robot_interfaces/srv'...
[1.800s] -- Up-to-date: /home/azmi/eyrc_hb/hb_task_2_ws/install/my_robot_interfaces/local/lib/python3.10/dist-packages/my_robot_interfaces/my_robot_interfaces_s__rosidl_typesupport_fastrtps_c.cpython-310-x86_64-linux-gnu.so
[1.805s] -- Up-to-date: /home/azmi/eyrc_hb/hb_task_2_ws/install/my_robot_interfaces/local/lib/python3.10/dist-packages/my_robot_interfaces/my_robot_interfaces_s__rosidl_typesupport_introspection_c.cpython-310-x86_64-linux-gnu.so
[1.805s] -- Up-to-date: /home/azmi/eyrc_hb/hb_task_2_ws/install/my_robot_interfaces/local/lib/python3.10/dist-packages/my_robot_interfaces/my_robot_interfaces_s__rosidl_typesupport_c.cpython-310-x86_64-linux-gnu.so
[1.805s] -- Up-to-date: /home/azmi/eyrc_hb/hb_task_2_ws/install/my_robot_interfaces/lib/libmy_robot_interfaces__rosidl_generator_py.so
[1.807s] -- Up-to-date: /home/azmi/eyrc_hb/hb_task_2_ws/install/my_robot_interfaces/share/my_robot_interfaces/srv/NextGoal.idl
[1.807s] -- Up-to-date: /home/azmi/eyrc_hb/hb_task_2_ws/install/my_robot_interfaces/share/my_robot_interfaces/msg/Goal.idl
[1.807s] -- Up-to-date: /home/azmi/eyrc_hb/hb_task_2_ws/install/my_robot_interfaces/share/my_robot_interfaces/msg/Shape.idl
[1.808s] -- Up-to-date: /home/azmi/eyrc_hb/hb_task_2_ws/install/my_robot_interfaces/share/my_robot_interfaces/srv/NextGoal.srv
[1.808s] -- Up-to-date: /home/azmi/eyrc_hb/hb_task_2_ws/install/my_robot_interfaces/share/my_robot_interfaces/srv/NextGoal_Request.msg
[1.808s] -- Up-to-date: /home/azmi/eyrc_hb/hb_task_2_ws/install/my_robot_interfaces/share/my_robot_interfaces/srv/NextGoal_Response.msg
[1.808s] -- Up-to-date: /home/azmi/eyrc_hb/hb_task_2_ws/install/my_robot_interfaces/share/my_robot_interfaces/msg/Goal.msg
[1.808s] -- Up-to-date: /home/azmi/eyrc_hb/hb_task_2_ws/install/my_robot_interfaces/share/my_robot_interfaces/msg/Shape.msg
[1.809s] -- Up-to-date: /home/azmi/eyrc_hb/hb_task_2_ws/install/my_robot_interfaces/share/ament_index/resource_index/package_run_dependencies/my_robot_interfaces
[1.809s] -- Up-to-date: /home/azmi/eyrc_hb/hb_task_2_ws/install/my_robot_interfaces/share/ament_index/resource_index/parent_prefix_path/my_robot_interfaces
[1.809s] -- Up-to-date: /home/azmi/eyrc_hb/hb_task_2_ws/install/my_robot_interfaces/share/my_robot_interfaces/environment/ament_prefix_path.sh
[1.809s] -- Up-to-date: /home/azmi/eyrc_hb/hb_task_2_ws/install/my_robot_interfaces/share/my_robot_interfaces/environment/ament_prefix_path.dsv
[1.809s] -- Up-to-date: /home/azmi/eyrc_hb/hb_task_2_ws/install/my_robot_interfaces/share/my_robot_interfaces/environment/path.sh
[1.809s] -- Up-to-date: /home/azmi/eyrc_hb/hb_task_2_ws/install/my_robot_interfaces/share/my_robot_interfaces/environment/path.dsv
[1.809s] -- Up-to-date: /home/azmi/eyrc_hb/hb_task_2_ws/install/my_robot_interfaces/share/my_robot_interfaces/local_setup.bash
[1.810s] -- Up-to-date: /home/azmi/eyrc_hb/hb_task_2_ws/install/my_robot_interfaces/share/my_robot_interfaces/local_setup.sh
[1.810s] -- Up-to-date: /home/azmi/eyrc_hb/hb_task_2_ws/install/my_robot_interfaces/share/my_robot_interfaces/local_setup.zsh
[1.810s] -- Up-to-date: /home/azmi/eyrc_hb/hb_task_2_ws/install/my_robot_interfaces/share/my_robot_interfaces/local_setup.dsv
[1.810s] -- Installing: /home/azmi/eyrc_hb/hb_task_2_ws/install/my_robot_interfaces/share/my_robot_interfaces/package.dsv
[1.810s] -- Up-to-date: /home/azmi/eyrc_hb/hb_task_2_ws/install/my_robot_interfaces/share/ament_index/resource_index/packages/my_robot_interfaces
[1.810s] -- Up-to-date: /home/azmi/eyrc_hb/hb_task_2_ws/install/my_robot_interfaces/share/my_robot_interfaces/cmake/export_my_robot_interfaces__rosidl_generator_cExport.cmake
[1.810s] -- Up-to-date: /home/azmi/eyrc_hb/hb_task_2_ws/install/my_robot_interfaces/share/my_robot_interfaces/cmake/export_my_robot_interfaces__rosidl_generator_cExport-noconfig.cmake
[1.810s] -- Up-to-date: /home/azmi/eyrc_hb/hb_task_2_ws/install/my_robot_interfaces/share/my_robot_interfaces/cmake/export_my_robot_interfaces__rosidl_typesupport_fastrtps_cExport.cmake
[1.811s] -- Up-to-date: /home/azmi/eyrc_hb/hb_task_2_ws/install/my_robot_interfaces/share/my_robot_interfaces/cmake/export_my_robot_interfaces__rosidl_typesupport_fastrtps_cExport-noconfig.cmake
[1.811s] -- Up-to-date: /home/azmi/eyrc_hb/hb_task_2_ws/install/my_robot_interfaces/share/my_robot_interfaces/cmake/my_robot_interfaces__rosidl_typesupport_introspection_cExport.cmake
[1.811s] -- Up-to-date: /home/azmi/eyrc_hb/hb_task_2_ws/install/my_robot_interfaces/share/my_robot_interfaces/cmake/my_robot_interfaces__rosidl_typesupport_introspection_cExport-noconfig.cmake
[1.811s] -- Up-to-date: /home/azmi/eyrc_hb/hb_task_2_ws/install/my_robot_interfaces/share/my_robot_interfaces/cmake/my_robot_interfaces__rosidl_typesupport_cExport.cmake
[1.811s] -- Up-to-date: /home/azmi/eyrc_hb/hb_task_2_ws/install/my_robot_interfaces/share/my_robot_interfaces/cmake/my_robot_interfaces__rosidl_typesupport_cExport-noconfig.cmake
[1.811s] -- Up-to-date: /home/azmi/eyrc_hb/hb_task_2_ws/install/my_robot_interfaces/share/my_robot_interfaces/cmake/export_my_robot_interfaces__rosidl_generator_cppExport.cmake
[1.811s] -- Up-to-date: /home/azmi/eyrc_hb/hb_task_2_ws/install/my_robot_interfaces/share/my_robot_interfaces/cmake/export_my_robot_interfaces__rosidl_typesupport_fastrtps_cppExport.cmake
[1.811s] -- Up-to-date: /home/azmi/eyrc_hb/hb_task_2_ws/install/my_robot_interfaces/share/my_robot_interfaces/cmake/export_my_robot_interfaces__rosidl_typesupport_fastrtps_cppExport-noconfig.cmake
[1.812s] -- Up-to-date: /home/azmi/eyrc_hb/hb_task_2_ws/install/my_robot_interfaces/share/my_robot_interfaces/cmake/my_robot_interfaces__rosidl_typesupport_introspection_cppExport.cmake
[1.812s] -- Up-to-date: /home/azmi/eyrc_hb/hb_task_2_ws/install/my_robot_interfaces/share/my_robot_interfaces/cmake/my_robot_interfaces__rosidl_typesupport_introspection_cppExport-noconfig.cmake
[1.812s] -- Up-to-date: /home/azmi/eyrc_hb/hb_task_2_ws/install/my_robot_interfaces/share/my_robot_interfaces/cmake/my_robot_interfaces__rosidl_typesupport_cppExport.cmake
[1.812s] -- Up-to-date: /home/azmi/eyrc_hb/hb_task_2_ws/install/my_robot_interfaces/share/my_robot_interfaces/cmake/my_robot_interfaces__rosidl_typesupport_cppExport-noconfig.cmake
[1.812s] -- Up-to-date: /home/azmi/eyrc_hb/hb_task_2_ws/install/my_robot_interfaces/share/my_robot_interfaces/cmake/export_my_robot_interfaces__rosidl_generator_pyExport.cmake
[1.812s] -- Up-to-date: /home/azmi/eyrc_hb/hb_task_2_ws/install/my_robot_interfaces/share/my_robot_interfaces/cmake/export_my_robot_interfaces__rosidl_generator_pyExport-noconfig.cmake
[1.812s] -- Up-to-date: /home/azmi/eyrc_hb/hb_task_2_ws/install/my_robot_interfaces/share/my_robot_interfaces/cmake/rosidl_cmake-extras.cmake
[1.812s] -- Up-to-date: /home/azmi/eyrc_hb/hb_task_2_ws/install/my_robot_interfaces/share/my_robot_interfaces/cmake/ament_cmake_export_include_directories-extras.cmake
[1.813s] -- Up-to-date: /home/azmi/eyrc_hb/hb_task_2_ws/install/my_robot_interfaces/share/my_robot_interfaces/cmake/ament_cmake_export_libraries-extras.cmake
[1.813s] -- Up-to-date: /home/azmi/eyrc_hb/hb_task_2_ws/install/my_robot_interfaces/share/my_robot_interfaces/cmake/ament_cmake_export_targets-extras.cmake
[1.813s] -- Up-to-date: /home/azmi/eyrc_hb/hb_task_2_ws/install/my_robot_interfaces/share/my_robot_interfaces/cmake/rosidl_cmake_export_typesupport_targets-extras.cmake
[1.813s] -- Up-to-date: /home/azmi/eyrc_hb/hb_task_2_ws/install/my_robot_interfaces/share/my_robot_interfaces/cmake/ament_cmake_export_dependencies-extras.cmake
[1.813s] -- Up-to-date: /home/azmi/eyrc_hb/hb_task_2_ws/install/my_robot_interfaces/share/my_robot_interfaces/cmake/rosidl_cmake_export_typesupport_libraries-extras.cmake
[1.813s] -- Up-to-date: /home/azmi/eyrc_hb/hb_task_2_ws/install/my_robot_interfaces/share/my_robot_interfaces/cmake/my_robot_interfacesConfig.cmake
[1.813s] -- Up-to-date: /home/azmi/eyrc_hb/hb_task_2_ws/install/my_robot_interfaces/share/my_robot_interfaces/cmake/my_robot_interfacesConfig-version.cmake
[1.813s] -- Up-to-date: /home/azmi/eyrc_hb/hb_task_2_ws/install/my_robot_interfaces/share/my_robot_interfaces/package.xml
[1.817s] Invoked command in '/home/azmi/eyrc_hb/hb_task_2_ws/build/my_robot_interfaces' returned '0': CMAKE_PREFIX_PATH=/opt/ros/humble /usr/bin/cmake --install /home/azmi/eyrc_hb/hb_task_2_ws/build/my_robot_interfaces
