[0.359s] Invoking command in '/home/azmi/eyrc_hb/hb_task1a_ws/build/turtlesim': CMAKE_PREFIX_PATH=/opt/ros/humble /usr/bin/cmake /home/azmi/eyrc_hb/hb_task1a_ws/src/ros_tutorials/turtlesim -DCMAKE_INSTALL_PREFIX=/home/azmi/eyrc_hb/hb_task1a_ws/install/turtlesim
[0.482s] -- The C compiler identification is GNU 11.4.0
[0.540s] -- The CXX compiler identification is GNU 11.4.0
[0.553s] -- Detecting C compiler ABI info
[0.613s] -- Detecting C compiler ABI info - done
[0.621s] -- Check for working C compiler: /usr/bin/cc - skipped
[0.621s] -- Detecting C compile features
[0.622s] -- Detecting C compile features - done
[0.626s] -- Detecting CXX compiler ABI info
[0.695s] -- Detecting CXX compiler ABI info - done
[0.704s] -- Check for working CXX compiler: /usr/bin/c++ - skipped
[0.704s] -- Detecting CXX compile features
[0.704s] -- Detecting CXX compile features - done
[0.722s] -- Found ament_cmake: 1.3.5 (/opt/ros/humble/share/ament_cmake/cmake)
[0.891s] -- Found Python3: /usr/bin/python3.10 (found version "3.10.12") found components: Interpreter 
[1.012s] -- Found ament_index_cpp: 1.4.0 (/opt/ros/humble/share/ament_index_cpp/cmake)
[1.017s] -- Found geometry_msgs: 4.2.3 (/opt/ros/humble/share/geometry_msgs/cmake)
[1.079s] -- Found rosidl_generator_c: 3.1.5 (/opt/ros/humble/share/rosidl_generator_c/cmake)
[1.086s] -- Found rosidl_adapter: 3.1.5 (/opt/ros/humble/share/rosidl_adapter/cmake)
[1.100s] -- Found rosidl_generator_cpp: 3.1.5 (/opt/ros/humble/share/rosidl_generator_cpp/cmake)
[1.125s] -- Using all available rosidl_typesupport_c: rosidl_typesupport_fastrtps_c;rosidl_typesupport_introspection_c
[1.154s] -- Using all available rosidl_typesupport_cpp: rosidl_typesupport_fastrtps_cpp;rosidl_typesupport_introspection_cpp
[1.333s] -- Found rclcpp: 16.0.6 (/opt/ros/humble/share/rclcpp/cmake)
[1.418s] -- Found rmw_implementation_cmake: 6.1.1 (/opt/ros/humble/share/rmw_implementation_cmake/cmake)
[1.447s] -- Found rmw_fastrtps_cpp: 6.2.4 (/opt/ros/humble/share/rmw_fastrtps_cpp/cmake)
[1.573s] -- Found OpenSSL: /usr/lib/x86_64-linux-gnu/libcrypto.so (found version "3.0.2")  
[1.597s] -- Found FastRTPS: /opt/ros/humble/include  
[1.636s] -- Using RMW implementation 'rmw_fastrtps_cpp' as default
[1.650s] -- Looking for pthread.h
[1.712s] -- Looking for pthread.h - found
[1.712s] -- Performing Test CMAKE_HAVE_LIBC_PTHREAD
[1.775s] -- Performing Test CMAKE_HAVE_LIBC_PTHREAD - Success
[1.776s] -- Found Threads: TRUE  
[1.927s] -- Found rclcpp_action: 16.0.6 (/opt/ros/humble/share/rclcpp_action/cmake)
[2.045s] -- Found rosidl_default_generators: 1.2.0 (/opt/ros/humble/share/rosidl_default_generators/cmake)
[2.058s] -- Found std_srvs: 4.2.3 (/opt/ros/humble/share/std_srvs/cmake)
[2.366s] -- Found ament_cmake_ros: 0.10.0 (/opt/ros/humble/share/ament_cmake_ros/cmake)
[2.656s] -- Using all available rosidl_typesupport_c: rosidl_typesupport_fastrtps_c;rosidl_typesupport_introspection_c
[2.766s] -- Using all available rosidl_typesupport_cpp: rosidl_typesupport_fastrtps_cpp;rosidl_typesupport_introspection_cpp
[2.787s] -- Found PythonInterp: /usr/bin/python3 (found suitable version "3.10.12", minimum required is "3.6") 
[2.789s] -- Found python_cmake_module: 0.10.0 (/opt/ros/humble/share/python_cmake_module/cmake)
[2.814s] -- Found PythonLibs: /usr/lib/x86_64-linux-gnu/libpython3.10.so (found suitable version "3.10.12", minimum required is "3.5") 
[2.814s] -- Using PYTHON_EXECUTABLE: /usr/bin/python3
[2.814s] -- Using PYTHON_INCLUDE_DIRS: /usr/include/python3.10
[2.814s] -- Using PYTHON_LIBRARIES: /usr/lib/x86_64-linux-gnu/libpython3.10.so
[2.832s] -- Found PythonExtra: .so  
[2.889s] -- Configuring done
[2.946s] -- Generating done
[2.949s] -- Build files have been written to: /home/azmi/eyrc_hb/hb_task1a_ws/build/turtlesim
[2.962s] Invoked command in '/home/azmi/eyrc_hb/hb_task1a_ws/build/turtlesim' returned '0': CMAKE_PREFIX_PATH=/opt/ros/humble /usr/bin/cmake /home/azmi/eyrc_hb/hb_task1a_ws/src/ros_tutorials/turtlesim -DCMAKE_INSTALL_PREFIX=/home/azmi/eyrc_hb/hb_task1a_ws/install/turtlesim
[2.964s] Invoking command in '/home/azmi/eyrc_hb/hb_task1a_ws/build/turtlesim': CMAKE_PREFIX_PATH=/opt/ros/humble /usr/bin/cmake --build /home/azmi/eyrc_hb/hb_task1a_ws/build/turtlesim -- -j8 -l8
[3.004s] [  1%] [34m[1mGenerating C code for ROS interfaces[0m
[3.013s] [  2%] [34m[1mGenerating C++ code for ROS interfaces[0m
[3.021s] [  2%] Built target ament_cmake_python_copy_turtlesim
[3.267s] running egg_info
[3.268s] creating turtlesim.egg-info
[3.268s] writing turtlesim.egg-info/PKG-INFO
[3.268s] writing dependency_links to turtlesim.egg-info/dependency_links.txt
[3.268s] writing top-level names to turtlesim.egg-info/top_level.txt
[3.268s] writing manifest file 'turtlesim.egg-info/SOURCES.txt'
[3.271s] reading manifest file 'turtlesim.egg-info/SOURCES.txt'
[3.271s] writing manifest file 'turtlesim.egg-info/SOURCES.txt'
[3.296s] [  2%] Built target ament_cmake_python_build_turtlesim_egg
[3.883s] [  2%] Built target turtlesim__cpp
[3.892s] [  5%] [34m[1mGenerating C++ type support for eProsima Fast-RTPS[0m
[3.892s] [  5%] [34m[1mGenerating C++ introspection for ROS interfaces[0m
[3.892s] [  5%] [34m[1mGenerating C++ type support dispatch for ROS interfaces[0m
[4.013s] [ 10%] [32mBuilding C object CMakeFiles/turtlesim__rosidl_generator_c.dir/rosidl_generator_c/turtlesim/action/detail/rotate_absolute__functions.c.o[0m
[4.013s] [ 10%] [32mBuilding C object CMakeFiles/turtlesim__rosidl_generator_c.dir/rosidl_generator_c/turtlesim/srv/detail/kill__functions.c.o[0m
[4.014s] [ 10%] [32mBuilding C object CMakeFiles/turtlesim__rosidl_generator_c.dir/rosidl_generator_c/turtlesim/srv/detail/set_pen__functions.c.o[0m
[4.014s] [ 10%] [32mBuilding C object CMakeFiles/turtlesim__rosidl_generator_c.dir/rosidl_generator_c/turtlesim/msg/detail/color__functions.c.o[0m
[4.014s] [ 10%] [32mBuilding C object CMakeFiles/turtlesim__rosidl_generator_c.dir/rosidl_generator_c/turtlesim/msg/detail/pose__functions.c.o[0m
[4.090s] [ 11%] [32mBuilding C object CMakeFiles/turtlesim__rosidl_generator_c.dir/rosidl_generator_c/turtlesim/srv/detail/spawn__functions.c.o[0m
[4.093s] [ 12%] [32mBuilding C object CMakeFiles/turtlesim__rosidl_generator_c.dir/rosidl_generator_c/turtlesim/srv/detail/teleport_absolute__functions.c.o[0m
[4.104s] [ 13%] [32mBuilding C object CMakeFiles/turtlesim__rosidl_generator_c.dir/rosidl_generator_c/turtlesim/srv/detail/teleport_relative__functions.c.o[0m
[4.208s] [ 14%] [32m[1mLinking C shared library libturtlesim__rosidl_generator_c.so[0m
[4.244s] [ 14%] Built target turtlesim__rosidl_generator_c
[4.253s] [ 15%] [34m[1mGenerating C type support for eProsima Fast-RTPS[0m
[4.257s] [ 17%] [34m[1mGenerating C type support dispatch for ROS interfaces[0m
[4.257s] [ 17%] [34m[1mGenerating C introspection for ROS interfaces[0m
[4.544s] [ 19%] [32mBuilding CXX object CMakeFiles/turtlesim__rosidl_typesupport_cpp.dir/rosidl_typesupport_cpp/turtlesim/action/rotate_absolute__type_support.cpp.o[0m
[4.545s] [ 19%] [32mBuilding CXX object CMakeFiles/turtlesim__rosidl_typesupport_cpp.dir/rosidl_typesupport_cpp/turtlesim/msg/pose__type_support.cpp.o[0m
[4.545s] [ 20%] [32mBuilding CXX object CMakeFiles/turtlesim__rosidl_typesupport_cpp.dir/rosidl_typesupport_cpp/turtlesim/msg/color__type_support.cpp.o[0m
[4.999s] [ 22%] [32mBuilding CXX object CMakeFiles/turtlesim__rosidl_typesupport_cpp.dir/rosidl_typesupport_cpp/turtlesim/srv/kill__type_support.cpp.o[0m
[4.999s] [ 22%] [32mBuilding CXX object CMakeFiles/turtlesim__rosidl_typesupport_cpp.dir/rosidl_typesupport_cpp/turtlesim/srv/set_pen__type_support.cpp.o[0m
[5.214s] [ 23%] [32mBuilding CXX object CMakeFiles/turtlesim__rosidl_typesupport_introspection_cpp.dir/rosidl_typesupport_introspection_cpp/turtlesim/action/detail/rotate_absolute__type_support.cpp.o[0m
[5.283s] [ 24%] [32mBuilding CXX object CMakeFiles/turtlesim__rosidl_typesupport_c.dir/rosidl_typesupport_c/turtlesim/action/rotate_absolute__type_support.cpp.o[0m
[5.340s] [ 25%] [32mBuilding CXX object CMakeFiles/turtlesim__rosidl_typesupport_c.dir/rosidl_typesupport_c/turtlesim/msg/color__type_support.cpp.o[0m
[5.363s] [ 26%] [32mBuilding CXX object CMakeFiles/turtlesim__rosidl_typesupport_c.dir/rosidl_typesupport_c/turtlesim/msg/pose__type_support.cpp.o[0m
[5.386s] [ 27%] [32mBuilding CXX object CMakeFiles/turtlesim__rosidl_typesupport_c.dir/rosidl_typesupport_c/turtlesim/srv/kill__type_support.cpp.o[0m
[5.408s] [ 28%] [32mBuilding CXX object CMakeFiles/turtlesim__rosidl_typesupport_c.dir/rosidl_typesupport_c/turtlesim/srv/set_pen__type_support.cpp.o[0m
[5.446s] [ 29%] [32mBuilding CXX object CMakeFiles/turtlesim__rosidl_typesupport_c.dir/rosidl_typesupport_c/turtlesim/srv/spawn__type_support.cpp.o[0m
[5.457s] [ 30%] [32mBuilding CXX object CMakeFiles/turtlesim__rosidl_typesupport_c.dir/rosidl_typesupport_c/turtlesim/srv/teleport_absolute__type_support.cpp.o[0m
[5.464s] [ 31%] [32mBuilding CXX object CMakeFiles/turtlesim__rosidl_typesupport_c.dir/rosidl_typesupport_c/turtlesim/srv/teleport_relative__type_support.cpp.o[0m
[5.467s] [ 32%] [32mBuilding CXX object CMakeFiles/turtlesim__rosidl_typesupport_cpp.dir/rosidl_typesupport_cpp/turtlesim/srv/spawn__type_support.cpp.o[0m
[5.472s] [ 33%] [32mBuilding CXX object CMakeFiles/turtlesim__rosidl_typesupport_fastrtps_cpp.dir/rosidl_typesupport_fastrtps_cpp/turtlesim/action/detail/dds_fastrtps/rotate_absolute__type_support.cpp.o[0m
[5.497s] [ 34%] [32mBuilding CXX object CMakeFiles/turtlesim__rosidl_typesupport_fastrtps_cpp.dir/rosidl_typesupport_fastrtps_cpp/turtlesim/msg/detail/dds_fastrtps/color__type_support.cpp.o[0m
[5.512s] [ 35%] [32m[1mLinking CXX shared library libturtlesim__rosidl_typesupport_c.so[0m
[5.517s] [ 36%] [32mBuilding CXX object CMakeFiles/turtlesim__rosidl_typesupport_fastrtps_cpp.dir/rosidl_typesupport_fastrtps_cpp/turtlesim/msg/detail/dds_fastrtps/pose__type_support.cpp.o[0m
[5.580s] [ 36%] Built target turtlesim__rosidl_typesupport_c
[5.613s] [ 37%] [32mBuilding CXX object CMakeFiles/turtlesim__rosidl_typesupport_introspection_cpp.dir/rosidl_typesupport_introspection_cpp/turtlesim/msg/detail/color__type_support.cpp.o[0m
[5.634s] [ 38%] [32mBuilding CXX object CMakeFiles/turtlesim__rosidl_typesupport_fastrtps_c.dir/rosidl_typesupport_fastrtps_c/turtlesim/action/detail/rotate_absolute__type_support_c.cpp.o[0m
[5.786s] [ 39%] [32mBuilding C object CMakeFiles/turtlesim__rosidl_typesupport_introspection_c.dir/rosidl_typesupport_introspection_c/turtlesim/action/detail/rotate_absolute__type_support.c.o[0m
[5.897s] [ 40%] [32mBuilding C object CMakeFiles/turtlesim__rosidl_typesupport_introspection_c.dir/rosidl_typesupport_introspection_c/turtlesim/msg/detail/color__type_support.c.o[0m
[5.944s] [ 41%] [32mBuilding CXX object CMakeFiles/turtlesim__rosidl_typesupport_cpp.dir/rosidl_typesupport_cpp/turtlesim/srv/teleport_absolute__type_support.cpp.o[0m
[5.954s] [ 42%] [32mBuilding C object CMakeFiles/turtlesim__rosidl_typesupport_introspection_c.dir/rosidl_typesupport_introspection_c/turtlesim/msg/detail/pose__type_support.c.o[0m
[6.012s] [ 43%] [32mBuilding C object CMakeFiles/turtlesim__rosidl_typesupport_introspection_c.dir/rosidl_typesupport_introspection_c/turtlesim/srv/detail/kill__type_support.c.o[0m
[6.091s] [ 44%] [32mBuilding C object CMakeFiles/turtlesim__rosidl_typesupport_introspection_c.dir/rosidl_typesupport_introspection_c/turtlesim/srv/detail/set_pen__type_support.c.o[0m
[6.158s] [ 45%] [32mBuilding C object CMakeFiles/turtlesim__rosidl_typesupport_introspection_c.dir/rosidl_typesupport_introspection_c/turtlesim/srv/detail/spawn__type_support.c.o[0m
[6.226s] [ 46%] [32mBuilding C object CMakeFiles/turtlesim__rosidl_typesupport_introspection_c.dir/rosidl_typesupport_introspection_c/turtlesim/srv/detail/teleport_absolute__type_support.c.o[0m
[6.241s] [ 47%] [32mBuilding CXX object CMakeFiles/turtlesim__rosidl_typesupport_fastrtps_cpp.dir/rosidl_typesupport_fastrtps_cpp/turtlesim/srv/detail/dds_fastrtps/kill__type_support.cpp.o[0m
[6.250s] [ 48%] [32mBuilding CXX object CMakeFiles/turtlesim__rosidl_typesupport_fastrtps_cpp.dir/rosidl_typesupport_fastrtps_cpp/turtlesim/srv/detail/dds_fastrtps/set_pen__type_support.cpp.o[0m
[6.304s] [ 49%] [32mBuilding C object CMakeFiles/turtlesim__rosidl_typesupport_introspection_c.dir/rosidl_typesupport_introspection_c/turtlesim/srv/detail/teleport_relative__type_support.c.o[0m
[6.335s] [ 51%] [32mBuilding CXX object CMakeFiles/turtlesim__rosidl_typesupport_introspection_cpp.dir/rosidl_typesupport_introspection_cpp/turtlesim/srv/detail/kill__type_support.cpp.o[0m
[6.335s] [ 51%] [32mBuilding CXX object CMakeFiles/turtlesim__rosidl_typesupport_introspection_cpp.dir/rosidl_typesupport_introspection_cpp/turtlesim/msg/detail/pose__type_support.cpp.o[0m
[6.360s] [ 52%] [32m[1mLinking C shared library libturtlesim__rosidl_typesupport_introspection_c.so[0m
[6.386s] [ 53%] [32mBuilding CXX object CMakeFiles/turtlesim__rosidl_typesupport_fastrtps_c.dir/rosidl_typesupport_fastrtps_c/turtlesim/msg/detail/color__type_support_c.cpp.o[0m
[6.414s] [ 53%] Built target turtlesim__rosidl_typesupport_introspection_c
[6.423s] [ 54%] [32mBuilding CXX object CMakeFiles/turtlesim__rosidl_typesupport_fastrtps_c.dir/rosidl_typesupport_fastrtps_c/turtlesim/msg/detail/pose__type_support_c.cpp.o[0m
[6.461s] [ 55%] [32mBuilding CXX object CMakeFiles/turtlesim__rosidl_typesupport_cpp.dir/rosidl_typesupport_cpp/turtlesim/srv/teleport_relative__type_support.cpp.o[0m
[6.546s] [ 56%] [32mBuilding CXX object CMakeFiles/turtlesim__rosidl_typesupport_fastrtps_cpp.dir/rosidl_typesupport_fastrtps_cpp/turtlesim/srv/detail/dds_fastrtps/spawn__type_support.cpp.o[0m
[6.967s] [ 57%] [32m[1mLinking CXX shared library libturtlesim__rosidl_typesupport_cpp.so[0m
[6.979s] [ 58%] [32mBuilding CXX object CMakeFiles/turtlesim__rosidl_typesupport_fastrtps_cpp.dir/rosidl_typesupport_fastrtps_cpp/turtlesim/srv/detail/dds_fastrtps/teleport_absolute__type_support.cpp.o[0m
[6.986s] [ 59%] [32mBuilding CXX object CMakeFiles/turtlesim__rosidl_typesupport_fastrtps_cpp.dir/rosidl_typesupport_fastrtps_cpp/turtlesim/srv/detail/dds_fastrtps/teleport_relative__type_support.cpp.o[0m
[7.021s] [ 60%] [32mBuilding CXX object CMakeFiles/turtlesim__rosidl_typesupport_introspection_cpp.dir/rosidl_typesupport_introspection_cpp/turtlesim/srv/detail/set_pen__type_support.cpp.o[0m
[7.028s] [ 61%] [32mBuilding CXX object CMakeFiles/turtlesim__rosidl_typesupport_fastrtps_c.dir/rosidl_typesupport_fastrtps_c/turtlesim/srv/detail/kill__type_support_c.cpp.o[0m
[7.029s] [ 62%] [32mBuilding CXX object CMakeFiles/turtlesim__rosidl_typesupport_fastrtps_c.dir/rosidl_typesupport_fastrtps_c/turtlesim/srv/detail/set_pen__type_support_c.cpp.o[0m
[7.043s] [ 62%] Built target turtlesim__rosidl_typesupport_cpp
[7.055s] [ 63%] [32mBuilding CXX object CMakeFiles/turtlesim__rosidl_typesupport_fastrtps_c.dir/rosidl_typesupport_fastrtps_c/turtlesim/srv/detail/spawn__type_support_c.cpp.o[0m
[7.058s] [ 64%] [32mBuilding CXX object CMakeFiles/turtlesim__rosidl_typesupport_introspection_cpp.dir/rosidl_typesupport_introspection_cpp/turtlesim/srv/detail/spawn__type_support.cpp.o[0m
[7.308s] [ 65%] [32mBuilding CXX object CMakeFiles/turtlesim__rosidl_typesupport_introspection_cpp.dir/rosidl_typesupport_introspection_cpp/turtlesim/srv/detail/teleport_absolute__type_support.cpp.o[0m
[7.648s] [ 66%] [32mBuilding CXX object CMakeFiles/turtlesim__rosidl_typesupport_fastrtps_c.dir/rosidl_typesupport_fastrtps_c/turtlesim/srv/detail/teleport_absolute__type_support_c.cpp.o[0m
[7.678s] [ 67%] [32mBuilding CXX object CMakeFiles/turtlesim__rosidl_typesupport_fastrtps_c.dir/rosidl_typesupport_fastrtps_c/turtlesim/srv/detail/teleport_relative__type_support_c.cpp.o[0m
[7.699s] [ 68%] [32mBuilding CXX object CMakeFiles/turtlesim__rosidl_typesupport_introspection_cpp.dir/rosidl_typesupport_introspection_cpp/turtlesim/srv/detail/teleport_relative__type_support.cpp.o[0m
[7.721s] [ 69%] [34m[1mGenerating include/turtlesim/moc_turtle_frame.cpp[0m
[7.732s] [ 70%] [32m[1mLinking CXX shared library libturtlesim__rosidl_typesupport_fastrtps_cpp.so[0m
[7.743s] [ 71%] [32mBuilding CXX object CMakeFiles/turtle_teleop_key.dir/tutorials/teleop_turtle_key.cpp.o[0m
[7.770s] [ 72%] [32mBuilding CXX object CMakeFiles/draw_square.dir/tutorials/draw_square.cpp.o[0m
[7.882s] [ 72%] Built target turtlesim__rosidl_typesupport_fastrtps_cpp
[7.897s] [ 73%] [32mBuilding CXX object CMakeFiles/turtlesim_node.dir/src/turtlesim.cpp.o[0m
[7.911s] [ 74%] [32mBuilding CXX object CMakeFiles/mimic.dir/tutorials/mimic.cpp.o[0m
[8.008s] [ 75%] [32mBuilding CXX object CMakeFiles/turtlesim_node.dir/src/turtle.cpp.o[0m
[8.204s] [ 76%] [32mBuilding CXX object CMakeFiles/turtlesim_node.dir/src/turtle_frame.cpp.o[0m
[8.249s] [ 77%] [32m[1mLinking CXX shared library libturtlesim__rosidl_typesupport_fastrtps_c.so[0m
[8.316s] [ 78%] [32m[1mLinking CXX shared library libturtlesim__rosidl_typesupport_introspection_cpp.so[0m
[8.398s] [ 78%] Built target turtlesim__rosidl_typesupport_fastrtps_c
[8.414s] [ 79%] [32mBuilding CXX object CMakeFiles/turtlesim_node.dir/include/turtlesim/moc_turtle_frame.cpp.o[0m
[8.491s] [ 79%] Built target turtlesim__rosidl_typesupport_introspection_cpp
[8.521s] [ 79%] Built target turtlesim
[8.553s] [ 80%] [34m[1mGenerating Python code for ROS interfaces[0m
[14.132s] [ 80%] Built target turtlesim__py
[14.193s] [ 81%] [32mBuilding C object CMakeFiles/turtlesim__rosidl_generator_py.dir/rosidl_generator_py/turtlesim/action/_rotate_absolute_s.c.o[0m
[14.865s] [ 82%] [32mBuilding C object CMakeFiles/turtlesim__rosidl_generator_py.dir/rosidl_generator_py/turtlesim/msg/_color_s.c.o[0m
[15.181s] [ 83%] [32mBuilding C object CMakeFiles/turtlesim__rosidl_generator_py.dir/rosidl_generator_py/turtlesim/msg/_pose_s.c.o[0m
[15.456s] [ 84%] [32mBuilding C object CMakeFiles/turtlesim__rosidl_generator_py.dir/rosidl_generator_py/turtlesim/srv/_kill_s.c.o[0m
[15.777s] [ 85%] [32mBuilding C object CMakeFiles/turtlesim__rosidl_generator_py.dir/rosidl_generator_py/turtlesim/srv/_set_pen_s.c.o[0m
[16.081s] [ 86%] [32mBuilding C object CMakeFiles/turtlesim__rosidl_generator_py.dir/rosidl_generator_py/turtlesim/srv/_spawn_s.c.o[0m
[16.428s] [ 87%] [32mBuilding C object CMakeFiles/turtlesim__rosidl_generator_py.dir/rosidl_generator_py/turtlesim/srv/_teleport_absolute_s.c.o[0m
[16.854s] [ 88%] [32mBuilding C object CMakeFiles/turtlesim__rosidl_generator_py.dir/rosidl_generator_py/turtlesim/srv/_teleport_relative_s.c.o[0m
[17.222s] [ 89%] [32m[1mLinking C shared library rosidl_generator_py/turtlesim/libturtlesim__rosidl_generator_py.so[0m
[17.432s] [ 89%] Built target turtlesim__rosidl_generator_py
[17.491s] [ 90%] [32mBuilding C object CMakeFiles/turtlesim__rosidl_typesupport_fastrtps_c__pyext.dir/rosidl_generator_py/turtlesim/_turtlesim_s.ep.rosidl_typesupport_fastrtps_c.c.o[0m
[17.939s] [ 91%] [32m[1mLinking C shared library rosidl_generator_py/turtlesim/turtlesim_s__rosidl_typesupport_fastrtps_c.cpython-310-x86_64-linux-gnu.so[0m
[18.108s] [ 91%] Built target turtlesim__rosidl_typesupport_fastrtps_c__pyext
[18.275s] [ 92%] [32mBuilding C object CMakeFiles/turtlesim__rosidl_typesupport_introspection_c__pyext.dir/rosidl_generator_py/turtlesim/_turtlesim_s.ep.rosidl_typesupport_introspection_c.c.o[0m
[18.363s] [ 93%] [32mBuilding C object CMakeFiles/turtlesim__rosidl_typesupport_c__pyext.dir/rosidl_generator_py/turtlesim/_turtlesim_s.ep.rosidl_typesupport_c.c.o[0m
[18.704s] [ 94%] [32m[1mLinking C shared library rosidl_generator_py/turtlesim/turtlesim_s__rosidl_typesupport_introspection_c.cpython-310-x86_64-linux-gnu.so[0m
[18.735s] [ 95%] [32m[1mLinking C shared library rosidl_generator_py/turtlesim/turtlesim_s__rosidl_typesupport_c.cpython-310-x86_64-linux-gnu.so[0m
[18.832s] [ 95%] Built target turtlesim__rosidl_typesupport_introspection_c__pyext
[18.837s] [ 95%] Built target turtlesim__rosidl_typesupport_c__pyext
[22.053s] [ 96%] [32m[1mLinking CXX executable turtle_teleop_key[0m
[22.759s] [ 96%] Built target turtle_teleop_key
[24.788s] [ 97%] [32m[1mLinking CXX executable mimic[0m
[25.500s] [ 97%] Built target mimic
[26.251s] [ 98%] [32m[1mLinking CXX executable draw_square[0m
[26.888s] [ 98%] Built target draw_square
[29.399s] [100%] [32m[1mLinking CXX executable turtlesim_node[0m
[32.445s] [100%] Built target turtlesim_node
[32.466s] Invoked command in '/home/azmi/eyrc_hb/hb_task1a_ws/build/turtlesim' returned '0': CMAKE_PREFIX_PATH=/opt/ros/humble /usr/bin/cmake --build /home/azmi/eyrc_hb/hb_task1a_ws/build/turtlesim -- -j8 -l8
[32.635s] Invoking command in '/home/azmi/eyrc_hb/hb_task1a_ws/build/turtlesim': CMAKE_PREFIX_PATH=/opt/ros/humble /usr/bin/cmake --install /home/azmi/eyrc_hb/hb_task1a_ws/build/turtlesim
[32.643s] -- Install configuration: ""
[32.646s] -- Installing: /home/azmi/eyrc_hb/hb_task1a_ws/install/turtlesim/share/ament_index/resource_index/rosidl_interfaces/turtlesim
[32.646s] -- Installing: /home/azmi/eyrc_hb/hb_task1a_ws/install/turtlesim/include/turtlesim/turtlesim
[32.646s] -- Installing: /home/azmi/eyrc_hb/hb_task1a_ws/install/turtlesim/include/turtlesim/turtlesim/msg
[32.646s] -- Installing: /home/azmi/eyrc_hb/hb_task1a_ws/install/turtlesim/include/turtlesim/turtlesim/msg/pose.h
[32.646s] -- Installing: /home/azmi/eyrc_hb/hb_task1a_ws/install/turtlesim/include/turtlesim/turtlesim/msg/rosidl_generator_c__visibility_control.h
[32.647s] -- Installing: /home/azmi/eyrc_hb/hb_task1a_ws/install/turtlesim/include/turtlesim/turtlesim/msg/color.h
[32.647s] -- Installing: /home/azmi/eyrc_hb/hb_task1a_ws/install/turtlesim/include/turtlesim/turtlesim/msg/detail
[32.647s] -- Installing: /home/azmi/eyrc_hb/hb_task1a_ws/install/turtlesim/include/turtlesim/turtlesim/msg/detail/pose__functions.c
[32.647s] -- Installing: /home/azmi/eyrc_hb/hb_task1a_ws/install/turtlesim/include/turtlesim/turtlesim/msg/detail/color__functions.c
[32.648s] -- Installing: /home/azmi/eyrc_hb/hb_task1a_ws/install/turtlesim/include/turtlesim/turtlesim/msg/detail/color__functions.h
[32.648s] -- Installing: /home/azmi/eyrc_hb/hb_task1a_ws/install/turtlesim/include/turtlesim/turtlesim/msg/detail/color__type_support.h
[32.648s] -- Installing: /home/azmi/eyrc_hb/hb_task1a_ws/install/turtlesim/include/turtlesim/turtlesim/msg/detail/pose__type_support.h
[32.648s] -- Installing: /home/azmi/eyrc_hb/hb_task1a_ws/install/turtlesim/include/turtlesim/turtlesim/msg/detail/pose__struct.h
[32.648s] -- Installing: /home/azmi/eyrc_hb/hb_task1a_ws/install/turtlesim/include/turtlesim/turtlesim/msg/detail/color__struct.h
[32.648s] -- Installing: /home/azmi/eyrc_hb/hb_task1a_ws/install/turtlesim/include/turtlesim/turtlesim/msg/detail/pose__functions.h
[32.648s] -- Installing: /home/azmi/eyrc_hb/hb_task1a_ws/install/turtlesim/include/turtlesim/turtlesim/srv
[32.648s] -- Installing: /home/azmi/eyrc_hb/hb_task1a_ws/install/turtlesim/include/turtlesim/turtlesim/srv/set_pen.h
[32.649s] -- Installing: /home/azmi/eyrc_hb/hb_task1a_ws/install/turtlesim/include/turtlesim/turtlesim/srv/teleport_absolute.h
[32.649s] -- Installing: /home/azmi/eyrc_hb/hb_task1a_ws/install/turtlesim/include/turtlesim/turtlesim/srv/teleport_relative.h
[32.650s] -- Installing: /home/azmi/eyrc_hb/hb_task1a_ws/install/turtlesim/include/turtlesim/turtlesim/srv/kill.h
[32.650s] -- Installing: /home/azmi/eyrc_hb/hb_task1a_ws/install/turtlesim/include/turtlesim/turtlesim/srv/spawn.h
[32.650s] -- Installing: /home/azmi/eyrc_hb/hb_task1a_ws/install/turtlesim/include/turtlesim/turtlesim/srv/detail
[32.650s] -- Installing: /home/azmi/eyrc_hb/hb_task1a_ws/install/turtlesim/include/turtlesim/turtlesim/srv/detail/spawn__struct.h
[32.650s] -- Installing: /home/azmi/eyrc_hb/hb_task1a_ws/install/turtlesim/include/turtlesim/turtlesim/srv/detail/kill__functions.h
[32.651s] -- Installing: /home/azmi/eyrc_hb/hb_task1a_ws/install/turtlesim/include/turtlesim/turtlesim/srv/detail/spawn__functions.c
[32.651s] -- Installing: /home/azmi/eyrc_hb/hb_task1a_ws/install/turtlesim/include/turtlesim/turtlesim/srv/detail/spawn__functions.h
[32.651s] -- Installing: /home/azmi/eyrc_hb/hb_task1a_ws/install/turtlesim/include/turtlesim/turtlesim/srv/detail/teleport_absolute__struct.h
[32.651s] -- Installing: /home/azmi/eyrc_hb/hb_task1a_ws/install/turtlesim/include/turtlesim/turtlesim/srv/detail/spawn__type_support.h
[32.651s] -- Installing: /home/azmi/eyrc_hb/hb_task1a_ws/install/turtlesim/include/turtlesim/turtlesim/srv/detail/teleport_relative__type_support.h
[32.651s] -- Installing: /home/azmi/eyrc_hb/hb_task1a_ws/install/turtlesim/include/turtlesim/turtlesim/srv/detail/teleport_relative__struct.h
[32.651s] -- Installing: /home/azmi/eyrc_hb/hb_task1a_ws/install/turtlesim/include/turtlesim/turtlesim/srv/detail/set_pen__type_support.h
[32.652s] -- Installing: /home/azmi/eyrc_hb/hb_task1a_ws/install/turtlesim/include/turtlesim/turtlesim/srv/detail/set_pen__functions.h
[32.652s] -- Installing: /home/azmi/eyrc_hb/hb_task1a_ws/install/turtlesim/include/turtlesim/turtlesim/srv/detail/kill__type_support.h
[32.652s] -- Installing: /home/azmi/eyrc_hb/hb_task1a_ws/install/turtlesim/include/turtlesim/turtlesim/srv/detail/set_pen__functions.c
[32.652s] -- Installing: /home/azmi/eyrc_hb/hb_task1a_ws/install/turtlesim/include/turtlesim/turtlesim/srv/detail/teleport_absolute__type_support.h
[32.652s] -- Installing: /home/azmi/eyrc_hb/hb_task1a_ws/install/turtlesim/include/turtlesim/turtlesim/srv/detail/teleport_absolute__functions.h
[32.652s] -- Installing: /home/azmi/eyrc_hb/hb_task1a_ws/install/turtlesim/include/turtlesim/turtlesim/srv/detail/teleport_absolute__functions.c
[32.652s] -- Installing: /home/azmi/eyrc_hb/hb_task1a_ws/install/turtlesim/include/turtlesim/turtlesim/srv/detail/kill__functions.c
[32.653s] -- Installing: /home/azmi/eyrc_hb/hb_task1a_ws/install/turtlesim/include/turtlesim/turtlesim/srv/detail/kill__struct.h
[32.653s] -- Installing: /home/azmi/eyrc_hb/hb_task1a_ws/install/turtlesim/include/turtlesim/turtlesim/srv/detail/teleport_relative__functions.c
[32.653s] -- Installing: /home/azmi/eyrc_hb/hb_task1a_ws/install/turtlesim/include/turtlesim/turtlesim/srv/detail/teleport_relative__functions.h
[32.653s] -- Installing: /home/azmi/eyrc_hb/hb_task1a_ws/install/turtlesim/include/turtlesim/turtlesim/srv/detail/set_pen__struct.h
[32.653s] -- Installing: /home/azmi/eyrc_hb/hb_task1a_ws/install/turtlesim/include/turtlesim/turtlesim/action
[32.654s] -- Installing: /home/azmi/eyrc_hb/hb_task1a_ws/install/turtlesim/include/turtlesim/turtlesim/action/rotate_absolute.h
[32.654s] -- Installing: /home/azmi/eyrc_hb/hb_task1a_ws/install/turtlesim/include/turtlesim/turtlesim/action/detail
[32.654s] -- Installing: /home/azmi/eyrc_hb/hb_task1a_ws/install/turtlesim/include/turtlesim/turtlesim/action/detail/rotate_absolute__functions.c
[32.655s] -- Installing: /home/azmi/eyrc_hb/hb_task1a_ws/install/turtlesim/include/turtlesim/turtlesim/action/detail/rotate_absolute__struct.h
[32.655s] -- Installing: /home/azmi/eyrc_hb/hb_task1a_ws/install/turtlesim/include/turtlesim/turtlesim/action/detail/rotate_absolute__type_support.h
[32.655s] -- Installing: /home/azmi/eyrc_hb/hb_task1a_ws/install/turtlesim/include/turtlesim/turtlesim/action/detail/rotate_absolute__functions.h
[32.657s] -- Installing: /home/azmi/eyrc_hb/hb_task1a_ws/install/turtlesim/share/turtlesim/environment/library_path.sh
[32.658s] -- Installing: /home/azmi/eyrc_hb/hb_task1a_ws/install/turtlesim/share/turtlesim/environment/library_path.dsv
[32.659s] -- Installing: /home/azmi/eyrc_hb/hb_task1a_ws/install/turtlesim/lib/libturtlesim__rosidl_generator_c.so
[32.660s] -- Set runtime path of "/home/azmi/eyrc_hb/hb_task1a_ws/install/turtlesim/lib/libturtlesim__rosidl_generator_c.so" to ""
[32.660s] -- Up-to-date: /home/azmi/eyrc_hb/hb_task1a_ws/install/turtlesim/include/turtlesim/turtlesim
[32.660s] -- Up-to-date: /home/azmi/eyrc_hb/hb_task1a_ws/install/turtlesim/include/turtlesim/turtlesim/msg
[32.660s] -- Installing: /home/azmi/eyrc_hb/hb_task1a_ws/install/turtlesim/include/turtlesim/turtlesim/msg/rosidl_typesupport_fastrtps_c__visibility_control.h
[32.661s] -- Up-to-date: /home/azmi/eyrc_hb/hb_task1a_ws/install/turtlesim/include/turtlesim/turtlesim/msg/detail
[32.661s] -- Installing: /home/azmi/eyrc_hb/hb_task1a_ws/install/turtlesim/include/turtlesim/turtlesim/msg/detail/pose__rosidl_typesupport_fastrtps_c.h
[32.661s] -- Installing: /home/azmi/eyrc_hb/hb_task1a_ws/install/turtlesim/include/turtlesim/turtlesim/msg/detail/color__rosidl_typesupport_fastrtps_c.h
[32.662s] -- Up-to-date: /home/azmi/eyrc_hb/hb_task1a_ws/install/turtlesim/include/turtlesim/turtlesim/srv
[32.662s] -- Up-to-date: /home/azmi/eyrc_hb/hb_task1a_ws/install/turtlesim/include/turtlesim/turtlesim/srv/detail
[32.662s] -- Installing: /home/azmi/eyrc_hb/hb_task1a_ws/install/turtlesim/include/turtlesim/turtlesim/srv/detail/set_pen__rosidl_typesupport_fastrtps_c.h
[32.663s] -- Installing: /home/azmi/eyrc_hb/hb_task1a_ws/install/turtlesim/include/turtlesim/turtlesim/srv/detail/spawn__rosidl_typesupport_fastrtps_c.h
[32.663s] -- Installing: /home/azmi/eyrc_hb/hb_task1a_ws/install/turtlesim/include/turtlesim/turtlesim/srv/detail/teleport_relative__rosidl_typesupport_fastrtps_c.h
[32.664s] -- Installing: /home/azmi/eyrc_hb/hb_task1a_ws/install/turtlesim/include/turtlesim/turtlesim/srv/detail/teleport_absolute__rosidl_typesupport_fastrtps_c.h
[32.664s] -- Installing: /home/azmi/eyrc_hb/hb_task1a_ws/install/turtlesim/include/turtlesim/turtlesim/srv/detail/kill__rosidl_typesupport_fastrtps_c.h
[32.664s] -- Up-to-date: /home/azmi/eyrc_hb/hb_task1a_ws/install/turtlesim/include/turtlesim/turtlesim/action
[32.665s] -- Up-to-date: /home/azmi/eyrc_hb/hb_task1a_ws/install/turtlesim/include/turtlesim/turtlesim/action/detail
[32.665s] -- Installing: /home/azmi/eyrc_hb/hb_task1a_ws/install/turtlesim/include/turtlesim/turtlesim/action/detail/rotate_absolute__rosidl_typesupport_fastrtps_c.h
[32.665s] -- Installing: /home/azmi/eyrc_hb/hb_task1a_ws/install/turtlesim/lib/libturtlesim__rosidl_typesupport_fastrtps_c.so
[32.666s] -- Set runtime path of "/home/azmi/eyrc_hb/hb_task1a_ws/install/turtlesim/lib/libturtlesim__rosidl_typesupport_fastrtps_c.so" to ""
[32.667s] -- Up-to-date: /home/azmi/eyrc_hb/hb_task1a_ws/install/turtlesim/include/turtlesim/turtlesim
[32.667s] -- Up-to-date: /home/azmi/eyrc_hb/hb_task1a_ws/install/turtlesim/include/turtlesim/turtlesim/msg
[32.667s] -- Installing: /home/azmi/eyrc_hb/hb_task1a_ws/install/turtlesim/include/turtlesim/turtlesim/msg/color.hpp
[32.668s] -- Up-to-date: /home/azmi/eyrc_hb/hb_task1a_ws/install/turtlesim/include/turtlesim/turtlesim/msg/detail
[32.668s] -- Installing: /home/azmi/eyrc_hb/hb_task1a_ws/install/turtlesim/include/turtlesim/turtlesim/msg/detail/pose__traits.hpp
[32.668s] -- Installing: /home/azmi/eyrc_hb/hb_task1a_ws/install/turtlesim/include/turtlesim/turtlesim/msg/detail/pose__struct.hpp
[32.668s] -- Installing: /home/azmi/eyrc_hb/hb_task1a_ws/install/turtlesim/include/turtlesim/turtlesim/msg/detail/pose__builder.hpp
[32.668s] -- Installing: /home/azmi/eyrc_hb/hb_task1a_ws/install/turtlesim/include/turtlesim/turtlesim/msg/detail/color__builder.hpp
[32.669s] -- Installing: /home/azmi/eyrc_hb/hb_task1a_ws/install/turtlesim/include/turtlesim/turtlesim/msg/detail/color__traits.hpp
[32.669s] -- Installing: /home/azmi/eyrc_hb/hb_task1a_ws/install/turtlesim/include/turtlesim/turtlesim/msg/detail/color__struct.hpp
[32.669s] -- Installing: /home/azmi/eyrc_hb/hb_task1a_ws/install/turtlesim/include/turtlesim/turtlesim/msg/pose.hpp
[32.669s] -- Up-to-date: /home/azmi/eyrc_hb/hb_task1a_ws/install/turtlesim/include/turtlesim/turtlesim/srv
[32.669s] -- Installing: /home/azmi/eyrc_hb/hb_task1a_ws/install/turtlesim/include/turtlesim/turtlesim/srv/teleport_absolute.hpp
[32.669s] -- Installing: /home/azmi/eyrc_hb/hb_task1a_ws/install/turtlesim/include/turtlesim/turtlesim/srv/teleport_relative.hpp
[32.669s] -- Installing: /home/azmi/eyrc_hb/hb_task1a_ws/install/turtlesim/include/turtlesim/turtlesim/srv/spawn.hpp
[32.669s] -- Up-to-date: /home/azmi/eyrc_hb/hb_task1a_ws/install/turtlesim/include/turtlesim/turtlesim/srv/detail
[32.670s] -- Installing: /home/azmi/eyrc_hb/hb_task1a_ws/install/turtlesim/include/turtlesim/turtlesim/srv/detail/teleport_absolute__struct.hpp
[32.670s] -- Installing: /home/azmi/eyrc_hb/hb_task1a_ws/install/turtlesim/include/turtlesim/turtlesim/srv/detail/spawn__struct.hpp
[32.670s] -- Installing: /home/azmi/eyrc_hb/hb_task1a_ws/install/turtlesim/include/turtlesim/turtlesim/srv/detail/kill__builder.hpp
[32.670s] -- Installing: /home/azmi/eyrc_hb/hb_task1a_ws/install/turtlesim/include/turtlesim/turtlesim/srv/detail/kill__traits.hpp
[32.671s] -- Installing: /home/azmi/eyrc_hb/hb_task1a_ws/install/turtlesim/include/turtlesim/turtlesim/srv/detail/teleport_absolute__builder.hpp
[32.671s] -- Installing: /home/azmi/eyrc_hb/hb_task1a_ws/install/turtlesim/include/turtlesim/turtlesim/srv/detail/set_pen__struct.hpp
[32.671s] -- Installing: /home/azmi/eyrc_hb/hb_task1a_ws/install/turtlesim/include/turtlesim/turtlesim/srv/detail/teleport_relative__struct.hpp
[32.671s] -- Installing: /home/azmi/eyrc_hb/hb_task1a_ws/install/turtlesim/include/turtlesim/turtlesim/srv/detail/teleport_relative__traits.hpp
[32.672s] -- Installing: /home/azmi/eyrc_hb/hb_task1a_ws/install/turtlesim/include/turtlesim/turtlesim/srv/detail/teleport_relative__builder.hpp
[32.672s] -- Installing: /home/azmi/eyrc_hb/hb_task1a_ws/install/turtlesim/include/turtlesim/turtlesim/srv/detail/spawn__builder.hpp
[32.672s] -- Installing: /home/azmi/eyrc_hb/hb_task1a_ws/install/turtlesim/include/turtlesim/turtlesim/srv/detail/teleport_absolute__traits.hpp
[32.672s] -- Installing: /home/azmi/eyrc_hb/hb_task1a_ws/install/turtlesim/include/turtlesim/turtlesim/srv/detail/set_pen__builder.hpp
[32.672s] -- Installing: /home/azmi/eyrc_hb/hb_task1a_ws/install/turtlesim/include/turtlesim/turtlesim/srv/detail/spawn__traits.hpp
[32.672s] -- Installing: /home/azmi/eyrc_hb/hb_task1a_ws/install/turtlesim/include/turtlesim/turtlesim/srv/detail/kill__struct.hpp
[32.672s] -- Installing: /home/azmi/eyrc_hb/hb_task1a_ws/install/turtlesim/include/turtlesim/turtlesim/srv/detail/set_pen__traits.hpp
[32.672s] -- Installing: /home/azmi/eyrc_hb/hb_task1a_ws/install/turtlesim/include/turtlesim/turtlesim/srv/kill.hpp
[32.672s] -- Installing: /home/azmi/eyrc_hb/hb_task1a_ws/install/turtlesim/include/turtlesim/turtlesim/srv/set_pen.hpp
[32.672s] -- Up-to-date: /home/azmi/eyrc_hb/hb_task1a_ws/install/turtlesim/include/turtlesim/turtlesim/action
[32.673s] -- Installing: /home/azmi/eyrc_hb/hb_task1a_ws/install/turtlesim/include/turtlesim/turtlesim/action/rotate_absolute.hpp
[32.673s] -- Up-to-date: /home/azmi/eyrc_hb/hb_task1a_ws/install/turtlesim/include/turtlesim/turtlesim/action/detail
[32.673s] -- Installing: /home/azmi/eyrc_hb/hb_task1a_ws/install/turtlesim/include/turtlesim/turtlesim/action/detail/rotate_absolute__struct.hpp
[32.674s] -- Installing: /home/azmi/eyrc_hb/hb_task1a_ws/install/turtlesim/include/turtlesim/turtlesim/action/detail/rotate_absolute__traits.hpp
[32.674s] -- Installing: /home/azmi/eyrc_hb/hb_task1a_ws/install/turtlesim/include/turtlesim/turtlesim/action/detail/rotate_absolute__builder.hpp
[32.675s] -- Up-to-date: /home/azmi/eyrc_hb/hb_task1a_ws/install/turtlesim/include/turtlesim/turtlesim
[32.675s] -- Up-to-date: /home/azmi/eyrc_hb/hb_task1a_ws/install/turtlesim/include/turtlesim/turtlesim/msg
[32.675s] -- Installing: /home/azmi/eyrc_hb/hb_task1a_ws/install/turtlesim/include/turtlesim/turtlesim/msg/rosidl_typesupport_fastrtps_cpp__visibility_control.h
[32.676s] -- Up-to-date: /home/azmi/eyrc_hb/hb_task1a_ws/install/turtlesim/include/turtlesim/turtlesim/msg/detail
[32.676s] -- Installing: /home/azmi/eyrc_hb/hb_task1a_ws/install/turtlesim/include/turtlesim/turtlesim/msg/detail/pose__rosidl_typesupport_fastrtps_cpp.hpp
[32.676s] -- Installing: /home/azmi/eyrc_hb/hb_task1a_ws/install/turtlesim/include/turtlesim/turtlesim/msg/detail/color__rosidl_typesupport_fastrtps_cpp.hpp
[32.677s] -- Installing: /home/azmi/eyrc_hb/hb_task1a_ws/install/turtlesim/include/turtlesim/turtlesim/msg/detail/dds_fastrtps
[32.677s] -- Up-to-date: /home/azmi/eyrc_hb/hb_task1a_ws/install/turtlesim/include/turtlesim/turtlesim/srv
[32.677s] -- Up-to-date: /home/azmi/eyrc_hb/hb_task1a_ws/install/turtlesim/include/turtlesim/turtlesim/srv/detail
[32.678s] -- Installing: /home/azmi/eyrc_hb/hb_task1a_ws/install/turtlesim/include/turtlesim/turtlesim/srv/detail/teleport_relative__rosidl_typesupport_fastrtps_cpp.hpp
[32.678s] -- Installing: /home/azmi/eyrc_hb/hb_task1a_ws/install/turtlesim/include/turtlesim/turtlesim/srv/detail/teleport_absolute__rosidl_typesupport_fastrtps_cpp.hpp
[32.679s] -- Installing: /home/azmi/eyrc_hb/hb_task1a_ws/install/turtlesim/include/turtlesim/turtlesim/srv/detail/kill__rosidl_typesupport_fastrtps_cpp.hpp
[32.679s] -- Installing: /home/azmi/eyrc_hb/hb_task1a_ws/install/turtlesim/include/turtlesim/turtlesim/srv/detail/set_pen__rosidl_typesupport_fastrtps_cpp.hpp
[32.679s] -- Installing: /home/azmi/eyrc_hb/hb_task1a_ws/install/turtlesim/include/turtlesim/turtlesim/srv/detail/spawn__rosidl_typesupport_fastrtps_cpp.hpp
[32.680s] -- Installing: /home/azmi/eyrc_hb/hb_task1a_ws/install/turtlesim/include/turtlesim/turtlesim/srv/detail/dds_fastrtps
[32.680s] -- Up-to-date: /home/azmi/eyrc_hb/hb_task1a_ws/install/turtlesim/include/turtlesim/turtlesim/action
[32.680s] -- Up-to-date: /home/azmi/eyrc_hb/hb_task1a_ws/install/turtlesim/include/turtlesim/turtlesim/action/detail
[32.681s] -- Installing: /home/azmi/eyrc_hb/hb_task1a_ws/install/turtlesim/include/turtlesim/turtlesim/action/detail/rotate_absolute__rosidl_typesupport_fastrtps_cpp.hpp
[32.681s] -- Installing: /home/azmi/eyrc_hb/hb_task1a_ws/install/turtlesim/include/turtlesim/turtlesim/action/detail/dds_fastrtps
[32.682s] -- Installing: /home/azmi/eyrc_hb/hb_task1a_ws/install/turtlesim/lib/libturtlesim__rosidl_typesupport_fastrtps_cpp.so
[32.683s] -- Set runtime path of "/home/azmi/eyrc_hb/hb_task1a_ws/install/turtlesim/lib/libturtlesim__rosidl_typesupport_fastrtps_cpp.so" to ""
[32.683s] -- Up-to-date: /home/azmi/eyrc_hb/hb_task1a_ws/install/turtlesim/include/turtlesim/turtlesim
[32.683s] -- Up-to-date: /home/azmi/eyrc_hb/hb_task1a_ws/install/turtlesim/include/turtlesim/turtlesim/msg
[32.683s] -- Installing: /home/azmi/eyrc_hb/hb_task1a_ws/install/turtlesim/include/turtlesim/turtlesim/msg/rosidl_typesupport_introspection_c__visibility_control.h
[32.684s] -- Up-to-date: /home/azmi/eyrc_hb/hb_task1a_ws/install/turtlesim/include/turtlesim/turtlesim/msg/detail
[32.684s] -- Installing: /home/azmi/eyrc_hb/hb_task1a_ws/install/turtlesim/include/turtlesim/turtlesim/msg/detail/pose__type_support.c
[32.684s] -- Installing: /home/azmi/eyrc_hb/hb_task1a_ws/install/turtlesim/include/turtlesim/turtlesim/msg/detail/color__type_support.c
[32.685s] -- Installing: /home/azmi/eyrc_hb/hb_task1a_ws/install/turtlesim/include/turtlesim/turtlesim/msg/detail/color__rosidl_typesupport_introspection_c.h
[32.685s] -- Installing: /home/azmi/eyrc_hb/hb_task1a_ws/install/turtlesim/include/turtlesim/turtlesim/msg/detail/pose__rosidl_typesupport_introspection_c.h
[32.686s] -- Up-to-date: /home/azmi/eyrc_hb/hb_task1a_ws/install/turtlesim/include/turtlesim/turtlesim/srv
[32.686s] -- Up-to-date: /home/azmi/eyrc_hb/hb_task1a_ws/install/turtlesim/include/turtlesim/turtlesim/srv/detail
[32.686s] -- Installing: /home/azmi/eyrc_hb/hb_task1a_ws/install/turtlesim/include/turtlesim/turtlesim/srv/detail/set_pen__type_support.c
[32.687s] -- Installing: /home/azmi/eyrc_hb/hb_task1a_ws/install/turtlesim/include/turtlesim/turtlesim/srv/detail/spawn__rosidl_typesupport_introspection_c.h
[32.687s] -- Installing: /home/azmi/eyrc_hb/hb_task1a_ws/install/turtlesim/include/turtlesim/turtlesim/srv/detail/kill__type_support.c
[32.688s] -- Installing: /home/azmi/eyrc_hb/hb_task1a_ws/install/turtlesim/include/turtlesim/turtlesim/srv/detail/teleport_absolute__type_support.c
[32.688s] -- Installing: /home/azmi/eyrc_hb/hb_task1a_ws/install/turtlesim/include/turtlesim/turtlesim/srv/detail/teleport_absolute__rosidl_typesupport_introspection_c.h
[32.688s] -- Installing: /home/azmi/eyrc_hb/hb_task1a_ws/install/turtlesim/include/turtlesim/turtlesim/srv/detail/spawn__type_support.c
[32.689s] -- Installing: /home/azmi/eyrc_hb/hb_task1a_ws/install/turtlesim/include/turtlesim/turtlesim/srv/detail/kill__rosidl_typesupport_introspection_c.h
[32.689s] -- Installing: /home/azmi/eyrc_hb/hb_task1a_ws/install/turtlesim/include/turtlesim/turtlesim/srv/detail/set_pen__rosidl_typesupport_introspection_c.h
[32.689s] -- Installing: /home/azmi/eyrc_hb/hb_task1a_ws/install/turtlesim/include/turtlesim/turtlesim/srv/detail/teleport_relative__rosidl_typesupport_introspection_c.h
[32.690s] -- Installing: /home/azmi/eyrc_hb/hb_task1a_ws/install/turtlesim/include/turtlesim/turtlesim/srv/detail/teleport_relative__type_support.c
[32.690s] -- Up-to-date: /home/azmi/eyrc_hb/hb_task1a_ws/install/turtlesim/include/turtlesim/turtlesim/action
[32.691s] -- Up-to-date: /home/azmi/eyrc_hb/hb_task1a_ws/install/turtlesim/include/turtlesim/turtlesim/action/detail
[32.691s] -- Installing: /home/azmi/eyrc_hb/hb_task1a_ws/install/turtlesim/include/turtlesim/turtlesim/action/detail/rotate_absolute__type_support.c
[32.692s] -- Installing: /home/azmi/eyrc_hb/hb_task1a_ws/install/turtlesim/include/turtlesim/turtlesim/action/detail/rotate_absolute__rosidl_typesupport_introspection_c.h
[32.692s] -- Installing: /home/azmi/eyrc_hb/hb_task1a_ws/install/turtlesim/lib/libturtlesim__rosidl_typesupport_introspection_c.so
[32.693s] -- Set runtime path of "/home/azmi/eyrc_hb/hb_task1a_ws/install/turtlesim/lib/libturtlesim__rosidl_typesupport_introspection_c.so" to ""
[32.693s] -- Installing: /home/azmi/eyrc_hb/hb_task1a_ws/install/turtlesim/lib/libturtlesim__rosidl_typesupport_c.so
[32.694s] -- Set runtime path of "/home/azmi/eyrc_hb/hb_task1a_ws/install/turtlesim/lib/libturtlesim__rosidl_typesupport_c.so" to ""
[32.694s] -- Up-to-date: /home/azmi/eyrc_hb/hb_task1a_ws/install/turtlesim/include/turtlesim/turtlesim
[32.694s] -- Up-to-date: /home/azmi/eyrc_hb/hb_task1a_ws/install/turtlesim/include/turtlesim/turtlesim/msg
[32.695s] -- Up-to-date: /home/azmi/eyrc_hb/hb_task1a_ws/install/turtlesim/include/turtlesim/turtlesim/msg/detail
[32.695s] -- Installing: /home/azmi/eyrc_hb/hb_task1a_ws/install/turtlesim/include/turtlesim/turtlesim/msg/detail/color__type_support.cpp
[32.695s] -- Installing: /home/azmi/eyrc_hb/hb_task1a_ws/install/turtlesim/include/turtlesim/turtlesim/msg/detail/color__rosidl_typesupport_introspection_cpp.hpp
[32.696s] -- Installing: /home/azmi/eyrc_hb/hb_task1a_ws/install/turtlesim/include/turtlesim/turtlesim/msg/detail/pose__rosidl_typesupport_introspection_cpp.hpp
[32.696s] -- Installing: /home/azmi/eyrc_hb/hb_task1a_ws/install/turtlesim/include/turtlesim/turtlesim/msg/detail/pose__type_support.cpp
[32.696s] -- Up-to-date: /home/azmi/eyrc_hb/hb_task1a_ws/install/turtlesim/include/turtlesim/turtlesim/srv
[32.697s] -- Up-to-date: /home/azmi/eyrc_hb/hb_task1a_ws/install/turtlesim/include/turtlesim/turtlesim/srv/detail
[32.697s] -- Installing: /home/azmi/eyrc_hb/hb_task1a_ws/install/turtlesim/include/turtlesim/turtlesim/srv/detail/spawn__rosidl_typesupport_introspection_cpp.hpp
[32.698s] -- Installing: /home/azmi/eyrc_hb/hb_task1a_ws/install/turtlesim/include/turtlesim/turtlesim/srv/detail/set_pen__type_support.cpp
[32.698s] -- Installing: /home/azmi/eyrc_hb/hb_task1a_ws/install/turtlesim/include/turtlesim/turtlesim/srv/detail/kill__rosidl_typesupport_introspection_cpp.hpp
[32.698s] -- Installing: /home/azmi/eyrc_hb/hb_task1a_ws/install/turtlesim/include/turtlesim/turtlesim/srv/detail/set_pen__rosidl_typesupport_introspection_cpp.hpp
[32.699s] -- Installing: /home/azmi/eyrc_hb/hb_task1a_ws/install/turtlesim/include/turtlesim/turtlesim/srv/detail/teleport_relative__rosidl_typesupport_introspection_cpp.hpp
[32.699s] -- Installing: /home/azmi/eyrc_hb/hb_task1a_ws/install/turtlesim/include/turtlesim/turtlesim/srv/detail/spawn__type_support.cpp
[32.700s] -- Installing: /home/azmi/eyrc_hb/hb_task1a_ws/install/turtlesim/include/turtlesim/turtlesim/srv/detail/teleport_absolute__type_support.cpp
[32.700s] -- Installing: /home/azmi/eyrc_hb/hb_task1a_ws/install/turtlesim/include/turtlesim/turtlesim/srv/detail/teleport_relative__type_support.cpp
[32.700s] -- Installing: /home/azmi/eyrc_hb/hb_task1a_ws/install/turtlesim/include/turtlesim/turtlesim/srv/detail/kill__type_support.cpp
[32.701s] -- Installing: /home/azmi/eyrc_hb/hb_task1a_ws/install/turtlesim/include/turtlesim/turtlesim/srv/detail/teleport_absolute__rosidl_typesupport_introspection_cpp.hpp
[32.701s] -- Up-to-date: /home/azmi/eyrc_hb/hb_task1a_ws/install/turtlesim/include/turtlesim/turtlesim/action
[32.702s] -- Up-to-date: /home/azmi/eyrc_hb/hb_task1a_ws/install/turtlesim/include/turtlesim/turtlesim/action/detail
[32.702s] -- Installing: /home/azmi/eyrc_hb/hb_task1a_ws/install/turtlesim/include/turtlesim/turtlesim/action/detail/rotate_absolute__rosidl_typesupport_introspection_cpp.hpp
[32.703s] -- Installing: /home/azmi/eyrc_hb/hb_task1a_ws/install/turtlesim/include/turtlesim/turtlesim/action/detail/rotate_absolute__type_support.cpp
[32.703s] -- Installing: /home/azmi/eyrc_hb/hb_task1a_ws/install/turtlesim/lib/libturtlesim__rosidl_typesupport_introspection_cpp.so
[32.705s] -- Set runtime path of "/home/azmi/eyrc_hb/hb_task1a_ws/install/turtlesim/lib/libturtlesim__rosidl_typesupport_introspection_cpp.so" to ""
[32.705s] -- Installing: /home/azmi/eyrc_hb/hb_task1a_ws/install/turtlesim/lib/libturtlesim__rosidl_typesupport_cpp.so
[32.705s] -- Set runtime path of "/home/azmi/eyrc_hb/hb_task1a_ws/install/turtlesim/lib/libturtlesim__rosidl_typesupport_cpp.so" to ""
[32.705s] -- Installing: /home/azmi/eyrc_hb/hb_task1a_ws/install/turtlesim/share/turtlesim/environment/pythonpath.sh
[32.705s] -- Installing: /home/azmi/eyrc_hb/hb_task1a_ws/install/turtlesim/share/turtlesim/environment/pythonpath.dsv
[32.706s] -- Installing: /home/azmi/eyrc_hb/hb_task1a_ws/install/turtlesim/local/lib/python3.10/dist-packages/turtlesim-1.4.2-py3.10.egg-info
[32.707s] -- Installing: /home/azmi/eyrc_hb/hb_task1a_ws/install/turtlesim/local/lib/python3.10/dist-packages/turtlesim-1.4.2-py3.10.egg-info/dependency_links.txt
[32.707s] -- Installing: /home/azmi/eyrc_hb/hb_task1a_ws/install/turtlesim/local/lib/python3.10/dist-packages/turtlesim-1.4.2-py3.10.egg-info/top_level.txt
[32.708s] -- Installing: /home/azmi/eyrc_hb/hb_task1a_ws/install/turtlesim/local/lib/python3.10/dist-packages/turtlesim-1.4.2-py3.10.egg-info/SOURCES.txt
[32.708s] -- Installing: /home/azmi/eyrc_hb/hb_task1a_ws/install/turtlesim/local/lib/python3.10/dist-packages/turtlesim-1.4.2-py3.10.egg-info/PKG-INFO
[32.709s] -- Installing: /home/azmi/eyrc_hb/hb_task1a_ws/install/turtlesim/local/lib/python3.10/dist-packages/turtlesim
[32.709s] -- Installing: /home/azmi/eyrc_hb/hb_task1a_ws/install/turtlesim/local/lib/python3.10/dist-packages/turtlesim/_turtlesim_s.ep.rosidl_typesupport_c.c
[32.709s] -- Installing: /home/azmi/eyrc_hb/hb_task1a_ws/install/turtlesim/local/lib/python3.10/dist-packages/turtlesim/_turtlesim_s.ep.rosidl_typesupport_introspection_c.c
[32.709s] -- Installing: /home/azmi/eyrc_hb/hb_task1a_ws/install/turtlesim/local/lib/python3.10/dist-packages/turtlesim/turtlesim_s__rosidl_typesupport_introspection_c.cpython-310-x86_64-linux-gnu.so
[32.709s] -- Installing: /home/azmi/eyrc_hb/hb_task1a_ws/install/turtlesim/local/lib/python3.10/dist-packages/turtlesim/__init__.py
[32.709s] -- Installing: /home/azmi/eyrc_hb/hb_task1a_ws/install/turtlesim/local/lib/python3.10/dist-packages/turtlesim/turtlesim_s__rosidl_typesupport_fastrtps_c.cpython-310-x86_64-linux-gnu.so
[32.709s] -- Installing: /home/azmi/eyrc_hb/hb_task1a_ws/install/turtlesim/local/lib/python3.10/dist-packages/turtlesim/msg
[32.709s] -- Installing: /home/azmi/eyrc_hb/hb_task1a_ws/install/turtlesim/local/lib/python3.10/dist-packages/turtlesim/msg/_color_s.c
[32.710s] -- Installing: /home/azmi/eyrc_hb/hb_task1a_ws/install/turtlesim/local/lib/python3.10/dist-packages/turtlesim/msg/_color.py
[32.710s] -- Installing: /home/azmi/eyrc_hb/hb_task1a_ws/install/turtlesim/local/lib/python3.10/dist-packages/turtlesim/msg/__init__.py
[32.711s] -- Installing: /home/azmi/eyrc_hb/hb_task1a_ws/install/turtlesim/local/lib/python3.10/dist-packages/turtlesim/msg/_pose.py
[32.711s] -- Installing: /home/azmi/eyrc_hb/hb_task1a_ws/install/turtlesim/local/lib/python3.10/dist-packages/turtlesim/msg/_pose_s.c
[32.711s] -- Installing: /home/azmi/eyrc_hb/hb_task1a_ws/install/turtlesim/local/lib/python3.10/dist-packages/turtlesim/srv
[32.711s] -- Installing: /home/azmi/eyrc_hb/hb_task1a_ws/install/turtlesim/local/lib/python3.10/dist-packages/turtlesim/srv/_teleport_relative_s.c
[32.711s] -- Installing: /home/azmi/eyrc_hb/hb_task1a_ws/install/turtlesim/local/lib/python3.10/dist-packages/turtlesim/srv/_set_pen.py
[32.712s] -- Installing: /home/azmi/eyrc_hb/hb_task1a_ws/install/turtlesim/local/lib/python3.10/dist-packages/turtlesim/srv/_kill.py
[32.712s] -- Installing: /home/azmi/eyrc_hb/hb_task1a_ws/install/turtlesim/local/lib/python3.10/dist-packages/turtlesim/srv/_spawn_s.c
[32.712s] -- Installing: /home/azmi/eyrc_hb/hb_task1a_ws/install/turtlesim/local/lib/python3.10/dist-packages/turtlesim/srv/_kill_s.c
[32.712s] -- Installing: /home/azmi/eyrc_hb/hb_task1a_ws/install/turtlesim/local/lib/python3.10/dist-packages/turtlesim/srv/__init__.py
[32.712s] -- Installing: /home/azmi/eyrc_hb/hb_task1a_ws/install/turtlesim/local/lib/python3.10/dist-packages/turtlesim/srv/_teleport_relative.py
[32.713s] -- Installing: /home/azmi/eyrc_hb/hb_task1a_ws/install/turtlesim/local/lib/python3.10/dist-packages/turtlesim/srv/_teleport_absolute_s.c
[32.713s] -- Installing: /home/azmi/eyrc_hb/hb_task1a_ws/install/turtlesim/local/lib/python3.10/dist-packages/turtlesim/srv/_spawn.py
[32.713s] -- Installing: /home/azmi/eyrc_hb/hb_task1a_ws/install/turtlesim/local/lib/python3.10/dist-packages/turtlesim/srv/_teleport_absolute.py
[32.714s] -- Installing: /home/azmi/eyrc_hb/hb_task1a_ws/install/turtlesim/local/lib/python3.10/dist-packages/turtlesim/srv/_set_pen_s.c
[32.714s] -- Installing: /home/azmi/eyrc_hb/hb_task1a_ws/install/turtlesim/local/lib/python3.10/dist-packages/turtlesim/action
[32.714s] -- Installing: /home/azmi/eyrc_hb/hb_task1a_ws/install/turtlesim/local/lib/python3.10/dist-packages/turtlesim/action/_rotate_absolute.py
[32.715s] -- Installing: /home/azmi/eyrc_hb/hb_task1a_ws/install/turtlesim/local/lib/python3.10/dist-packages/turtlesim/action/__init__.py
[32.715s] -- Installing: /home/azmi/eyrc_hb/hb_task1a_ws/install/turtlesim/local/lib/python3.10/dist-packages/turtlesim/action/_rotate_absolute_s.c
[32.716s] -- Installing: /home/azmi/eyrc_hb/hb_task1a_ws/install/turtlesim/local/lib/python3.10/dist-packages/turtlesim/libturtlesim__rosidl_generator_py.so
[32.716s] -- Installing: /home/azmi/eyrc_hb/hb_task1a_ws/install/turtlesim/local/lib/python3.10/dist-packages/turtlesim/turtlesim_s__rosidl_typesupport_c.cpython-310-x86_64-linux-gnu.so
[32.716s] -- Installing: /home/azmi/eyrc_hb/hb_task1a_ws/install/turtlesim/local/lib/python3.10/dist-packages/turtlesim/_turtlesim_s.ep.rosidl_typesupport_fastrtps_c.c
[32.793s] Listing '/home/azmi/eyrc_hb/hb_task1a_ws/install/turtlesim/local/lib/python3.10/dist-packages/turtlesim'...
[32.793s] Compiling '/home/azmi/eyrc_hb/hb_task1a_ws/install/turtlesim/local/lib/python3.10/dist-packages/turtlesim/__init__.py'...
[32.793s] Listing '/home/azmi/eyrc_hb/hb_task1a_ws/install/turtlesim/local/lib/python3.10/dist-packages/turtlesim/action'...
[32.793s] Compiling '/home/azmi/eyrc_hb/hb_task1a_ws/install/turtlesim/local/lib/python3.10/dist-packages/turtlesim/action/__init__.py'...
[32.793s] Compiling '/home/azmi/eyrc_hb/hb_task1a_ws/install/turtlesim/local/lib/python3.10/dist-packages/turtlesim/action/_rotate_absolute.py'...
[32.793s] Listing '/home/azmi/eyrc_hb/hb_task1a_ws/install/turtlesim/local/lib/python3.10/dist-packages/turtlesim/msg'...
[32.793s] Compiling '/home/azmi/eyrc_hb/hb_task1a_ws/install/turtlesim/local/lib/python3.10/dist-packages/turtlesim/msg/__init__.py'...
[32.793s] Compiling '/home/azmi/eyrc_hb/hb_task1a_ws/install/turtlesim/local/lib/python3.10/dist-packages/turtlesim/msg/_color.py'...
[32.793s] Compiling '/home/azmi/eyrc_hb/hb_task1a_ws/install/turtlesim/local/lib/python3.10/dist-packages/turtlesim/msg/_pose.py'...
[32.793s] Listing '/home/azmi/eyrc_hb/hb_task1a_ws/install/turtlesim/local/lib/python3.10/dist-packages/turtlesim/srv'...
[32.793s] Compiling '/home/azmi/eyrc_hb/hb_task1a_ws/install/turtlesim/local/lib/python3.10/dist-packages/turtlesim/srv/__init__.py'...
[32.793s] Compiling '/home/azmi/eyrc_hb/hb_task1a_ws/install/turtlesim/local/lib/python3.10/dist-packages/turtlesim/srv/_kill.py'...
[32.794s] Compiling '/home/azmi/eyrc_hb/hb_task1a_ws/install/turtlesim/local/lib/python3.10/dist-packages/turtlesim/srv/_set_pen.py'...
[32.794s] Compiling '/home/azmi/eyrc_hb/hb_task1a_ws/install/turtlesim/local/lib/python3.10/dist-packages/turtlesim/srv/_spawn.py'...
[32.794s] Compiling '/home/azmi/eyrc_hb/hb_task1a_ws/install/turtlesim/local/lib/python3.10/dist-packages/turtlesim/srv/_teleport_absolute.py'...
[32.794s] Compiling '/home/azmi/eyrc_hb/hb_task1a_ws/install/turtlesim/local/lib/python3.10/dist-packages/turtlesim/srv/_teleport_relative.py'...
[32.798s] -- Installing: /home/azmi/eyrc_hb/hb_task1a_ws/install/turtlesim/local/lib/python3.10/dist-packages/turtlesim/turtlesim_s__rosidl_typesupport_fastrtps_c.cpython-310-x86_64-linux-gnu.so
[32.798s] -- Set runtime path of "/home/azmi/eyrc_hb/hb_task1a_ws/install/turtlesim/local/lib/python3.10/dist-packages/turtlesim/turtlesim_s__rosidl_typesupport_fastrtps_c.cpython-310-x86_64-linux-gnu.so" to ""
[32.798s] -- Installing: /home/azmi/eyrc_hb/hb_task1a_ws/install/turtlesim/local/lib/python3.10/dist-packages/turtlesim/turtlesim_s__rosidl_typesupport_introspection_c.cpython-310-x86_64-linux-gnu.so
[32.799s] -- Set runtime path of "/home/azmi/eyrc_hb/hb_task1a_ws/install/turtlesim/local/lib/python3.10/dist-packages/turtlesim/turtlesim_s__rosidl_typesupport_introspection_c.cpython-310-x86_64-linux-gnu.so" to ""
[32.799s] -- Installing: /home/azmi/eyrc_hb/hb_task1a_ws/install/turtlesim/local/lib/python3.10/dist-packages/turtlesim/turtlesim_s__rosidl_typesupport_c.cpython-310-x86_64-linux-gnu.so
[32.799s] -- Set runtime path of "/home/azmi/eyrc_hb/hb_task1a_ws/install/turtlesim/local/lib/python3.10/dist-packages/turtlesim/turtlesim_s__rosidl_typesupport_c.cpython-310-x86_64-linux-gnu.so" to ""
[32.799s] -- Installing: /home/azmi/eyrc_hb/hb_task1a_ws/install/turtlesim/lib/libturtlesim__rosidl_generator_py.so
[32.799s] -- Set runtime path of "/home/azmi/eyrc_hb/hb_task1a_ws/install/turtlesim/lib/libturtlesim__rosidl_generator_py.so" to ""
[32.800s] -- Installing: /home/azmi/eyrc_hb/hb_task1a_ws/install/turtlesim/share/turtlesim/action/RotateAbsolute.idl
[32.800s] -- Installing: /home/azmi/eyrc_hb/hb_task1a_ws/install/turtlesim/share/turtlesim/msg/Color.idl
[32.800s] -- Installing: /home/azmi/eyrc_hb/hb_task1a_ws/install/turtlesim/share/turtlesim/msg/Pose.idl
[32.801s] -- Installing: /home/azmi/eyrc_hb/hb_task1a_ws/install/turtlesim/share/turtlesim/srv/Kill.idl
[32.801s] -- Installing: /home/azmi/eyrc_hb/hb_task1a_ws/install/turtlesim/share/turtlesim/srv/SetPen.idl
[32.801s] -- Installing: /home/azmi/eyrc_hb/hb_task1a_ws/install/turtlesim/share/turtlesim/srv/Spawn.idl
[32.802s] -- Installing: /home/azmi/eyrc_hb/hb_task1a_ws/install/turtlesim/share/turtlesim/srv/TeleportAbsolute.idl
[32.802s] -- Installing: /home/azmi/eyrc_hb/hb_task1a_ws/install/turtlesim/share/turtlesim/srv/TeleportRelative.idl
[32.803s] -- Installing: /home/azmi/eyrc_hb/hb_task1a_ws/install/turtlesim/share/turtlesim/action/RotateAbsolute.action
[32.803s] -- Installing: /home/azmi/eyrc_hb/hb_task1a_ws/install/turtlesim/share/turtlesim/msg/Color.msg
[32.803s] -- Installing: /home/azmi/eyrc_hb/hb_task1a_ws/install/turtlesim/share/turtlesim/msg/Pose.msg
[32.803s] -- Installing: /home/azmi/eyrc_hb/hb_task1a_ws/install/turtlesim/share/turtlesim/srv/Kill.srv
[32.803s] -- Installing: /home/azmi/eyrc_hb/hb_task1a_ws/install/turtlesim/share/turtlesim/srv/Kill_Request.msg
[32.804s] -- Installing: /home/azmi/eyrc_hb/hb_task1a_ws/install/turtlesim/share/turtlesim/srv/Kill_Response.msg
[32.804s] -- Installing: /home/azmi/eyrc_hb/hb_task1a_ws/install/turtlesim/share/turtlesim/srv/SetPen.srv
[32.804s] -- Installing: /home/azmi/eyrc_hb/hb_task1a_ws/install/turtlesim/share/turtlesim/srv/SetPen_Request.msg
[32.804s] -- Installing: /home/azmi/eyrc_hb/hb_task1a_ws/install/turtlesim/share/turtlesim/srv/SetPen_Response.msg
[32.804s] -- Installing: /home/azmi/eyrc_hb/hb_task1a_ws/install/turtlesim/share/turtlesim/srv/Spawn.srv
[32.805s] -- Installing: /home/azmi/eyrc_hb/hb_task1a_ws/install/turtlesim/share/turtlesim/srv/Spawn_Request.msg
[32.805s] -- Installing: /home/azmi/eyrc_hb/hb_task1a_ws/install/turtlesim/share/turtlesim/srv/Spawn_Response.msg
[32.805s] -- Installing: /home/azmi/eyrc_hb/hb_task1a_ws/install/turtlesim/share/turtlesim/srv/TeleportAbsolute.srv
[32.805s] -- Installing: /home/azmi/eyrc_hb/hb_task1a_ws/install/turtlesim/share/turtlesim/srv/TeleportAbsolute_Request.msg
[32.805s] -- Installing: /home/azmi/eyrc_hb/hb_task1a_ws/install/turtlesim/share/turtlesim/srv/TeleportAbsolute_Response.msg
[32.805s] -- Installing: /home/azmi/eyrc_hb/hb_task1a_ws/install/turtlesim/share/turtlesim/srv/TeleportRelative.srv
[32.806s] -- Installing: /home/azmi/eyrc_hb/hb_task1a_ws/install/turtlesim/share/turtlesim/srv/TeleportRelative_Request.msg
[32.806s] -- Installing: /home/azmi/eyrc_hb/hb_task1a_ws/install/turtlesim/share/turtlesim/srv/TeleportRelative_Response.msg
[32.806s] -- Installing: /home/azmi/eyrc_hb/hb_task1a_ws/install/turtlesim/lib/turtlesim/turtlesim_node
[32.813s] -- Set runtime path of "/home/azmi/eyrc_hb/hb_task1a_ws/install/turtlesim/lib/turtlesim/turtlesim_node" to ""
[32.813s] -- Installing: /home/azmi/eyrc_hb/hb_task1a_ws/install/turtlesim/lib/turtlesim/turtle_teleop_key
[32.814s] -- Set runtime path of "/home/azmi/eyrc_hb/hb_task1a_ws/install/turtlesim/lib/turtlesim/turtle_teleop_key" to ""
[32.814s] -- Installing: /home/azmi/eyrc_hb/hb_task1a_ws/install/turtlesim/lib/turtlesim/draw_square
[32.818s] -- Set runtime path of "/home/azmi/eyrc_hb/hb_task1a_ws/install/turtlesim/lib/turtlesim/draw_square" to ""
[32.818s] -- Installing: /home/azmi/eyrc_hb/hb_task1a_ws/install/turtlesim/lib/turtlesim/mimic
[32.821s] -- Set runtime path of "/home/azmi/eyrc_hb/hb_task1a_ws/install/turtlesim/lib/turtlesim/mimic" to ""
[32.821s] -- Installing: /home/azmi/eyrc_hb/hb_task1a_ws/install/turtlesim/share/turtlesim/images
[32.822s] -- Installing: /home/azmi/eyrc_hb/hb_task1a_ws/install/turtlesim/share/turtlesim/images/dashing.png
[32.822s] -- Installing: /home/azmi/eyrc_hb/hb_task1a_ws/install/turtlesim/share/turtlesim/images/eyantra.png
[32.822s] -- Installing: /home/azmi/eyrc_hb/hb_task1a_ws/install/turtlesim/share/turtlesim/images/galactic.png
[32.823s] -- Installing: /home/azmi/eyrc_hb/hb_task1a_ws/install/turtlesim/share/turtlesim/images/ardent.png
[32.823s] -- Installing: /home/azmi/eyrc_hb/hb_task1a_ws/install/turtlesim/share/turtlesim/images/crystal.png
[32.824s] -- Installing: /home/azmi/eyrc_hb/hb_task1a_ws/install/turtlesim/share/turtlesim/images/eloquent.png
[32.824s] -- Installing: /home/azmi/eyrc_hb/hb_task1a_ws/install/turtlesim/share/turtlesim/images/rolling.png
[32.824s] -- Installing: /home/azmi/eyrc_hb/hb_task1a_ws/install/turtlesim/share/turtlesim/images/foxy.png
[32.825s] -- Installing: /home/azmi/eyrc_hb/hb_task1a_ws/install/turtlesim/share/turtlesim/images/bouncy.png
[32.825s] -- Installing: /home/azmi/eyrc_hb/hb_task1a_ws/install/turtlesim/share/turtlesim/images/humble.png
[32.825s] -- Installing: /home/azmi/eyrc_hb/hb_task1a_ws/install/turtlesim/share/turtlesim/launch
[32.826s] -- Installing: /home/azmi/eyrc_hb/hb_task1a_ws/install/turtlesim/share/turtlesim/launch/multisim.launch.py
[32.826s] -- Installing: /home/azmi/eyrc_hb/hb_task1a_ws/install/turtlesim/share/ament_index/resource_index/package_run_dependencies/turtlesim
[32.827s] -- Installing: /home/azmi/eyrc_hb/hb_task1a_ws/install/turtlesim/share/ament_index/resource_index/parent_prefix_path/turtlesim
[32.829s] -- Installing: /home/azmi/eyrc_hb/hb_task1a_ws/install/turtlesim/share/turtlesim/environment/ament_prefix_path.sh
[32.830s] -- Installing: /home/azmi/eyrc_hb/hb_task1a_ws/install/turtlesim/share/turtlesim/environment/ament_prefix_path.dsv
[32.830s] -- Installing: /home/azmi/eyrc_hb/hb_task1a_ws/install/turtlesim/share/turtlesim/environment/path.sh
[32.830s] -- Installing: /home/azmi/eyrc_hb/hb_task1a_ws/install/turtlesim/share/turtlesim/environment/path.dsv
[32.831s] -- Installing: /home/azmi/eyrc_hb/hb_task1a_ws/install/turtlesim/share/turtlesim/local_setup.bash
[32.831s] -- Installing: /home/azmi/eyrc_hb/hb_task1a_ws/install/turtlesim/share/turtlesim/local_setup.sh
[32.832s] -- Installing: /home/azmi/eyrc_hb/hb_task1a_ws/install/turtlesim/share/turtlesim/local_setup.zsh
[32.832s] -- Installing: /home/azmi/eyrc_hb/hb_task1a_ws/install/turtlesim/share/turtlesim/local_setup.dsv
[32.833s] -- Installing: /home/azmi/eyrc_hb/hb_task1a_ws/install/turtlesim/share/turtlesim/package.dsv
[32.833s] -- Installing: /home/azmi/eyrc_hb/hb_task1a_ws/install/turtlesim/share/ament_index/resource_index/packages/turtlesim
[32.835s] -- Installing: /home/azmi/eyrc_hb/hb_task1a_ws/install/turtlesim/share/turtlesim/cmake/export_turtlesim__rosidl_generator_cExport.cmake
[32.835s] -- Installing: /home/azmi/eyrc_hb/hb_task1a_ws/install/turtlesim/share/turtlesim/cmake/export_turtlesim__rosidl_generator_cExport-noconfig.cmake
[32.835s] -- Installing: /home/azmi/eyrc_hb/hb_task1a_ws/install/turtlesim/share/turtlesim/cmake/export_turtlesim__rosidl_typesupport_fastrtps_cExport.cmake
[32.836s] -- Installing: /home/azmi/eyrc_hb/hb_task1a_ws/install/turtlesim/share/turtlesim/cmake/export_turtlesim__rosidl_typesupport_fastrtps_cExport-noconfig.cmake
[32.836s] -- Installing: /home/azmi/eyrc_hb/hb_task1a_ws/install/turtlesim/share/turtlesim/cmake/export_turtlesim__rosidl_generator_cppExport.cmake
[32.837s] -- Installing: /home/azmi/eyrc_hb/hb_task1a_ws/install/turtlesim/share/turtlesim/cmake/export_turtlesim__rosidl_typesupport_fastrtps_cppExport.cmake
[32.837s] -- Installing: /home/azmi/eyrc_hb/hb_task1a_ws/install/turtlesim/share/turtlesim/cmake/export_turtlesim__rosidl_typesupport_fastrtps_cppExport-noconfig.cmake
[32.838s] -- Installing: /home/azmi/eyrc_hb/hb_task1a_ws/install/turtlesim/share/turtlesim/cmake/turtlesim__rosidl_typesupport_introspection_cExport.cmake
[32.838s] -- Installing: /home/azmi/eyrc_hb/hb_task1a_ws/install/turtlesim/share/turtlesim/cmake/turtlesim__rosidl_typesupport_introspection_cExport-noconfig.cmake
[32.838s] -- Installing: /home/azmi/eyrc_hb/hb_task1a_ws/install/turtlesim/share/turtlesim/cmake/turtlesim__rosidl_typesupport_cExport.cmake
[32.839s] -- Installing: /home/azmi/eyrc_hb/hb_task1a_ws/install/turtlesim/share/turtlesim/cmake/turtlesim__rosidl_typesupport_cExport-noconfig.cmake
[32.839s] -- Installing: /home/azmi/eyrc_hb/hb_task1a_ws/install/turtlesim/share/turtlesim/cmake/turtlesim__rosidl_typesupport_introspection_cppExport.cmake
[32.841s] -- Installing: /home/azmi/eyrc_hb/hb_task1a_ws/install/turtlesim/share/turtlesim/cmake/turtlesim__rosidl_typesupport_introspection_cppExport-noconfig.cmake
[32.841s] -- Installing: /home/azmi/eyrc_hb/hb_task1a_ws/install/turtlesim/share/turtlesim/cmake/turtlesim__rosidl_typesupport_cppExport.cmake
[32.841s] -- Installing: /home/azmi/eyrc_hb/hb_task1a_ws/install/turtlesim/share/turtlesim/cmake/turtlesim__rosidl_typesupport_cppExport-noconfig.cmake
[32.842s] -- Installing: /home/azmi/eyrc_hb/hb_task1a_ws/install/turtlesim/share/turtlesim/cmake/export_turtlesim__rosidl_generator_pyExport.cmake
[32.842s] -- Installing: /home/azmi/eyrc_hb/hb_task1a_ws/install/turtlesim/share/turtlesim/cmake/export_turtlesim__rosidl_generator_pyExport-noconfig.cmake
[32.843s] -- Installing: /home/azmi/eyrc_hb/hb_task1a_ws/install/turtlesim/share/turtlesim/cmake/rosidl_cmake-extras.cmake
[32.843s] -- Installing: /home/azmi/eyrc_hb/hb_task1a_ws/install/turtlesim/share/turtlesim/cmake/ament_cmake_export_dependencies-extras.cmake
[32.844s] -- Installing: /home/azmi/eyrc_hb/hb_task1a_ws/install/turtlesim/share/turtlesim/cmake/ament_cmake_export_include_directories-extras.cmake
[32.845s] -- Installing: /home/azmi/eyrc_hb/hb_task1a_ws/install/turtlesim/share/turtlesim/cmake/ament_cmake_export_libraries-extras.cmake
[32.846s] -- Installing: /home/azmi/eyrc_hb/hb_task1a_ws/install/turtlesim/share/turtlesim/cmake/ament_cmake_export_targets-extras.cmake
[32.846s] -- Installing: /home/azmi/eyrc_hb/hb_task1a_ws/install/turtlesim/share/turtlesim/cmake/rosidl_cmake_export_typesupport_targets-extras.cmake
[32.846s] -- Installing: /home/azmi/eyrc_hb/hb_task1a_ws/install/turtlesim/share/turtlesim/cmake/rosidl_cmake_export_typesupport_libraries-extras.cmake
[32.847s] -- Installing: /home/azmi/eyrc_hb/hb_task1a_ws/install/turtlesim/share/turtlesim/cmake/turtlesimConfig.cmake
[32.847s] -- Installing: /home/azmi/eyrc_hb/hb_task1a_ws/install/turtlesim/share/turtlesim/cmake/turtlesimConfig-version.cmake
[32.848s] -- Installing: /home/azmi/eyrc_hb/hb_task1a_ws/install/turtlesim/share/turtlesim/package.xml
[32.851s] Invoked command in '/home/azmi/eyrc_hb/hb_task1a_ws/build/turtlesim' returned '0': CMAKE_PREFIX_PATH=/opt/ros/humble /usr/bin/cmake --install /home/azmi/eyrc_hb/hb_task1a_ws/build/turtlesim
