[0.989s] Invoking command in '/home/azmi/eyrc_hb/hb_task1b_ws/src/hb_task_1b': PYTHONPATH=/home/azmi/eyrc_hb/hb_task1b_ws/build/hb_task_1b/prefix_override:/home/azmi/eyrc_hb/hb_task1b_ws/install/hb_task_1b/lib/python3.10/site-packages:${PYTHONPATH} /usr/bin/python3 setup.py egg_info --egg-base ../../build/hb_task_1b build --build-base /home/azmi/eyrc_hb/hb_task1b_ws/build/hb_task_1b/build install --record /home/azmi/eyrc_hb/hb_task1b_ws/build/hb_task_1b/install.log --single-version-externally-managed
[1.341s] running egg_info
[1.341s] writing ../../build/hb_task_1b/hb_task_1b.egg-info/PKG-INFO
[1.341s] writing dependency_links to ../../build/hb_task_1b/hb_task_1b.egg-info/dependency_links.txt
[1.341s] writing entry points to ../../build/hb_task_1b/hb_task_1b.egg-info/entry_points.txt
[1.342s] writing requirements to ../../build/hb_task_1b/hb_task_1b.egg-info/requires.txt
[1.342s] writing top-level names to ../../build/hb_task_1b/hb_task_1b.egg-info/top_level.txt
[1.343s] reading manifest file '../../build/hb_task_1b/hb_task_1b.egg-info/SOURCES.txt'
[1.344s] writing manifest file '../../build/hb_task_1b/hb_task_1b.egg-info/SOURCES.txt'
[1.345s] running build
[1.345s] running build_py
[1.346s] running build_scripts
[1.346s] copying scripts/controller.py -> /home/azmi/eyrc_hb/hb_task1b_ws/build/hb_task_1b/build/scripts-3.10
[1.347s] changing mode of /home/azmi/eyrc_hb/hb_task1b_ws/build/hb_task_1b/build/scripts-3.10/controller.py from 664 to 775
[1.347s] running install
[1.347s] running install_lib
[1.348s] running install_data
[1.348s] copying scripts/controller.py -> /home/azmi/eyrc_hb/hb_task1b_ws/install/hb_task_1b/share/hb_task_1b/scripts
[1.349s] running install_egg_info
[1.350s] removing '/home/azmi/eyrc_hb/hb_task1b_ws/install/hb_task_1b/lib/python3.10/site-packages/hb_task_1b-0.0.0-py3.10.egg-info' (and everything under it)
[1.351s] Copying ../../build/hb_task_1b/hb_task_1b.egg-info to /home/azmi/eyrc_hb/hb_task1b_ws/install/hb_task_1b/lib/python3.10/site-packages/hb_task_1b-0.0.0-py3.10.egg-info
[1.352s] running install_scripts
[1.375s] copying /home/azmi/eyrc_hb/hb_task1b_ws/build/hb_task_1b/build/scripts-3.10/controller.py -> /home/azmi/eyrc_hb/hb_task1b_ws/install/hb_task_1b/lib/hb_task_1b
[1.375s] changing mode of /home/azmi/eyrc_hb/hb_task1b_ws/install/hb_task_1b/lib/hb_task_1b/controller.py to 775
[1.375s] changing mode of /home/azmi/eyrc_hb/hb_task1b_ws/install/hb_task_1b/lib/hb_task_1b/service_node.py to 775
[1.376s] writing list of installed files to '/home/azmi/eyrc_hb/hb_task1b_ws/build/hb_task_1b/install.log'
[1.407s] Invoked command in '/home/azmi/eyrc_hb/hb_task1b_ws/src/hb_task_1b' returned '0': PYTHONPATH=/home/azmi/eyrc_hb/hb_task1b_ws/build/hb_task_1b/prefix_override:/home/azmi/eyrc_hb/hb_task1b_ws/install/hb_task_1b/lib/python3.10/site-packages:${PYTHONPATH} /usr/bin/python3 setup.py egg_info --egg-base ../../build/hb_task_1b build --build-base /home/azmi/eyrc_hb/hb_task1b_ws/build/hb_task_1b/build install --record /home/azmi/eyrc_hb/hb_task1b_ws/build/hb_task_1b/install.log --single-version-externally-managed
